Using pre-set license
Built from '6000.0/staging' branch; Version is '6000.0.47f1 (2ad1ed33fd3b) revision 2806253'; Using compiler version '193933523'; Build Type 'Release'
OS: 'Windows 11  (10.0.26100) 64bit Professional' Language: 'en' Physical Memory: 65162 MB
BatchMode: 1, IsHumanControllingUs: 0, StartBugReporterOnCrash: 0, Is64bit: 1, IsPro: 1

COMMAND LINE ARGUMENTS:
D:\Program Files(x86)\6000.0.47f1\Editor\Unity.exe
-adb2
-batchMode
-noUpm
-name
AssetImportWorker6
-projectPath
D:/Proyectos/Unity/TechProofRPG-Juan/TechProofRPG-Juan
-logFile
Logs/AssetImportWorker6.log
-srvPort
57478
-job-worker-count
7
-background-job-worker-count
8
-gc-helper-count
1
Successfully changed project path to: D:/Proyectos/Unity/TechProofRPG-Juan/TechProofRPG-Juan
D:/Proyectos/Unity/TechProofRPG-Juan/TechProofRPG-Juan
[UnityMemory] Configuration Parameters - Can be set up in boot.config
    "memorysetup-bucket-allocator-granularity=16"
    "memorysetup-bucket-allocator-bucket-count=8"
    "memorysetup-bucket-allocator-block-size=33554432"
    "memorysetup-bucket-allocator-block-count=8"
    "memorysetup-main-allocator-block-size=16777216"
    "memorysetup-thread-allocator-block-size=16777216"
    "memorysetup-gfx-main-allocator-block-size=16777216"
    "memorysetup-gfx-thread-allocator-block-size=16777216"
    "memorysetup-cache-allocator-block-size=4194304"
    "memorysetup-typetree-allocator-block-size=2097152"
    "memorysetup-profiler-bucket-allocator-granularity=16"
    "memorysetup-profiler-bucket-allocator-bucket-count=8"
    "memorysetup-profiler-bucket-allocator-block-size=33554432"
    "memorysetup-profiler-bucket-allocator-block-count=8"
    "memorysetup-profiler-allocator-block-size=16777216"
    "memorysetup-profiler-editor-allocator-block-size=1048576"
    "memorysetup-temp-allocator-size-main=16777216"
    "memorysetup-job-temp-allocator-block-size=2097152"
    "memorysetup-job-temp-allocator-block-size-background=1048576"
    "memorysetup-job-temp-allocator-reduction-small-platforms=262144"
    "memorysetup-allocator-temp-initial-block-size-main=262144"
    "memorysetup-allocator-temp-initial-block-size-worker=262144"
    "memorysetup-temp-allocator-size-background-worker=32768"
    "memorysetup-temp-allocator-size-job-worker=262144"
    "memorysetup-temp-allocator-size-preload-manager=33554432"
    "memorysetup-temp-allocator-size-nav-mesh-worker=65536"
    "memorysetup-temp-allocator-size-audio-worker=65536"
    "memorysetup-temp-allocator-size-cloud-worker=32768"
    "memorysetup-temp-allocator-size-gi-baking-worker=262144"
    "memorysetup-temp-allocator-size-gi-baking-worker=262144"
    "memorysetup-temp-allocator-size-gi-baking-worker=262144"
    "memorysetup-temp-allocator-size-gi-baking-worker=262144"
    "memorysetup-temp-allocator-size-gi-baking-worker=262144"
    "memorysetup-temp-allocator-size-gfx=262144"
Player connection [35664]  Target information:

Player connection [35664]  * "[IP] 192.168.100.158 [Port] 0 [Flags] 2 [Guid] 761641600 [EditorId] 761641600 [Version] 1048832 [Id] WindowsEditor(7,Matias) [Debug] 1 [PackageName] WindowsEditor [ProjectName] Editor" 

Player connection [35664]  * "[IP] 192.168.100.156 [Port] 0 [Flags] 2 [Guid] 761641600 [EditorId] 761641600 [Version] 1048832 [Id] WindowsEditor(7,Matias) [Debug] 1 [PackageName] WindowsEditor [ProjectName] Editor" 

Player connection [35664] Host joined multi-casting on [225.0.0.222:54997]...
Player connection [35664] Host joined alternative multi-casting on [225.0.0.222:34997]...
JobSystem: Creating JobQueue using job-worker-count value 7
Input System module state changed to: Initialized.
[Physics::Module] Initialized fallback backend.
[Physics::Module] Id: 0xdecafbad
Library Redirect Path: Library/
[Physics::Module] Selected backend.
[Physics::Module] Name: PhysX
[Physics::Module] Id: 0xf2b8ea05
[Physics::Module] SDK Version: 4.1.2
[Physics::Module] Integration Version: 1.0.0
[Physics::Module] Threading Mode: Multi-Threaded
Refreshing native plugins compatible for Editor in 2.02 ms, found 4 plugins.
Preloading 0 native plugins for Editor in 0.00 ms.
Initialize engine version: 6000.0.47f1 (2ad1ed33fd3b)
[Subsystems] Discovering subsystems at path D:/Program Files(x86)/6000.0.47f1/Editor/Data/Resources/UnitySubsystems
[Subsystems] Discovering subsystems at path D:/Proyectos/Unity/TechProofRPG-Juan/TechProofRPG-Juan/Assets
GfxDevice: creating device client; kGfxThreadingModeNonThreaded
Direct3D:
    Version:  Direct3D 11.0 [level 11.1]
    Renderer: NVIDIA GeForce RTX 4070 Laptop GPU (ID=0x2860)
    Vendor:   NVIDIA
    VRAM:     7948 MB
    Driver:   32.0.15.8129
Initialize mono
Mono path[0] = 'D:/Program Files(x86)/6000.0.47f1/Editor/Data/Managed'
Mono path[1] = 'D:/Program Files(x86)/6000.0.47f1/Editor/Data/MonoBleedingEdge/lib/mono/unityjit-win32'
Mono config path = 'D:/Program Files(x86)/6000.0.47f1/Editor/Data/MonoBleedingEdge/etc'
Using monoOptions --debugger-agent=transport=dt_socket,embedding=1,server=y,suspend=n,address=127.0.0.1:56892
Begin MonoManager ReloadAssembly
Registering precompiled unity dll's ...
Register platform support module: D:/Program Files(x86)/6000.0.47f1/Editor/Data/PlaybackEngines/WindowsStandaloneSupport/UnityEditor.WindowsStandalone.Extensions.dll
Registered in 0.002015 seconds.
- Loaded All Assemblies, in  0.336 seconds
Native extension for WindowsStandalone target not found
Mono: successfully reloaded assembly
- Finished resetting the current domain, in  0.286 seconds
Domain Reload Profiling: 622ms
	BeginReloadAssembly (129ms)
		ExecutionOrderSort (0ms)
		DisableScriptedObjects (0ms)
		BackupInstance (0ms)
		ReleaseScriptingObjects (0ms)
		CreateAndSetChildDomain (1ms)
	RebuildCommonClasses (31ms)
	RebuildNativeTypeToScriptingClass (9ms)
	initialDomainReloadingComplete (36ms)
	LoadAllAssembliesAndSetupDomain (130ms)
		LoadAssemblies (128ms)
		RebuildTransferFunctionScriptingTraits (0ms)
		AnalyzeDomain (127ms)
			TypeCache.Refresh (126ms)
				TypeCache.ScanAssembly (116ms)
			BuildScriptInfoCaches (0ms)
			ResolveRequiredComponents (0ms)
	FinalizeReload (287ms)
		ReleaseScriptCaches (0ms)
		RebuildScriptCaches (0ms)
		SetupLoadedEditorAssemblies (248ms)
			LogAssemblyErrors (0ms)
			InitializePlatformSupportModulesInManaged (19ms)
			SetLoadedEditorAssemblies (5ms)
			BeforeProcessingInitializeOnLoad (45ms)
			ProcessInitializeOnLoadAttributes (136ms)
			ProcessInitializeOnLoadMethodAttributes (43ms)
			AfterProcessingInitializeOnLoad (0ms)
			EditorAssembliesLoaded (0ms)
		ExecutionOrderSort2 (0ms)
		AwakeInstancesAfterBackupRestoration (0ms)
========================================================================
Worker process is ready to serve import requests
Import Worker Mode flag is 0x00
Begin MonoManager ReloadAssembly
- Loaded All Assemblies, in  0.657 seconds
Refreshing native plugins compatible for Editor in 1.69 ms, found 4 plugins.
Native extension for WindowsStandalone target not found
Mono: successfully reloaded assembly
- Finished resetting the current domain, in  0.825 seconds
Domain Reload Profiling: 1481ms
	BeginReloadAssembly (161ms)
		ExecutionOrderSort (0ms)
		DisableScriptedObjects (5ms)
		BackupInstance (0ms)
		ReleaseScriptingObjects (0ms)
		CreateAndSetChildDomain (26ms)
	RebuildCommonClasses (28ms)
	RebuildNativeTypeToScriptingClass (8ms)
	initialDomainReloadingComplete (27ms)
	LoadAllAssembliesAndSetupDomain (432ms)
		LoadAssemblies (321ms)
		RebuildTransferFunctionScriptingTraits (0ms)
		AnalyzeDomain (212ms)
			TypeCache.Refresh (149ms)
				TypeCache.ScanAssembly (138ms)
			BuildScriptInfoCaches (51ms)
			ResolveRequiredComponents (9ms)
	FinalizeReload (825ms)
		ReleaseScriptCaches (0ms)
		RebuildScriptCaches (0ms)
		SetupLoadedEditorAssemblies (713ms)
			LogAssemblyErrors (0ms)
			InitializePlatformSupportModulesInManaged (2ms)
			SetLoadedEditorAssemblies (5ms)
			BeforeProcessingInitializeOnLoad (157ms)
			ProcessInitializeOnLoadAttributes (457ms)
			ProcessInitializeOnLoadMethodAttributes (91ms)
			AfterProcessingInitializeOnLoad (1ms)
			EditorAssembliesLoaded (0ms)
		ExecutionOrderSort2 (0ms)
		AwakeInstancesAfterBackupRestoration (4ms)
Launched and connected shader compiler UnityShaderCompiler.exe after 0.01 seconds
Refreshing native plugins compatible for Editor in 1.21 ms, found 4 plugins.
Preloading 0 native plugins for Editor in 0.00 ms.
Unloading 220 Unused Serialized files (Serialized files now loaded: 0)
Unloading 6706 unused Assets / (3.7 MB). Loaded Objects now: 7419.
Memory consumption went from 185.2 MB to 181.5 MB.
Total: 5.889800 ms (FindLiveObjects: 0.400400 ms CreateObjectMapping: 0.310500 ms MarkObjects: 3.758800 ms  DeleteObjects: 1.418100 ms)

========================================================================
Received Import Request.
  Time since last request: 224054.863329 seconds.
  path: Assets/Assets/Prefabs/En combate/GSS_Foliage_Forest_small_grass_08.prefab
  artifactKey: Guid(8c1dc9e09c72b1c408990d852d2fc132) Importer(815301076,1909f56bfc062723c751e8b465ee728b)
Start importing Assets/Assets/Prefabs/En combate/GSS_Foliage_Forest_small_grass_08.prefab using Guid(8c1dc9e09c72b1c408990d852d2fc132) Importer(815301076,1909f56bfc062723c751e8b465ee728b) (PreviewImporter) -> (artifact id: '734100209a6dd11156ebbf50bd25097f') in 0.472869 seconds
Number of updated asset objects reloaded before import = 0Number of asset objects unloaded after import = 7

========================================================================
Received Import Request.
  Time since last request: 0.000029 seconds.
  path: Assets/Assets/Prefabs/En combate/ISO_Fence_01_C4.prefab
  artifactKey: Guid(9b5379292d79ce2409836133840df7d2) Importer(815301076,1909f56bfc062723c751e8b465ee728b)
Start importing Assets/Assets/Prefabs/En combate/ISO_Fence_01_C4.prefab using Guid(9b5379292d79ce2409836133840df7d2) Importer(815301076,1909f56bfc062723c751e8b465ee728b) (PreviewImporter) -> (artifact id: '3892f13714dd75d4d03735daa42e1ecd') in 0.0253989 seconds
Number of updated asset objects reloaded before import = 0Number of asset objects unloaded after import = 7

========================================================================
Received Import Request.
  Time since last request: 0.000027 seconds.
  path: Assets/Assets/Prefabs/En combate/GSS_Foliage_stone (3).prefab
  artifactKey: Guid(4a241ad4bd5e4e04fb6fcdfe7b96c444) Importer(815301076,1909f56bfc062723c751e8b465ee728b)
Start importing Assets/Assets/Prefabs/En combate/GSS_Foliage_stone (3).prefab using Guid(4a241ad4bd5e4e04fb6fcdfe7b96c444) Importer(815301076,1909f56bfc062723c751e8b465ee728b) (PreviewImporter) -> (artifact id: '4d0f7e7f188fcde5052ccd04b294d311') in 0.0261564 seconds
Number of updated asset objects reloaded before import = 0Number of asset objects unloaded after import = 7

========================================================================
Received Import Request.
  Time since last request: 0.000042 seconds.
  path: Assets/Assets/Prefabs/En combate/GSS_Foliage_stone (1).prefab
  artifactKey: Guid(997162d997a87dd41ae9aafeb46f05da) Importer(815301076,1909f56bfc062723c751e8b465ee728b)
Start importing Assets/Assets/Prefabs/En combate/GSS_Foliage_stone (1).prefab using Guid(997162d997a87dd41ae9aafeb46f05da) Importer(815301076,1909f56bfc062723c751e8b465ee728b) (PreviewImporter) -> (artifact id: '016b82b014491581328998b799e63ea0') in 0.0203043 seconds
Number of updated asset objects reloaded before import = 0Number of asset objects unloaded after import = 7

========================================================================
Received Import Request.
  Time since last request: 0.000014 seconds.
  path: Assets/Assets/Prefabs/En combate/ISO_Fence_01_S1-NW.prefab
  artifactKey: Guid(712b1eb4f5de57d4b82dd6186cd3c109) Importer(815301076,1909f56bfc062723c751e8b465ee728b)
Start importing Assets/Assets/Prefabs/En combate/ISO_Fence_01_S1-NW.prefab using Guid(712b1eb4f5de57d4b82dd6186cd3c109) Importer(815301076,1909f56bfc062723c751e8b465ee728b) (PreviewImporter) -> (artifact id: '2ee6cf103c66d1bd6cacc6f4a8ccb784') in 0.0255545 seconds
Number of updated asset objects reloaded before import = 0Number of asset objects unloaded after import = 7

========================================================================
Received Import Request.
  Time since last request: 0.000017 seconds.
  path: Assets/Assets/Prefabs/En combate/ISO_Fence_01_S1L-NE.prefab
  artifactKey: Guid(9512949cb9683d04eab0c9d02ee54c43) Importer(815301076,1909f56bfc062723c751e8b465ee728b)
Start importing Assets/Assets/Prefabs/En combate/ISO_Fence_01_S1L-NE.prefab using Guid(9512949cb9683d04eab0c9d02ee54c43) Importer(815301076,1909f56bfc062723c751e8b465ee728b) (PreviewImporter) -> (artifact id: '9b02e33f3645e72a9dc0270b4f7f1b9a') in 0.0238303 seconds
Number of updated asset objects reloaded before import = 0Number of asset objects unloaded after import = 7

========================================================================
Received Import Request.
  Time since last request: 0.000015 seconds.
  path: Assets/Assets/Prefabs/En combate/GSS_Foliage_Forest_small_tree_log_01.prefab
  artifactKey: Guid(69b94262a38726c4183eff3f922dca97) Importer(815301076,1909f56bfc062723c751e8b465ee728b)
Start importing Assets/Assets/Prefabs/En combate/GSS_Foliage_Forest_small_tree_log_01.prefab using Guid(69b94262a38726c4183eff3f922dca97) Importer(815301076,1909f56bfc062723c751e8b465ee728b) (PreviewImporter) -> (artifact id: '6c19bd842bd56792ccce9b97862ca388') in 0.0332142 seconds
Number of updated asset objects reloaded before import = 0Number of asset objects unloaded after import = 7

========================================================================
Received Import Request.
  Time since last request: 0.000020 seconds.
  path: Assets/Assets/Prefabs/En combate/GSS_Foliage_reed (4).prefab
  artifactKey: Guid(3457e3a848555fa40ab8fa6694f21cae) Importer(815301076,1909f56bfc062723c751e8b465ee728b)
Start importing Assets/Assets/Prefabs/En combate/GSS_Foliage_reed (4).prefab using Guid(3457e3a848555fa40ab8fa6694f21cae) Importer(815301076,1909f56bfc062723c751e8b465ee728b) (PreviewImporter) -> (artifact id: '608aa2adabdff1453ec0a9368350603c') in 0.0244256 seconds
Number of updated asset objects reloaded before import = 0Number of asset objects unloaded after import = 7

========================================================================
Received Import Request.
  Time since last request: 21.709862 seconds.
  path: Assets/Assets/Prefabs/Decoraciones Escenario/GSS_Foliage_Desert_small_Flower_03.prefab
  artifactKey: Guid(fe6d7e08ea459c248bc0b3f8577ca725) Importer(815301076,1909f56bfc062723c751e8b465ee728b)
Start importing Assets/Assets/Prefabs/Decoraciones Escenario/GSS_Foliage_Desert_small_Flower_03.prefab using Guid(fe6d7e08ea459c248bc0b3f8577ca725) Importer(815301076,1909f56bfc062723c751e8b465ee728b) (PreviewImporter) -> (artifact id: 'fe29315599cec6c6313ab6eb70bc6c14') in 0.0333923 seconds
Number of updated asset objects reloaded before import = 0Number of asset objects unloaded after import = 7

========================================================================
Received Import Request.
  Time since last request: 0.000031 seconds.
  path: Assets/Assets/Prefabs/Decoraciones Escenario/GSS_Foliage_stone (1).prefab
  artifactKey: Guid(d0e23fefe089c0346a375a0b4ac583b5) Importer(815301076,1909f56bfc062723c751e8b465ee728b)
Start importing Assets/Assets/Prefabs/Decoraciones Escenario/GSS_Foliage_stone (1).prefab using Guid(d0e23fefe089c0346a375a0b4ac583b5) Importer(815301076,1909f56bfc062723c751e8b465ee728b) (PreviewImporter) -> (artifact id: '5ead89d445384d420bf533dc56ce9a59') in 0.022684 seconds
Number of updated asset objects reloaded before import = 0Number of asset objects unloaded after import = 7

========================================================================
Received Import Request.
  Time since last request: 0.000027 seconds.
  path: Assets/Assets/Prefabs/Decoraciones Escenario/GSS_Foliage_Forest_small_grass_08.prefab
  artifactKey: Guid(f987dae681fbefb4083e6fd9d84a2c70) Importer(815301076,1909f56bfc062723c751e8b465ee728b)
Start importing Assets/Assets/Prefabs/Decoraciones Escenario/GSS_Foliage_Forest_small_grass_08.prefab using Guid(f987dae681fbefb4083e6fd9d84a2c70) Importer(815301076,1909f56bfc062723c751e8b465ee728b) (PreviewImporter) -> (artifact id: 'c8828fb6d18268a0ddfb95e705c6e746') in 0.0232791 seconds
Number of updated asset objects reloaded before import = 0Number of asset objects unloaded after import = 7

========================================================================
Received Import Request.
  Time since last request: 0.000019 seconds.
  path: Assets/Assets/Prefabs/Decoraciones Escenario/GSS_Foliage_reed (4).prefab
  artifactKey: Guid(b04c4356409261c419e6553bd667cb07) Importer(815301076,1909f56bfc062723c751e8b465ee728b)
Start importing Assets/Assets/Prefabs/Decoraciones Escenario/GSS_Foliage_reed (4).prefab using Guid(b04c4356409261c419e6553bd667cb07) Importer(815301076,1909f56bfc062723c751e8b465ee728b) (PreviewImporter) -> (artifact id: '0de32b5e2e30b78c8a9759e0187158b5') in 0.0208825 seconds
Number of updated asset objects reloaded before import = 0Number of asset objects unloaded after import = 7

========================================================================
Received Import Request.
  Time since last request: 0.000018 seconds.
  path: Assets/Assets/Prefabs/Decoraciones Escenario/GSS_Foliage_Forest_big_stone_01.prefab
  artifactKey: Guid(e8b162dc4c834d24c8191c6b3c5162a7) Importer(815301076,1909f56bfc062723c751e8b465ee728b)
Start importing Assets/Assets/Prefabs/Decoraciones Escenario/GSS_Foliage_Forest_big_stone_01.prefab using Guid(e8b162dc4c834d24c8191c6b3c5162a7) Importer(815301076,1909f56bfc062723c751e8b465ee728b) (PreviewImporter) -> (artifact id: 'c3c33a1fcbd4c0bfda50ea9d35021f41') in 0.0212242 seconds
Number of updated asset objects reloaded before import = 0Number of asset objects unloaded after import = 7

========================================================================
Received Import Request.
  Time since last request: 0.000022 seconds.
  path: Assets/Assets/Prefabs/Decoraciones Escenario/GSS_Foliage_Forest_big_tree_needle_03.prefab
  artifactKey: Guid(aba4a5464aeffd04f851c55a75be8dbd) Importer(815301076,1909f56bfc062723c751e8b465ee728b)
Start importing Assets/Assets/Prefabs/Decoraciones Escenario/GSS_Foliage_Forest_big_tree_needle_03.prefab using Guid(aba4a5464aeffd04f851c55a75be8dbd) Importer(815301076,1909f56bfc062723c751e8b465ee728b) (PreviewImporter) -> (artifact id: 'e8d71e58baecf9e05aaac9080e454ff3') in 0.0328519 seconds
Number of updated asset objects reloaded before import = 0Number of asset objects unloaded after import = 7

========================================================================
Received Import Request.
  Time since last request: 0.000016 seconds.
  path: Assets/Assets/Prefabs/Decoraciones Escenario/GSS_Foliage_Forest_big_tree_needle_04.prefab
  artifactKey: Guid(9c80b57dfea573e4583c0bf2e4f1e06a) Importer(815301076,1909f56bfc062723c751e8b465ee728b)
Start importing Assets/Assets/Prefabs/Decoraciones Escenario/GSS_Foliage_Forest_big_tree_needle_04.prefab using Guid(9c80b57dfea573e4583c0bf2e4f1e06a) Importer(815301076,1909f56bfc062723c751e8b465ee728b) (PreviewImporter) -> (artifact id: 'ca8753076bbb0b5ffc5eb24536907011') in 0.0384783 seconds
Number of updated asset objects reloaded before import = 0Number of asset objects unloaded after import = 7

========================================================================
Received Import Request.
  Time since last request: 0.000021 seconds.
  path: Assets/Assets/Prefabs/Decoraciones Escenario/GSS_Foliage_Forest_small_tree_log_03.prefab
  artifactKey: Guid(9b1d340701207184ca32b5931262211b) Importer(815301076,1909f56bfc062723c751e8b465ee728b)
Start importing Assets/Assets/Prefabs/Decoraciones Escenario/GSS_Foliage_Forest_small_tree_log_03.prefab using Guid(9b1d340701207184ca32b5931262211b) Importer(815301076,1909f56bfc062723c751e8b465ee728b) (PreviewImporter) -> (artifact id: 'b7b40b06423c6987cf2d9e38deb50b38') in 0.0251045 seconds
Number of updated asset objects reloaded before import = 0Number of asset objects unloaded after import = 7

========================================================================
Received Import Request.
  Time since last request: 0.000062 seconds.
  path: Assets/Assets/Prefabs/Decoraciones Escenario/GSS_Foliage_Forest_small_mushroom_04.prefab
  artifactKey: Guid(33b10af39c91a2e48970caa6d8c44c8a) Importer(815301076,1909f56bfc062723c751e8b465ee728b)
Start importing Assets/Assets/Prefabs/Decoraciones Escenario/GSS_Foliage_Forest_small_mushroom_04.prefab using Guid(33b10af39c91a2e48970caa6d8c44c8a) Importer(815301076,1909f56bfc062723c751e8b465ee728b) (PreviewImporter) -> (artifact id: 'bf4de65a72537f04eb9c1fc59da82631') in 0.0258005 seconds
Number of updated asset objects reloaded before import = 0Number of asset objects unloaded after import = 7

========================================================================
Received Import Request.
  Time since last request: 0.000020 seconds.
  path: Assets/Assets/Prefabs/Decoraciones Escenario/GSS_Foliage_reed (6).prefab
  artifactKey: Guid(e12afbc6b5111604a9f85529359ce798) Importer(815301076,1909f56bfc062723c751e8b465ee728b)
Start importing Assets/Assets/Prefabs/Decoraciones Escenario/GSS_Foliage_reed (6).prefab using Guid(e12afbc6b5111604a9f85529359ce798) Importer(815301076,1909f56bfc062723c751e8b465ee728b) (PreviewImporter) -> (artifact id: 'e796a8c51ef53943a3ee31fae632a101') in 0.0249327 seconds
Number of updated asset objects reloaded before import = 0Number of asset objects unloaded after import = 7

========================================================================
Received Import Request.
  Time since last request: 0.000021 seconds.
  path: Assets/Assets/Prefabs/Decoraciones Escenario/GSS_Foliage_Forest_small_grass_02.prefab
  artifactKey: Guid(7d9f5a7a119a2ee41ba24515a9edd300) Importer(815301076,1909f56bfc062723c751e8b465ee728b)
Start importing Assets/Assets/Prefabs/Decoraciones Escenario/GSS_Foliage_Forest_small_grass_02.prefab using Guid(7d9f5a7a119a2ee41ba24515a9edd300) Importer(815301076,1909f56bfc062723c751e8b465ee728b) (PreviewImporter) -> (artifact id: '25d47096822357fe0f564d96c043f197') in 0.0234012 seconds
Number of updated asset objects reloaded before import = 0Number of asset objects unloaded after import = 7

========================================================================
Received Import Request.
  Time since last request: 0.000016 seconds.
  path: Assets/Assets/Prefabs/Decoraciones Escenario/GSS_Foliage_Forest_small_mushroom_02.prefab
  artifactKey: Guid(0a0d32ae470c22840bca990d25d156ee) Importer(815301076,1909f56bfc062723c751e8b465ee728b)
Start importing Assets/Assets/Prefabs/Decoraciones Escenario/GSS_Foliage_Forest_small_mushroom_02.prefab using Guid(0a0d32ae470c22840bca990d25d156ee) Importer(815301076,1909f56bfc062723c751e8b465ee728b) (PreviewImporter) -> (artifact id: 'b6adfc4f5311333567d50bfce3edfb8c') in 0.0189059 seconds
Number of updated asset objects reloaded before import = 0Number of asset objects unloaded after import = 7

========================================================================
Received Import Request.
  Time since last request: 0.000019 seconds.
  path: Assets/Assets/Prefabs/Decoraciones Escenario/GSS_Foliage_Forest_small_mushroom_03.prefab
  artifactKey: Guid(07b79d028d41fbc4dbf687308f537292) Importer(815301076,1909f56bfc062723c751e8b465ee728b)
Start importing Assets/Assets/Prefabs/Decoraciones Escenario/GSS_Foliage_Forest_small_mushroom_03.prefab using Guid(07b79d028d41fbc4dbf687308f537292) Importer(815301076,1909f56bfc062723c751e8b465ee728b) (PreviewImporter) -> (artifact id: '4e318ee6576d1a815fb4a303490dca55') in 0.0267919 seconds
Number of updated asset objects reloaded before import = 0Number of asset objects unloaded after import = 7

========================================================================
Received Import Request.
  Time since last request: 0.000017 seconds.
  path: Assets/Assets/Prefabs/Decoraciones Escenario/GSS_Foliage_waterplant 6.prefab
  artifactKey: Guid(6369615f81b6d3847855b02e17da8ec0) Importer(815301076,1909f56bfc062723c751e8b465ee728b)
Start importing Assets/Assets/Prefabs/Decoraciones Escenario/GSS_Foliage_waterplant 6.prefab using Guid(6369615f81b6d3847855b02e17da8ec0) Importer(815301076,1909f56bfc062723c751e8b465ee728b) (PreviewImporter) -> (artifact id: 'e46a9696108e8027b6e1dff573bae52f') in 0.02237 seconds
Number of updated asset objects reloaded before import = 0Number of asset objects unloaded after import = 7

========================================================================
Received Import Request.
  Time since last request: 0.000027 seconds.
  path: Assets/Assets/Prefabs/Decoraciones Escenario/GSS_Foliage_Forest_big_cypress_03.prefab
  artifactKey: Guid(6a8ad4595df10f24b9f29b278a2aeb0f) Importer(815301076,1909f56bfc062723c751e8b465ee728b)
Start importing Assets/Assets/Prefabs/Decoraciones Escenario/GSS_Foliage_Forest_big_cypress_03.prefab using Guid(6a8ad4595df10f24b9f29b278a2aeb0f) Importer(815301076,1909f56bfc062723c751e8b465ee728b) (PreviewImporter) -> (artifact id: 'de77ba0a2402a8fc5a55ce5601329701') in 0.0272352 seconds
Number of updated asset objects reloaded before import = 0Number of asset objects unloaded after import = 7

========================================================================
Received Import Request.
  Time since last request: 0.000020 seconds.
  path: Assets/Assets/Prefabs/Decoraciones Escenario/GSS_Foliage_Forest_small_flower_02.prefab
  artifactKey: Guid(61f12d88006c8d74785d4c9e9c532ccb) Importer(815301076,1909f56bfc062723c751e8b465ee728b)
Start importing Assets/Assets/Prefabs/Decoraciones Escenario/GSS_Foliage_Forest_small_flower_02.prefab using Guid(61f12d88006c8d74785d4c9e9c532ccb) Importer(815301076,1909f56bfc062723c751e8b465ee728b) (PreviewImporter) -> (artifact id: 'f4da873b609ff0afef92812aba257759') in 0.0205073 seconds
Number of updated asset objects reloaded before import = 0Number of asset objects unloaded after import = 7

========================================================================
Received Import Request.
  Time since last request: 6.243458 seconds.
  path: Assets/Assets/Prefabs/Decoraciones Escenario/GSS_Foliage_Desert_small_Bush_01.prefab
  artifactKey: Guid(fec630f94c88708419b033e504c9eeeb) Importer(815301076,1909f56bfc062723c751e8b465ee728b)
Start importing Assets/Assets/Prefabs/Decoraciones Escenario/GSS_Foliage_Desert_small_Bush_01.prefab using Guid(fec630f94c88708419b033e504c9eeeb) Importer(815301076,1909f56bfc062723c751e8b465ee728b) (PreviewImporter) -> (artifact id: 'cef31663054878d45334f0d55eeab846') in 0.0261024 seconds
Number of updated asset objects reloaded before import = 0Number of asset objects unloaded after import = 7

========================================================================
Received Import Request.
  Time since last request: 0.000016 seconds.
  path: Assets/Assets/Prefabs/Decoraciones Escenario/GSS_Foliage_Desert_small_Cactus_11.prefab
  artifactKey: Guid(3fba733e9f5d78147917fc95ec1ae315) Importer(815301076,1909f56bfc062723c751e8b465ee728b)
Start importing Assets/Assets/Prefabs/Decoraciones Escenario/GSS_Foliage_Desert_small_Cactus_11.prefab using Guid(3fba733e9f5d78147917fc95ec1ae315) Importer(815301076,1909f56bfc062723c751e8b465ee728b) (PreviewImporter) -> (artifact id: '79067eb16d9a99b9d9427c0e837bfb96') in 0.0381593 seconds
Number of updated asset objects reloaded before import = 0Number of asset objects unloaded after import = 7

========================================================================
Received Import Request.
  Time since last request: 0.000020 seconds.
  path: Assets/Assets/Prefabs/Decoraciones Escenario/GSS_Foliage_Desert_small_Flower_01.prefab
  artifactKey: Guid(fdf1e8b2e121015438a2e2cdab0d3821) Importer(815301076,1909f56bfc062723c751e8b465ee728b)
Start importing Assets/Assets/Prefabs/Decoraciones Escenario/GSS_Foliage_Desert_small_Flower_01.prefab using Guid(fdf1e8b2e121015438a2e2cdab0d3821) Importer(815301076,1909f56bfc062723c751e8b465ee728b) (PreviewImporter) -> (artifact id: '72dd0a0dab02e8c33808251971852382') in 0.0408326 seconds
Number of updated asset objects reloaded before import = 0Number of asset objects unloaded after import = 7

========================================================================
Received Import Request.
  Time since last request: 0.000021 seconds.
  path: Assets/Assets/Prefabs/Decoraciones Escenario/GSS_Foliage_Desert_small_Cactus_15.prefab
  artifactKey: Guid(42169eba247ff6b4eb8103ae0d959b86) Importer(815301076,1909f56bfc062723c751e8b465ee728b)
Start importing Assets/Assets/Prefabs/Decoraciones Escenario/GSS_Foliage_Desert_small_Cactus_15.prefab using Guid(42169eba247ff6b4eb8103ae0d959b86) Importer(815301076,1909f56bfc062723c751e8b465ee728b) (PreviewImporter) -> (artifact id: '10e788c0c260d97d1384b0edb31d63f9') in 0.022456 seconds
Number of updated asset objects reloaded before import = 0Number of asset objects unloaded after import = 7

Editor requested this worker to shutdown with reason: Scaling down because of idle timeout
AssetImportWorker is now disconnected from the server
Process exiting
Exiting without the bug reporter. Application will terminate with return code 0