Using pre-set license
Built from '6000.0/staging' branch; Version is '6000.0.47f1 (2ad1ed33fd3b) revision 2806253'; Using compiler version '193933523'; Build Type 'Release'
OS: 'Windows 11  (10.0.26100) 64bit Professional' Language: 'en' Physical Memory: 65162 MB
BatchMode: 1, IsHumanControllingUs: 0, StartBugReporterOnCrash: 0, Is64bit: 1, IsPro: 1

COMMAND LINE ARGUMENTS:
D:\Program Files(x86)\6000.0.47f1\Editor\Unity.exe
-adb2
-batchMode
-noUpm
-name
AssetImportWorker8
-projectPath
D:/Proyectos/Unity/TechProofRPG Juan/TechProofRPG Juan
-logFile
Logs/AssetImportWorker8.log
-srvPort
55181
-job-worker-count
7
-background-job-worker-count
8
-gc-helper-count
1
Successfully changed project path to: D:/Proyectos/Unity/TechProofRPG Juan/TechProofRPG Juan
D:/Proyectos/Unity/TechProofRPG Juan/TechProofRPG Juan
[UnityMemory] Configuration Parameters - Can be set up in boot.config
    "memorysetup-bucket-allocator-granularity=16"
    "memorysetup-bucket-allocator-bucket-count=8"
    "memorysetup-bucket-allocator-block-size=33554432"
    "memorysetup-bucket-allocator-block-count=8"
    "memorysetup-main-allocator-block-size=16777216"
    "memorysetup-thread-allocator-block-size=16777216"
    "memorysetup-gfx-main-allocator-block-size=16777216"
    "memorysetup-gfx-thread-allocator-block-size=16777216"
    "memorysetup-cache-allocator-block-size=4194304"
    "memorysetup-typetree-allocator-block-size=2097152"
    "memorysetup-profiler-bucket-allocator-granularity=16"
    "memorysetup-profiler-bucket-allocator-bucket-count=8"
    "memorysetup-profiler-bucket-allocator-block-size=33554432"
    "memorysetup-profiler-bucket-allocator-block-count=8"
    "memorysetup-profiler-allocator-block-size=16777216"
    "memorysetup-profiler-editor-allocator-block-size=1048576"
    "memorysetup-temp-allocator-size-main=16777216"
    "memorysetup-job-temp-allocator-block-size=2097152"
    "memorysetup-job-temp-allocator-block-size-background=1048576"
    "memorysetup-job-temp-allocator-reduction-small-platforms=262144"
    "memorysetup-allocator-temp-initial-block-size-main=262144"
    "memorysetup-allocator-temp-initial-block-size-worker=262144"
    "memorysetup-temp-allocator-size-background-worker=32768"
    "memorysetup-temp-allocator-size-job-worker=262144"
    "memorysetup-temp-allocator-size-preload-manager=33554432"
    "memorysetup-temp-allocator-size-nav-mesh-worker=65536"
    "memorysetup-temp-allocator-size-audio-worker=65536"
    "memorysetup-temp-allocator-size-cloud-worker=32768"
    "memorysetup-temp-allocator-size-gi-baking-worker=262144"
    "memorysetup-temp-allocator-size-gi-baking-worker=262144"
    "memorysetup-temp-allocator-size-gi-baking-worker=262144"
    "memorysetup-temp-allocator-size-gi-baking-worker=262144"
    "memorysetup-temp-allocator-size-gi-baking-worker=262144"
    "memorysetup-temp-allocator-size-gfx=262144"
Player connection [36368]  Target information:

Player connection [36368]  * "[IP] 192.168.100.158 [Port] 0 [Flags] 2 [Guid] 4114399634 [EditorId] 4114399634 [Version] 1048832 [Id] WindowsEditor(7,Matias) [Debug] 1 [PackageName] WindowsEditor [ProjectName] Editor" 

Player connection [36368]  * "[IP] 192.168.100.156 [Port] 0 [Flags] 2 [Guid] 4114399634 [EditorId] 4114399634 [Version] 1048832 [Id] WindowsEditor(7,Matias) [Debug] 1 [PackageName] WindowsEditor [ProjectName] Editor" 

Player connection [36368] Host joined multi-casting on [225.0.0.222:54997]...
Player connection [36368] Host joined alternative multi-casting on [225.0.0.222:34997]...
JobSystem: Creating JobQueue using job-worker-count value 7
Input System module state changed to: Initialized.
[Physics::Module] Initialized fallback backend.
[Physics::Module] Id: 0xdecafbad
Library Redirect Path: Library/
[Physics::Module] Selected backend.
[Physics::Module] Name: PhysX
[Physics::Module] Id: 0xf2b8ea05
[Physics::Module] SDK Version: 4.1.2
[Physics::Module] Integration Version: 1.0.0
[Physics::Module] Threading Mode: Multi-Threaded
Refreshing native plugins compatible for Editor in 2.43 ms, found 4 plugins.
Preloading 0 native plugins for Editor in 0.00 ms.
Initialize engine version: 6000.0.47f1 (2ad1ed33fd3b)
[Subsystems] Discovering subsystems at path D:/Program Files(x86)/6000.0.47f1/Editor/Data/Resources/UnitySubsystems
[Subsystems] Discovering subsystems at path D:/Proyectos/Unity/TechProofRPG Juan/TechProofRPG Juan/Assets
GfxDevice: creating device client; kGfxThreadingModeNonThreaded
Direct3D:
    Version:  Direct3D 11.0 [level 11.1]
    Renderer: NVIDIA GeForce RTX 4070 Laptop GPU (ID=0x2860)
    Vendor:   NVIDIA
    VRAM:     7948 MB
    Driver:   32.0.15.8129
Initialize mono
Mono path[0] = 'D:/Program Files(x86)/6000.0.47f1/Editor/Data/Managed'
Mono path[1] = 'D:/Program Files(x86)/6000.0.47f1/Editor/Data/MonoBleedingEdge/lib/mono/unityjit-win32'
Mono config path = 'D:/Program Files(x86)/6000.0.47f1/Editor/Data/MonoBleedingEdge/etc'
Using monoOptions --debugger-agent=transport=dt_socket,embedding=1,server=y,suspend=n,address=127.0.0.1:56052
Begin MonoManager ReloadAssembly
Registering precompiled unity dll's ...
Register platform support module: D:/Program Files(x86)/6000.0.47f1/Editor/Data/PlaybackEngines/WindowsStandaloneSupport/UnityEditor.WindowsStandalone.Extensions.dll
Registered in 0.001594 seconds.
- Loaded All Assemblies, in  0.314 seconds
Native extension for WindowsStandalone target not found
Mono: successfully reloaded assembly
- Finished resetting the current domain, in  0.266 seconds
Domain Reload Profiling: 580ms
	BeginReloadAssembly (121ms)
		ExecutionOrderSort (0ms)
		DisableScriptedObjects (0ms)
		BackupInstance (0ms)
		ReleaseScriptingObjects (0ms)
		CreateAndSetChildDomain (1ms)
	RebuildCommonClasses (29ms)
	RebuildNativeTypeToScriptingClass (11ms)
	initialDomainReloadingComplete (33ms)
	LoadAllAssembliesAndSetupDomain (120ms)
		LoadAssemblies (121ms)
		RebuildTransferFunctionScriptingTraits (0ms)
		AnalyzeDomain (117ms)
			TypeCache.Refresh (116ms)
				TypeCache.ScanAssembly (104ms)
			BuildScriptInfoCaches (0ms)
			ResolveRequiredComponents (0ms)
	FinalizeReload (267ms)
		ReleaseScriptCaches (0ms)
		RebuildScriptCaches (0ms)
		SetupLoadedEditorAssemblies (229ms)
			LogAssemblyErrors (0ms)
			InitializePlatformSupportModulesInManaged (19ms)
			SetLoadedEditorAssemblies (4ms)
			BeforeProcessingInitializeOnLoad (43ms)
			ProcessInitializeOnLoadAttributes (120ms)
			ProcessInitializeOnLoadMethodAttributes (42ms)
			AfterProcessingInitializeOnLoad (0ms)
			EditorAssembliesLoaded (0ms)
		ExecutionOrderSort2 (0ms)
		AwakeInstancesAfterBackupRestoration (0ms)
========================================================================
Worker process is ready to serve import requests
Import Worker Mode flag is 0x00
Begin MonoManager ReloadAssembly
- Loaded All Assemblies, in  0.676 seconds
Refreshing native plugins compatible for Editor in 1.04 ms, found 4 plugins.
Native extension for WindowsStandalone target not found
Mono: successfully reloaded assembly
- Finished resetting the current domain, in  0.789 seconds
Domain Reload Profiling: 1465ms
	BeginReloadAssembly (152ms)
		ExecutionOrderSort (0ms)
		DisableScriptedObjects (4ms)
		BackupInstance (0ms)
		ReleaseScriptingObjects (0ms)
		CreateAndSetChildDomain (25ms)
	RebuildCommonClasses (29ms)
	RebuildNativeTypeToScriptingClass (9ms)
	initialDomainReloadingComplete (31ms)
	LoadAllAssembliesAndSetupDomain (454ms)
		LoadAssemblies (328ms)
		RebuildTransferFunctionScriptingTraits (0ms)
		AnalyzeDomain (222ms)
			TypeCache.Refresh (155ms)
				TypeCache.ScanAssembly (143ms)
			BuildScriptInfoCaches (53ms)
			ResolveRequiredComponents (11ms)
	FinalizeReload (790ms)
		ReleaseScriptCaches (0ms)
		RebuildScriptCaches (0ms)
		SetupLoadedEditorAssemblies (672ms)
			LogAssemblyErrors (0ms)
			InitializePlatformSupportModulesInManaged (2ms)
			SetLoadedEditorAssemblies (5ms)
			BeforeProcessingInitializeOnLoad (138ms)
			ProcessInitializeOnLoadAttributes (445ms)
			ProcessInitializeOnLoadMethodAttributes (81ms)
			AfterProcessingInitializeOnLoad (1ms)
			EditorAssembliesLoaded (0ms)
		ExecutionOrderSort2 (0ms)
		AwakeInstancesAfterBackupRestoration (4ms)
Launched and connected shader compiler UnityShaderCompiler.exe after 0.01 seconds
Refreshing native plugins compatible for Editor in 1.13 ms, found 4 plugins.
Preloading 0 native plugins for Editor in 0.00 ms.
Unloading 220 Unused Serialized files (Serialized files now loaded: 0)
Unloading 6709 unused Assets / (4.2 MB). Loaded Objects now: 7422.
Memory consumption went from 185.3 MB to 181.2 MB.
Total: 5.745400 ms (FindLiveObjects: 0.413200 ms CreateObjectMapping: 0.288500 ms MarkObjects: 3.656400 ms  DeleteObjects: 1.385400 ms)

========================================================================
Received Import Request.
  Time since last request: 312260.791577 seconds.
  path: Assets/Scenes/SampleScene.unity
  artifactKey: Guid(8c9cfa26abfee488c85f1582747f6a02) Importer(815301076,1909f56bfc062723c751e8b465ee728b)
Start importing Assets/Scenes/SampleScene.unity using Guid(8c9cfa26abfee488c85f1582747f6a02) Importer(815301076,1909f56bfc062723c751e8b465ee728b) (PreviewImporter) -> (artifact id: 'ea938fcb061b14b4ec7f849af6b66204') in 0.0041345 seconds
Number of updated asset objects reloaded before import = 0Number of asset objects unloaded after import = 0

========================================================================
Received Import Request.
  Time since last request: 26.701093 seconds.
  path: Assets/Assets/Prefabs
  artifactKey: Guid(82262ca52e090844190a4003c7f216ab) Importer(815301076,1909f56bfc062723c751e8b465ee728b)
Start importing Assets/Assets/Prefabs using Guid(82262ca52e090844190a4003c7f216ab) Importer(815301076,1909f56bfc062723c751e8b465ee728b) (PreviewImporter) -> (artifact id: '22cd750ff2892fd5c4a6e5a21eec990b') in 0.000407 seconds
Number of updated asset objects reloaded before import = 0Number of asset objects unloaded after import = 0

========================================================================
Received Prepare
Refreshing native plugins compatible for Editor in 1.15 ms, found 4 plugins.
Preloading 0 native plugins for Editor in 0.00 ms.
Unloading 13 Unused Serialized files (Serialized files now loaded: 0)
Unloading 6697 unused Assets / (3.8 MB). Loaded Objects now: 7425.
Memory consumption went from 149.3 MB to 145.4 MB.
Total: 5.473900 ms (FindLiveObjects: 0.422800 ms CreateObjectMapping: 0.275400 ms MarkObjects: 3.508800 ms  DeleteObjects: 1.266200 ms)

Prepare: number of updated asset objects reloaded= 0
========================================================================
Received Import Request.
  Time since last request: 29.683553 seconds.
  path: Assets/Assets/Scripts/Obstaculos/ObstacleManager.cs
  artifactKey: Guid(2a648a738decf7a4495d2702bc15962b) Importer(815301076,1909f56bfc062723c751e8b465ee728b)
Start importing Assets/Assets/Scripts/Obstaculos/ObstacleManager.cs using Guid(2a648a738decf7a4495d2702bc15962b) Importer(815301076,1909f56bfc062723c751e8b465ee728b) (PreviewImporter) -> (artifact id: '710f0b91bc4cfab141338915f423abbe') in 0.0039303 seconds
Number of updated asset objects reloaded before import = 0Number of asset objects unloaded after import = 0

========================================================================
Received Prepare
Begin MonoManager ReloadAssembly
- Loaded All Assemblies, in  0.673 seconds
Refreshing native plugins compatible for Editor in 1.33 ms, found 4 plugins.
Native extension for WindowsStandalone target not found
Mono: successfully reloaded assembly
- Finished resetting the current domain, in  0.794 seconds
Domain Reload Profiling: 1470ms
	BeginReloadAssembly (201ms)
		ExecutionOrderSort (0ms)
		DisableScriptedObjects (14ms)
		BackupInstance (0ms)
		ReleaseScriptingObjects (0ms)
		CreateAndSetChildDomain (52ms)
	RebuildCommonClasses (30ms)
	RebuildNativeTypeToScriptingClass (9ms)
	initialDomainReloadingComplete (21ms)
	LoadAllAssembliesAndSetupDomain (415ms)
		LoadAssemblies (339ms)
		RebuildTransferFunctionScriptingTraits (0ms)
		AnalyzeDomain (174ms)
			TypeCache.Refresh (8ms)
				TypeCache.ScanAssembly (0ms)
			BuildScriptInfoCaches (154ms)
			ResolveRequiredComponents (9ms)
	FinalizeReload (794ms)
		ReleaseScriptCaches (0ms)
		RebuildScriptCaches (0ms)
		SetupLoadedEditorAssemblies (632ms)
			LogAssemblyErrors (0ms)
			InitializePlatformSupportModulesInManaged (2ms)
			SetLoadedEditorAssemblies (5ms)
			BeforeProcessingInitializeOnLoad (144ms)
			ProcessInitializeOnLoadAttributes (429ms)
			ProcessInitializeOnLoadMethodAttributes (51ms)
			AfterProcessingInitializeOnLoad (1ms)
			EditorAssembliesLoaded (0ms)
		ExecutionOrderSort2 (0ms)
		AwakeInstancesAfterBackupRestoration (10ms)
Refreshing native plugins compatible for Editor in 1.48 ms, found 4 plugins.
Preloading 0 native plugins for Editor in 0.00 ms.
Unloading 13 Unused Serialized files (Serialized files now loaded: 0)
Unloading 6708 unused Assets / (3.7 MB). Loaded Objects now: 7428.
Memory consumption went from 152.6 MB to 148.9 MB.
Total: 8.820000 ms (FindLiveObjects: 0.622900 ms CreateObjectMapping: 0.307100 ms MarkObjects: 6.121600 ms  DeleteObjects: 1.767100 ms)

Prepare: number of updated asset objects reloaded= 0
========================================================================
Received Import Request.
  Time since last request: 59.701886 seconds.
  path: Assets/Assets/Scripts/Obstaculos/ObstacleManager.cs
  artifactKey: Guid(2a648a738decf7a4495d2702bc15962b) Importer(815301076,1909f56bfc062723c751e8b465ee728b)
Start importing Assets/Assets/Scripts/Obstaculos/ObstacleManager.cs using Guid(2a648a738decf7a4495d2702bc15962b) Importer(815301076,1909f56bfc062723c751e8b465ee728b) (PreviewImporter) -> (artifact id: 'd62859a793541b4b913b379354dd0fb5') in 0.0051035 seconds
Number of updated asset objects reloaded before import = 0Number of asset objects unloaded after import = 0

========================================================================
Received Prepare
Begin MonoManager ReloadAssembly
- Loaded All Assemblies, in  0.875 seconds
Refreshing native plugins compatible for Editor in 1.94 ms, found 4 plugins.
Native extension for WindowsStandalone target not found
Mono: successfully reloaded assembly
- Finished resetting the current domain, in  0.995 seconds
Domain Reload Profiling: 1872ms
	BeginReloadAssembly (308ms)
		ExecutionOrderSort (0ms)
		DisableScriptedObjects (14ms)
		BackupInstance (0ms)
		ReleaseScriptingObjects (0ms)
		CreateAndSetChildDomain (76ms)
	RebuildCommonClasses (41ms)
	RebuildNativeTypeToScriptingClass (16ms)
	initialDomainReloadingComplete (35ms)
	LoadAllAssembliesAndSetupDomain (476ms)
		LoadAssemblies (461ms)
		RebuildTransferFunctionScriptingTraits (0ms)
		AnalyzeDomain (182ms)
			TypeCache.Refresh (8ms)
				TypeCache.ScanAssembly (0ms)
			BuildScriptInfoCaches (157ms)
			ResolveRequiredComponents (13ms)
	FinalizeReload (996ms)
		ReleaseScriptCaches (0ms)
		RebuildScriptCaches (0ms)
		SetupLoadedEditorAssemblies (783ms)
			LogAssemblyErrors (0ms)
			InitializePlatformSupportModulesInManaged (3ms)
			SetLoadedEditorAssemblies (7ms)
			BeforeProcessingInitializeOnLoad (182ms)
			ProcessInitializeOnLoadAttributes (523ms)
			ProcessInitializeOnLoadMethodAttributes (66ms)
			AfterProcessingInitializeOnLoad (2ms)
			EditorAssembliesLoaded (0ms)
		ExecutionOrderSort2 (0ms)
		AwakeInstancesAfterBackupRestoration (14ms)
Refreshing native plugins compatible for Editor in 1.62 ms, found 4 plugins.
Preloading 0 native plugins for Editor in 0.00 ms.
Unloading 13 Unused Serialized files (Serialized files now loaded: 0)
Unloading 6708 unused Assets / (3.9 MB). Loaded Objects now: 7430.
Memory consumption went from 152.6 MB to 148.7 MB.
Total: 8.121600 ms (FindLiveObjects: 0.746100 ms CreateObjectMapping: 0.384400 ms MarkObjects: 5.224700 ms  DeleteObjects: 1.764700 ms)

Prepare: number of updated asset objects reloaded= 0
========================================================================
Received Import Request.
  Time since last request: 270.736620 seconds.
  path: Assets/Assets/Scripts/Obstaculos/ObstacleManager.cs
  artifactKey: Guid(2a648a738decf7a4495d2702bc15962b) Importer(815301076,1909f56bfc062723c751e8b465ee728b)
Start importing Assets/Assets/Scripts/Obstaculos/ObstacleManager.cs using Guid(2a648a738decf7a4495d2702bc15962b) Importer(815301076,1909f56bfc062723c751e8b465ee728b) (PreviewImporter) -> (artifact id: 'e3eddfd24d26a5761072d7c3bae1b880') in 0.0072868 seconds
Number of updated asset objects reloaded before import = 0Number of asset objects unloaded after import = 0

========================================================================
Received Prepare
Begin MonoManager ReloadAssembly
- Loaded All Assemblies, in  0.716 seconds
Refreshing native plugins compatible for Editor in 1.25 ms, found 4 plugins.
Native extension for WindowsStandalone target not found
Mono: successfully reloaded assembly
- Finished resetting the current domain, in  0.989 seconds
Domain Reload Profiling: 1708ms
	BeginReloadAssembly (214ms)
		ExecutionOrderSort (0ms)
		DisableScriptedObjects (12ms)
		BackupInstance (0ms)
		ReleaseScriptingObjects (0ms)
		CreateAndSetChildDomain (46ms)
	RebuildCommonClasses (33ms)
	RebuildNativeTypeToScriptingClass (11ms)
	initialDomainReloadingComplete (26ms)
	LoadAllAssembliesAndSetupDomain (434ms)
		LoadAssemblies (366ms)
		RebuildTransferFunctionScriptingTraits (0ms)
		AnalyzeDomain (187ms)
			TypeCache.Refresh (7ms)
				TypeCache.ScanAssembly (0ms)
			BuildScriptInfoCaches (163ms)
			ResolveRequiredComponents (12ms)
	FinalizeReload (989ms)
		ReleaseScriptCaches (0ms)
		RebuildScriptCaches (0ms)
		SetupLoadedEditorAssemblies (812ms)
			LogAssemblyErrors (0ms)
			InitializePlatformSupportModulesInManaged (3ms)
			SetLoadedEditorAssemblies (7ms)
			BeforeProcessingInitializeOnLoad (177ms)
			ProcessInitializeOnLoadAttributes (554ms)
			ProcessInitializeOnLoadMethodAttributes (68ms)
			AfterProcessingInitializeOnLoad (2ms)
			EditorAssembliesLoaded (0ms)
		ExecutionOrderSort2 (0ms)
		AwakeInstancesAfterBackupRestoration (12ms)
Refreshing native plugins compatible for Editor in 1.31 ms, found 4 plugins.
Preloading 0 native plugins for Editor in 0.00 ms.
Unloading 13 Unused Serialized files (Serialized files now loaded: 0)
Unloading 6708 unused Assets / (3.8 MB). Loaded Objects now: 7432.
Memory consumption went from 152.6 MB to 148.8 MB.
Total: 7.019600 ms (FindLiveObjects: 0.518100 ms CreateObjectMapping: 0.414100 ms MarkObjects: 4.534000 ms  DeleteObjects: 1.552100 ms)

Prepare: number of updated asset objects reloaded= 0
========================================================================
Received Prepare
Begin MonoManager ReloadAssembly
- Loaded All Assemblies, in  0.637 seconds
Refreshing native plugins compatible for Editor in 1.15 ms, found 4 plugins.
Native extension for WindowsStandalone target not found
Mono: successfully reloaded assembly
- Finished resetting the current domain, in  0.865 seconds
Domain Reload Profiling: 1504ms
	BeginReloadAssembly (189ms)
		ExecutionOrderSort (0ms)
		DisableScriptedObjects (18ms)
		BackupInstance (0ms)
		ReleaseScriptingObjects (0ms)
		CreateAndSetChildDomain (41ms)
	RebuildCommonClasses (26ms)
	RebuildNativeTypeToScriptingClass (9ms)
	initialDomainReloadingComplete (20ms)
	LoadAllAssembliesAndSetupDomain (395ms)
		LoadAssemblies (322ms)
		RebuildTransferFunctionScriptingTraits (0ms)
		AnalyzeDomain (168ms)
			TypeCache.Refresh (8ms)
				TypeCache.ScanAssembly (0ms)
			BuildScriptInfoCaches (149ms)
			ResolveRequiredComponents (8ms)
	FinalizeReload (865ms)
		ReleaseScriptCaches (0ms)
		RebuildScriptCaches (0ms)
		SetupLoadedEditorAssemblies (715ms)
			LogAssemblyErrors (0ms)
			InitializePlatformSupportModulesInManaged (2ms)
			SetLoadedEditorAssemblies (6ms)
			BeforeProcessingInitializeOnLoad (175ms)
			ProcessInitializeOnLoadAttributes (483ms)
			ProcessInitializeOnLoadMethodAttributes (48ms)
			AfterProcessingInitializeOnLoad (1ms)
			EditorAssembliesLoaded (0ms)
		ExecutionOrderSort2 (0ms)
		AwakeInstancesAfterBackupRestoration (10ms)
Refreshing native plugins compatible for Editor in 1.42 ms, found 4 plugins.
Preloading 0 native plugins for Editor in 0.00 ms.
Unloading 13 Unused Serialized files (Serialized files now loaded: 0)
Unloading 6708 unused Assets / (4.0 MB). Loaded Objects now: 7434.
Memory consumption went from 152.6 MB to 148.6 MB.
Total: 5.837300 ms (FindLiveObjects: 0.477200 ms CreateObjectMapping: 0.301900 ms MarkObjects: 3.706100 ms  DeleteObjects: 1.351300 ms)

Prepare: number of updated asset objects reloaded= 0
========================================================================
Received Prepare
Begin MonoManager ReloadAssembly
- Loaded All Assemblies, in  0.597 seconds
Refreshing native plugins compatible for Editor in 1.23 ms, found 4 plugins.
Native extension for WindowsStandalone target not found
Mono: successfully reloaded assembly
- Finished resetting the current domain, in  0.867 seconds
Domain Reload Profiling: 1466ms
	BeginReloadAssembly (175ms)
		ExecutionOrderSort (0ms)
		DisableScriptedObjects (10ms)
		BackupInstance (0ms)
		ReleaseScriptingObjects (0ms)
		CreateAndSetChildDomain (38ms)
	RebuildCommonClasses (25ms)
	RebuildNativeTypeToScriptingClass (10ms)
	initialDomainReloadingComplete (19ms)
	LoadAllAssembliesAndSetupDomain (370ms)
		LoadAssemblies (305ms)
		RebuildTransferFunctionScriptingTraits (0ms)
		AnalyzeDomain (157ms)
			TypeCache.Refresh (5ms)
				TypeCache.ScanAssembly (0ms)
			BuildScriptInfoCaches (137ms)
			ResolveRequiredComponents (11ms)
	FinalizeReload (867ms)
		ReleaseScriptCaches (0ms)
		RebuildScriptCaches (0ms)
		SetupLoadedEditorAssemblies (715ms)
			LogAssemblyErrors (0ms)
			InitializePlatformSupportModulesInManaged (2ms)
			SetLoadedEditorAssemblies (6ms)
			BeforeProcessingInitializeOnLoad (160ms)
			ProcessInitializeOnLoadAttributes (485ms)
			ProcessInitializeOnLoadMethodAttributes (61ms)
			AfterProcessingInitializeOnLoad (1ms)
			EditorAssembliesLoaded (0ms)
		ExecutionOrderSort2 (0ms)
		AwakeInstancesAfterBackupRestoration (11ms)
Refreshing native plugins compatible for Editor in 1.21 ms, found 4 plugins.
Preloading 0 native plugins for Editor in 0.00 ms.
Unloading 13 Unused Serialized files (Serialized files now loaded: 0)
Unloading 6708 unused Assets / (3.9 MB). Loaded Objects now: 7436.
Memory consumption went from 152.5 MB to 148.6 MB.
Total: 6.586700 ms (FindLiveObjects: 0.387400 ms CreateObjectMapping: 0.263800 ms MarkObjects: 4.595700 ms  DeleteObjects: 1.338700 ms)

Prepare: number of updated asset objects reloaded= 0
========================================================================
Received Import Request.
  Time since last request: 154.484021 seconds.
  path: Assets/Assets/Prefabs/En combate/GSS_Foliage_bamboo (1).prefab
  artifactKey: Guid(2b9768edb37c94943a54cc686160251a) Importer(815301076,1909f56bfc062723c751e8b465ee728b)
Start importing Assets/Assets/Prefabs/En combate/GSS_Foliage_bamboo (1).prefab using Guid(2b9768edb37c94943a54cc686160251a) Importer(815301076,1909f56bfc062723c751e8b465ee728b) (PreviewImporter) -> (artifact id: '74f2669c4c1f372e604f1d604418cf82') in 0.412829 seconds
Number of updated asset objects reloaded before import = 0Number of asset objects unloaded after import = 8

========================================================================
Received Import Request.
  Time since last request: 6.597152 seconds.
  path: Assets/Assets/Prefabs/En combate/ISO_Fence_01_S2-NE-SW.prefab
  artifactKey: Guid(58a541e99ae121f4f8cbc0dbc6f558cf) Importer(815301076,1909f56bfc062723c751e8b465ee728b)
Start importing Assets/Assets/Prefabs/En combate/ISO_Fence_01_S2-NE-SW.prefab using Guid(58a541e99ae121f4f8cbc0dbc6f558cf) Importer(815301076,1909f56bfc062723c751e8b465ee728b) (PreviewImporter) -> (artifact id: '8efda381f447a56085e031fab81720cd') in 0.0292292 seconds
Number of updated asset objects reloaded before import = 0Number of asset objects unloaded after import = 7

========================================================================
Received Import Request.
  Time since last request: 9.939085 seconds.
  path: Assets/Assets/Prefabs/En combate/GSS_Foliage_stone (3).prefab
  artifactKey: Guid(4a241ad4bd5e4e04fb6fcdfe7b96c444) Importer(815301076,1909f56bfc062723c751e8b465ee728b)
Start importing Assets/Assets/Prefabs/En combate/GSS_Foliage_stone (3).prefab using Guid(4a241ad4bd5e4e04fb6fcdfe7b96c444) Importer(815301076,1909f56bfc062723c751e8b465ee728b) (PreviewImporter) -> (artifact id: '6a0dd6bb480eec85cf88977757148154') in 0.011566 seconds
Number of updated asset objects reloaded before import = 0Number of asset objects unloaded after import = 8

========================================================================
Received Import Request.
  Time since last request: 0.020280 seconds.
  path: Assets/Assets/Prefabs/En combate/ISO_Fence_01_C2E.prefab
  artifactKey: Guid(5037fe4a9faa59a40be14d268a5a4ad8) Importer(815301076,1909f56bfc062723c751e8b465ee728b)
Start importing Assets/Assets/Prefabs/En combate/ISO_Fence_01_C2E.prefab using Guid(5037fe4a9faa59a40be14d268a5a4ad8) Importer(815301076,1909f56bfc062723c751e8b465ee728b) (PreviewImporter) -> (artifact id: '2227f8d807508ff4039f1450303a143a') in 0.0093763 seconds
Number of updated asset objects reloaded before import = 0Number of asset objects unloaded after import = 8

========================================================================
Received Import Request.
  Time since last request: 0.000022 seconds.
  path: Assets/Assets/Prefabs/En combate/ISO_Fence_01_C3-NW.prefab
  artifactKey: Guid(d1bf63301a4932147bb738bdca20fff1) Importer(815301076,1909f56bfc062723c751e8b465ee728b)
Start importing Assets/Assets/Prefabs/En combate/ISO_Fence_01_C3-NW.prefab using Guid(d1bf63301a4932147bb738bdca20fff1) Importer(815301076,1909f56bfc062723c751e8b465ee728b) (PreviewImporter) -> (artifact id: 'fecbda9c18dc69ddc5ed0bd77adf0445') in 0.0099217 seconds
Number of updated asset objects reloaded before import = 0Number of asset objects unloaded after import = 8

========================================================================
Received Import Request.
  Time since last request: 0.000025 seconds.
  path: Assets/Assets/Prefabs/En combate/ISO_Fence_01_S1L-SW.prefab
  artifactKey: Guid(96d8030d435482341ba2ee5ddff41796) Importer(815301076,1909f56bfc062723c751e8b465ee728b)
Start importing Assets/Assets/Prefabs/En combate/ISO_Fence_01_S1L-SW.prefab using Guid(96d8030d435482341ba2ee5ddff41796) Importer(815301076,1909f56bfc062723c751e8b465ee728b) (PreviewImporter) -> (artifact id: 'bd94e23726bb8ac13f03f6f77e60f77d') in 0.0086615 seconds
Number of updated asset objects reloaded before import = 0Number of asset objects unloaded after import = 8

========================================================================
Received Import Request.
  Time since last request: 0.000022 seconds.
  path: Assets/Assets/Prefabs/En combate/ISO_Fence_01_C3-SW.prefab
  artifactKey: Guid(05c53534b50c1f946b880bcc81d20222) Importer(815301076,1909f56bfc062723c751e8b465ee728b)
Start importing Assets/Assets/Prefabs/En combate/ISO_Fence_01_C3-SW.prefab using Guid(05c53534b50c1f946b880bcc81d20222) Importer(815301076,1909f56bfc062723c751e8b465ee728b) (PreviewImporter) -> (artifact id: '59f1b3b1f4112a43d30ee3d58c68c7c1') in 0.008452 seconds
Number of updated asset objects reloaded before import = 0Number of asset objects unloaded after import = 8

========================================================================
Received Import Request.
  Time since last request: 0.000017 seconds.
  path: Assets/Assets/Prefabs/En combate/ISO_Fence_01_C2S.prefab
  artifactKey: Guid(4858aafece7594a4eb6a7a89392e914b) Importer(815301076,1909f56bfc062723c751e8b465ee728b)
Start importing Assets/Assets/Prefabs/En combate/ISO_Fence_01_C2S.prefab using Guid(4858aafece7594a4eb6a7a89392e914b) Importer(815301076,1909f56bfc062723c751e8b465ee728b) (PreviewImporter) -> (artifact id: 'fad1ce47eb57327c3cfacbce94c7b4a3') in 0.0131692 seconds
Number of updated asset objects reloaded before import = 0Number of asset objects unloaded after import = 8

========================================================================
Received Import Request.
  Time since last request: 0.000020 seconds.
  path: Assets/Assets/Prefabs/En combate/ISO_Fence_01_C3-SE.prefab
  artifactKey: Guid(0f11543167e7711478dc438bf9617361) Importer(815301076,1909f56bfc062723c751e8b465ee728b)
Start importing Assets/Assets/Prefabs/En combate/ISO_Fence_01_C3-SE.prefab using Guid(0f11543167e7711478dc438bf9617361) Importer(815301076,1909f56bfc062723c751e8b465ee728b) (PreviewImporter) -> (artifact id: 'e3476eafca5a439eaa3851e11f66e505') in 0.0107846 seconds
Number of updated asset objects reloaded before import = 0Number of asset objects unloaded after import = 8

========================================================================
Received Import Request.
  Time since last request: 0.000019 seconds.
  path: Assets/Assets/Prefabs/En combate/ISO_Fence_01_S2-NE-SW.prefab
  artifactKey: Guid(58a541e99ae121f4f8cbc0dbc6f558cf) Importer(815301076,1909f56bfc062723c751e8b465ee728b)
Start importing Assets/Assets/Prefabs/En combate/ISO_Fence_01_S2-NE-SW.prefab using Guid(58a541e99ae121f4f8cbc0dbc6f558cf) Importer(815301076,1909f56bfc062723c751e8b465ee728b) (PreviewImporter) -> (artifact id: '407fc67a1fdff5c29fe44ecd0a6efa09') in 0.0072201 seconds
Number of updated asset objects reloaded before import = 0Number of asset objects unloaded after import = 8

========================================================================
Received Import Request.
  Time since last request: 0.000033 seconds.
  path: Assets/Assets/Prefabs/En combate/ISO_Fence_01_S2-SE-NW.prefab
  artifactKey: Guid(26d12dd74a77cf14db5f731012361067) Importer(815301076,1909f56bfc062723c751e8b465ee728b)
Start importing Assets/Assets/Prefabs/En combate/ISO_Fence_01_S2-SE-NW.prefab using Guid(26d12dd74a77cf14db5f731012361067) Importer(815301076,1909f56bfc062723c751e8b465ee728b) (PreviewImporter) -> (artifact id: '42e24d0782ee141f9b775fe561417391') in 0.0066806 seconds
Number of updated asset objects reloaded before import = 0Number of asset objects unloaded after import = 8

========================================================================
Received Import Request.
  Time since last request: 0.000021 seconds.
  path: Assets/Assets/Prefabs/En combate/ISO_Fence_01_S1L-NE.prefab
  artifactKey: Guid(9512949cb9683d04eab0c9d02ee54c43) Importer(815301076,1909f56bfc062723c751e8b465ee728b)
Start importing Assets/Assets/Prefabs/En combate/ISO_Fence_01_S1L-NE.prefab using Guid(9512949cb9683d04eab0c9d02ee54c43) Importer(815301076,1909f56bfc062723c751e8b465ee728b) (PreviewImporter) -> (artifact id: '66afb426f54c9768f8c4d996292f7493') in 0.0068286 seconds
Number of updated asset objects reloaded before import = 0Number of asset objects unloaded after import = 8

========================================================================
Received Import Request.
  Time since last request: 0.000018 seconds.
  path: Assets/Assets/Prefabs/En combate/ISO_Fence_01_S1L_SE.prefab
  artifactKey: Guid(eccaca0879a33594a9e27c537c9701c1) Importer(815301076,1909f56bfc062723c751e8b465ee728b)
Start importing Assets/Assets/Prefabs/En combate/ISO_Fence_01_S1L_SE.prefab using Guid(eccaca0879a33594a9e27c537c9701c1) Importer(815301076,1909f56bfc062723c751e8b465ee728b) (PreviewImporter) -> (artifact id: '34729a1d6a63ebcea157a416e9ebce35') in 0.0072881 seconds
Number of updated asset objects reloaded before import = 0Number of asset objects unloaded after import = 8

========================================================================
Received Import Request.
  Time since last request: 2.160675 seconds.
  path: Assets/Assets/Prefabs/En combate/GSS_Foliage_reed (4).prefab
  artifactKey: Guid(3457e3a848555fa40ab8fa6694f21cae) Importer(815301076,1909f56bfc062723c751e8b465ee728b)
Start importing Assets/Assets/Prefabs/En combate/GSS_Foliage_reed (4).prefab using Guid(3457e3a848555fa40ab8fa6694f21cae) Importer(815301076,1909f56bfc062723c751e8b465ee728b) (PreviewImporter) -> (artifact id: 'dd5f0137d71d4f7a928758ddd8de5666') in 0.0081537 seconds
Number of updated asset objects reloaded before import = 0Number of asset objects unloaded after import = 8

========================================================================
Received Import Request.
  Time since last request: 0.000025 seconds.
  path: Assets/Assets/Prefabs/En combate/GSS_Foliage_waterplant 1.prefab
  artifactKey: Guid(d3606880a57d59545ad1db2c66deb345) Importer(815301076,1909f56bfc062723c751e8b465ee728b)
Start importing Assets/Assets/Prefabs/En combate/GSS_Foliage_waterplant 1.prefab using Guid(d3606880a57d59545ad1db2c66deb345) Importer(815301076,1909f56bfc062723c751e8b465ee728b) (PreviewImporter) -> (artifact id: '401569f9114365ed3c70d39b6e065b87') in 0.0067846 seconds
Number of updated asset objects reloaded before import = 0Number of asset objects unloaded after import = 8

========================================================================
Received Import Request.
  Time since last request: 0.000019 seconds.
  path: Assets/Assets/Prefabs/En combate/GSS_Foliage_Forest_small_tree_stump_02.prefab
  artifactKey: Guid(69357f3922d8fe04781d05b917384fa4) Importer(815301076,1909f56bfc062723c751e8b465ee728b)
Start importing Assets/Assets/Prefabs/En combate/GSS_Foliage_Forest_small_tree_stump_02.prefab using Guid(69357f3922d8fe04781d05b917384fa4) Importer(815301076,1909f56bfc062723c751e8b465ee728b) (PreviewImporter) -> (artifact id: 'c02ed5aef878d70c91d0ebe170cb7ef7') in 0.0182635 seconds
Number of updated asset objects reloaded before import = 0Number of asset objects unloaded after import = 8

========================================================================
Received Import Request.
  Time since last request: 0.000017 seconds.
  path: Assets/Assets/Prefabs/En combate/GSS_Foliage_forest_bush (5).prefab
  artifactKey: Guid(4bfee3e98bcc48d429f8dc5cbeb72a87) Importer(815301076,1909f56bfc062723c751e8b465ee728b)
Start importing Assets/Assets/Prefabs/En combate/GSS_Foliage_forest_bush (5).prefab using Guid(4bfee3e98bcc48d429f8dc5cbeb72a87) Importer(815301076,1909f56bfc062723c751e8b465ee728b) (PreviewImporter) -> (artifact id: 'd225d9c69bd69afea36d5bd9af501c22') in 0.0219624 seconds
Number of updated asset objects reloaded before import = 0Number of asset objects unloaded after import = 8

========================================================================
Received Import Request.
  Time since last request: 0.000025 seconds.
  path: Assets/Assets/Prefabs/En combate/GSS_Foliage_Desert_small_Cactus_07.prefab
  artifactKey: Guid(a46c43a8e28d58e44be2d18127e0e84f) Importer(815301076,1909f56bfc062723c751e8b465ee728b)
Start importing Assets/Assets/Prefabs/En combate/GSS_Foliage_Desert_small_Cactus_07.prefab using Guid(a46c43a8e28d58e44be2d18127e0e84f) Importer(815301076,1909f56bfc062723c751e8b465ee728b) (PreviewImporter) -> (artifact id: '89e47a7eea16165d6285227c2e2a45fa') in 0.0065576 seconds
Number of updated asset objects reloaded before import = 0Number of asset objects unloaded after import = 8

========================================================================
Received Import Request.
  Time since last request: 0.000025 seconds.
  path: Assets/Assets/Prefabs/En combate/GSS_Foliage_Desert_small_Cactus_04.prefab
  artifactKey: Guid(f5c52c0aa1ccf6b4ca1700778eab0ec4) Importer(815301076,1909f56bfc062723c751e8b465ee728b)
Start importing Assets/Assets/Prefabs/En combate/GSS_Foliage_Desert_small_Cactus_04.prefab using Guid(f5c52c0aa1ccf6b4ca1700778eab0ec4) Importer(815301076,1909f56bfc062723c751e8b465ee728b) (PreviewImporter) -> (artifact id: 'e4ffaf1fd23b3261d25c5bd813fdae85') in 0.0076111 seconds
Number of updated asset objects reloaded before import = 0Number of asset objects unloaded after import = 8

========================================================================
Received Import Request.
  Time since last request: 0.000022 seconds.
  path: Assets/Assets/Prefabs/En combate/GSS_Foliage_Desert_small_Cactus_02.prefab
  artifactKey: Guid(b5cd5b4861be82b479d819bbe7bbb816) Importer(815301076,1909f56bfc062723c751e8b465ee728b)
Start importing Assets/Assets/Prefabs/En combate/GSS_Foliage_Desert_small_Cactus_02.prefab using Guid(b5cd5b4861be82b479d819bbe7bbb816) Importer(815301076,1909f56bfc062723c751e8b465ee728b) (PreviewImporter) -> (artifact id: '7eed52c9d70f955adcdf829e96eb00b7') in 0.0062827 seconds
Number of updated asset objects reloaded before import = 0Number of asset objects unloaded after import = 8

========================================================================
Received Import Request.
  Time since last request: 0.000020 seconds.
  path: Assets/Assets/Prefabs/En combate/GSS_Foliage_Forest_small_flower_02.prefab
  artifactKey: Guid(744db9924ae9a4842a3201bcaeeaf0cd) Importer(815301076,1909f56bfc062723c751e8b465ee728b)
Start importing Assets/Assets/Prefabs/En combate/GSS_Foliage_Forest_small_flower_02.prefab using Guid(744db9924ae9a4842a3201bcaeeaf0cd) Importer(815301076,1909f56bfc062723c751e8b465ee728b) (PreviewImporter) -> (artifact id: '7c692308f37c479ebf3fba9097aab8ac') in 0.008317 seconds
Number of updated asset objects reloaded before import = 0Number of asset objects unloaded after import = 8

========================================================================
Received Import Request.
  Time since last request: 0.000026 seconds.
  path: Assets/Assets/Prefabs/En combate/GSS_Foliage_Forest_small_fern_01.prefab
  artifactKey: Guid(ab564192e92629f4da7869183e131a89) Importer(815301076,1909f56bfc062723c751e8b465ee728b)
Start importing Assets/Assets/Prefabs/En combate/GSS_Foliage_Forest_small_fern_01.prefab using Guid(ab564192e92629f4da7869183e131a89) Importer(815301076,1909f56bfc062723c751e8b465ee728b) (PreviewImporter) -> (artifact id: 'a086510e7f6a879af1ccadc86928ce21') in 0.0083272 seconds
Number of updated asset objects reloaded before import = 0Number of asset objects unloaded after import = 8

========================================================================
Received Import Request.
  Time since last request: 0.000022 seconds.
  path: Assets/Assets/Prefabs/En combate/GSS_Foliage_Forest_small_grass_04.prefab
  artifactKey: Guid(e530cd7b04113c1438c6605d3de31769) Importer(815301076,1909f56bfc062723c751e8b465ee728b)
Start importing Assets/Assets/Prefabs/En combate/GSS_Foliage_Forest_small_grass_04.prefab using Guid(e530cd7b04113c1438c6605d3de31769) Importer(815301076,1909f56bfc062723c751e8b465ee728b) (PreviewImporter) -> (artifact id: '4dd6b27d40a9cd917b657caa608b204e') in 0.0074214 seconds
Number of updated asset objects reloaded before import = 0Number of asset objects unloaded after import = 8

========================================================================
Received Import Request.
  Time since last request: 0.000019 seconds.
  path: Assets/Assets/Prefabs/En combate/GSS_Foliage_Desert_small_Cactus_13.prefab
  artifactKey: Guid(c49c32b9d7471cb459febd9e2068ac99) Importer(815301076,1909f56bfc062723c751e8b465ee728b)
Start importing Assets/Assets/Prefabs/En combate/GSS_Foliage_Desert_small_Cactus_13.prefab using Guid(c49c32b9d7471cb459febd9e2068ac99) Importer(815301076,1909f56bfc062723c751e8b465ee728b) (PreviewImporter) -> (artifact id: 'f23f3502a1f3cf23ad668b7ffa5a3a6d') in 0.0083055 seconds
Number of updated asset objects reloaded before import = 0Number of asset objects unloaded after import = 8

========================================================================
Received Import Request.
  Time since last request: 0.000018 seconds.
  path: Assets/Assets/Prefabs/En combate/GSS_Foliage_bamboo (5).prefab
  artifactKey: Guid(ad5a8b500ab775f4b963646d544f03e0) Importer(815301076,1909f56bfc062723c751e8b465ee728b)
Start importing Assets/Assets/Prefabs/En combate/GSS_Foliage_bamboo (5).prefab using Guid(ad5a8b500ab775f4b963646d544f03e0) Importer(815301076,1909f56bfc062723c751e8b465ee728b) (PreviewImporter) -> (artifact id: 'e797eaf9d6ffd623a38ae638ebde2293') in 0.0073424 seconds
Number of updated asset objects reloaded before import = 0Number of asset objects unloaded after import = 8

========================================================================
Received Import Request.
  Time since last request: 0.000018 seconds.
  path: Assets/Assets/Prefabs/En combate/GSS_Foliage_Desert_big_cactus_04.prefab
  artifactKey: Guid(18db10bbbda922c44af9f3711a0a777b) Importer(815301076,1909f56bfc062723c751e8b465ee728b)
Start importing Assets/Assets/Prefabs/En combate/GSS_Foliage_Desert_big_cactus_04.prefab using Guid(18db10bbbda922c44af9f3711a0a777b) Importer(815301076,1909f56bfc062723c751e8b465ee728b) (PreviewImporter) -> (artifact id: '051a56b21e971e8164a6a415fd5a2567') in 0.0077379 seconds
Number of updated asset objects reloaded before import = 0Number of asset objects unloaded after import = 8

========================================================================
Received Import Request.
  Time since last request: 0.000020 seconds.
  path: Assets/Assets/Prefabs/En combate/GSS_Foliage_Desert_small_Cactus_15.prefab
  artifactKey: Guid(6ca4b8397df0f3542a3c764ff3716723) Importer(815301076,1909f56bfc062723c751e8b465ee728b)
Start importing Assets/Assets/Prefabs/En combate/GSS_Foliage_Desert_small_Cactus_15.prefab using Guid(6ca4b8397df0f3542a3c764ff3716723) Importer(815301076,1909f56bfc062723c751e8b465ee728b) (PreviewImporter) -> (artifact id: '47d57d64a088e1ab85189da2f31e3e7b') in 0.0066672 seconds
Number of updated asset objects reloaded before import = 0Number of asset objects unloaded after import = 8

========================================================================
Received Import Request.
  Time since last request: 0.000018 seconds.
  path: Assets/Assets/Prefabs/En combate/GSS_Foliage_Desert_small_Bush_02.prefab
  artifactKey: Guid(60ba3c69179e9664299d32b2e9ec1ee9) Importer(815301076,1909f56bfc062723c751e8b465ee728b)
Start importing Assets/Assets/Prefabs/En combate/GSS_Foliage_Desert_small_Bush_02.prefab using Guid(60ba3c69179e9664299d32b2e9ec1ee9) Importer(815301076,1909f56bfc062723c751e8b465ee728b) (PreviewImporter) -> (artifact id: 'a62e1654f0cfd5d6e01334252f7247c1') in 0.0072394 seconds
Number of updated asset objects reloaded before import = 0Number of asset objects unloaded after import = 8

========================================================================
Received Import Request.
  Time since last request: 0.000017 seconds.
  path: Assets/Assets/Prefabs/En combate/GSS_Foliage_Desert_small_Cactus_10.prefab
  artifactKey: Guid(1fe92bd015e8ae84bb16cd0234a09555) Importer(815301076,1909f56bfc062723c751e8b465ee728b)
Start importing Assets/Assets/Prefabs/En combate/GSS_Foliage_Desert_small_Cactus_10.prefab using Guid(1fe92bd015e8ae84bb16cd0234a09555) Importer(815301076,1909f56bfc062723c751e8b465ee728b) (PreviewImporter) -> (artifact id: '1e49a0c98d3363bbb3c61c749c04091d') in 0.023837 seconds
Number of updated asset objects reloaded before import = 0Number of asset objects unloaded after import = 8

========================================================================
Received Import Request.
  Time since last request: 0.000028 seconds.
  path: Assets/Assets/Prefabs/En combate/GSS_Foliage_Desert_small_Flower_01.prefab
  artifactKey: Guid(5932d5476a331e2458cbb4cabb673a95) Importer(815301076,1909f56bfc062723c751e8b465ee728b)
Start importing Assets/Assets/Prefabs/En combate/GSS_Foliage_Desert_small_Flower_01.prefab using Guid(5932d5476a331e2458cbb4cabb673a95) Importer(815301076,1909f56bfc062723c751e8b465ee728b) (PreviewImporter) -> (artifact id: '66409e72821cee99550b28f765cc2196') in 0.0191976 seconds
Number of updated asset objects reloaded before import = 0Number of asset objects unloaded after import = 8

========================================================================
Received Import Request.
  Time since last request: 0.000113 seconds.
  path: Assets/Assets/Prefabs/En combate/GSS_Foliage_Forest_small_flower_01.prefab
  artifactKey: Guid(e30ff6a7263365e4486c3f7d394617f5) Importer(815301076,1909f56bfc062723c751e8b465ee728b)
Start importing Assets/Assets/Prefabs/En combate/GSS_Foliage_Forest_small_flower_01.prefab using Guid(e30ff6a7263365e4486c3f7d394617f5) Importer(815301076,1909f56bfc062723c751e8b465ee728b) (PreviewImporter) -> (artifact id: 'b7d12a1fe461077b4cd7003c6ab58a25') in 0.0074244 seconds
Number of updated asset objects reloaded before import = 0Number of asset objects unloaded after import = 8

========================================================================
Received Import Request.
  Time since last request: 0.000022 seconds.
  path: Assets/Assets/Prefabs/En combate/GSS_Foliage_Desert_small_Cactus_06.prefab
  artifactKey: Guid(b3a22db56d1089140a2618c3a26bb633) Importer(815301076,1909f56bfc062723c751e8b465ee728b)
Start importing Assets/Assets/Prefabs/En combate/GSS_Foliage_Desert_small_Cactus_06.prefab using Guid(b3a22db56d1089140a2618c3a26bb633) Importer(815301076,1909f56bfc062723c751e8b465ee728b) (PreviewImporter) -> (artifact id: '70303de78ad5ee8a5cf55d9e6c7438f8') in 0.0079799 seconds
Number of updated asset objects reloaded before import = 0Number of asset objects unloaded after import = 8

========================================================================
Received Import Request.
  Time since last request: 0.000025 seconds.
  path: Assets/Assets/Prefabs/En combate/GSS_Foliage_Forest_big_cypress_03.prefab
  artifactKey: Guid(754905b0f6322634191af8d2a3f6635a) Importer(815301076,1909f56bfc062723c751e8b465ee728b)
Start importing Assets/Assets/Prefabs/En combate/GSS_Foliage_Forest_big_cypress_03.prefab using Guid(754905b0f6322634191af8d2a3f6635a) Importer(815301076,1909f56bfc062723c751e8b465ee728b) (PreviewImporter) -> (artifact id: '65f531e78ba40575ecb55c844ef26872') in 0.0198762 seconds
Number of updated asset objects reloaded before import = 0Number of asset objects unloaded after import = 8

========================================================================
Received Import Request.
  Time since last request: 0.000017 seconds.
  path: Assets/Assets/Prefabs/En combate/GSS_Foliage_Desert_small_Flower_04.prefab
  artifactKey: Guid(f47c5b9c3713113478d750f3f0ba4cee) Importer(815301076,1909f56bfc062723c751e8b465ee728b)
Start importing Assets/Assets/Prefabs/En combate/GSS_Foliage_Desert_small_Flower_04.prefab using Guid(f47c5b9c3713113478d750f3f0ba4cee) Importer(815301076,1909f56bfc062723c751e8b465ee728b) (PreviewImporter) -> (artifact id: 'b6a23c4477ba6766da4de8039f66afbe') in 0.0073305 seconds
Number of updated asset objects reloaded before import = 0Number of asset objects unloaded after import = 8

========================================================================
Received Import Request.
  Time since last request: 0.000020 seconds.
  path: Assets/Assets/Prefabs/En combate/GSS_Foliage_Forest_small_bush_01.prefab
  artifactKey: Guid(06774a7ee32ae8540bc19bf6ee8b869f) Importer(815301076,1909f56bfc062723c751e8b465ee728b)
Start importing Assets/Assets/Prefabs/En combate/GSS_Foliage_Forest_small_bush_01.prefab using Guid(06774a7ee32ae8540bc19bf6ee8b869f) Importer(815301076,1909f56bfc062723c751e8b465ee728b) (PreviewImporter) -> (artifact id: '38839960cabba29ad6d4e818c229380e') in 0.0202045 seconds
Number of updated asset objects reloaded before import = 0Number of asset objects unloaded after import = 8

========================================================================
Received Import Request.
  Time since last request: 0.000023 seconds.
  path: Assets/Assets/Prefabs/En combate/GSS_Foliage_Forest_big_cypress_02.prefab
  artifactKey: Guid(0f9c75c7e3b4e0946983cf8c4e1e3986) Importer(815301076,1909f56bfc062723c751e8b465ee728b)
Start importing Assets/Assets/Prefabs/En combate/GSS_Foliage_Forest_big_cypress_02.prefab using Guid(0f9c75c7e3b4e0946983cf8c4e1e3986) Importer(815301076,1909f56bfc062723c751e8b465ee728b) (PreviewImporter) -> (artifact id: '24327c57a3369510c4ffa35e5bb5cf2f') in 0.0104919 seconds
Number of updated asset objects reloaded before import = 0Number of asset objects unloaded after import = 8

========================================================================
Received Import Request.
  Time since last request: 0.000021 seconds.
  path: Assets/Assets/Prefabs/En combate/GSS_Foliage_waterplant 6.prefab
  artifactKey: Guid(bc5a13ae4207fe94bae2369333c5febc) Importer(815301076,1909f56bfc062723c751e8b465ee728b)
Start importing Assets/Assets/Prefabs/En combate/GSS_Foliage_waterplant 6.prefab using Guid(bc5a13ae4207fe94bae2369333c5febc) Importer(815301076,1909f56bfc062723c751e8b465ee728b) (PreviewImporter) -> (artifact id: 'd0c33c7f3c18b2d655bf6a703890a8af') in 0.0065075 seconds
Number of updated asset objects reloaded before import = 0Number of asset objects unloaded after import = 8

========================================================================
Received Import Request.
  Time since last request: 0.000027 seconds.
  path: Assets/Assets/Prefabs/En combate/GSS_Foliage_Forest_deadbush(5).prefab
  artifactKey: Guid(316465befd56b8a43844799914d4baa3) Importer(815301076,1909f56bfc062723c751e8b465ee728b)
Start importing Assets/Assets/Prefabs/En combate/GSS_Foliage_Forest_deadbush(5).prefab using Guid(316465befd56b8a43844799914d4baa3) Importer(815301076,1909f56bfc062723c751e8b465ee728b) (PreviewImporter) -> (artifact id: 'a23a5a3eceed21cd5a86d82fd596ac9a') in 0.0077763 seconds
Number of updated asset objects reloaded before import = 0Number of asset objects unloaded after import = 8

========================================================================
Received Import Request.
  Time since last request: 0.000023 seconds.
  path: Assets/Assets/Prefabs/En combate/GSS_Foliage_Desert_small_Cactus_14.prefab
  artifactKey: Guid(560c0ba9f51de954e99a6cc9a7e2e2e3) Importer(815301076,1909f56bfc062723c751e8b465ee728b)
Start importing Assets/Assets/Prefabs/En combate/GSS_Foliage_Desert_small_Cactus_14.prefab using Guid(560c0ba9f51de954e99a6cc9a7e2e2e3) Importer(815301076,1909f56bfc062723c751e8b465ee728b) (PreviewImporter) -> (artifact id: 'e4e382e019585a5c7a688c431b2ff91f') in 0.0086426 seconds
Number of updated asset objects reloaded before import = 0Number of asset objects unloaded after import = 8

========================================================================
Received Import Request.
  Time since last request: 0.000022 seconds.
  path: Assets/Assets/Prefabs/En combate/GSS_Foliage_Forest_small_bush_02.prefab
  artifactKey: Guid(b1bedbd3bd975104996c4bf2fbcb9a57) Importer(815301076,1909f56bfc062723c751e8b465ee728b)
Start importing Assets/Assets/Prefabs/En combate/GSS_Foliage_Forest_small_bush_02.prefab using Guid(b1bedbd3bd975104996c4bf2fbcb9a57) Importer(815301076,1909f56bfc062723c751e8b465ee728b) (PreviewImporter) -> (artifact id: 'de8810114db4288912794e795e7da432') in 0.0194371 seconds
Number of updated asset objects reloaded before import = 0Number of asset objects unloaded after import = 8

========================================================================
Received Import Request.
  Time since last request: 0.000018 seconds.
  path: Assets/Assets/Prefabs/En combate/GSS_Foliage_Forest_small_mushroom_02.prefab
  artifactKey: Guid(57d745682b8c2f74fa41cba3b3f62edc) Importer(815301076,1909f56bfc062723c751e8b465ee728b)
Start importing Assets/Assets/Prefabs/En combate/GSS_Foliage_Forest_small_mushroom_02.prefab using Guid(57d745682b8c2f74fa41cba3b3f62edc) Importer(815301076,1909f56bfc062723c751e8b465ee728b) (PreviewImporter) -> (artifact id: 'aaccb13256370c5684bd8d0e36c9afd7') in 0.0081639 seconds
Number of updated asset objects reloaded before import = 0Number of asset objects unloaded after import = 8

========================================================================
Received Import Request.
  Time since last request: 0.000025 seconds.
  path: Assets/Assets/Prefabs/En combate/GSS_Foliage_Forest_small_grass_03.prefab
  artifactKey: Guid(62fd518589b387e4d98b3a3ec2593088) Importer(815301076,1909f56bfc062723c751e8b465ee728b)
Start importing Assets/Assets/Prefabs/En combate/GSS_Foliage_Forest_small_grass_03.prefab using Guid(62fd518589b387e4d98b3a3ec2593088) Importer(815301076,1909f56bfc062723c751e8b465ee728b) (PreviewImporter) -> (artifact id: 'e1d147084b51d03b0bebe56cea4e44db') in 0.007226 seconds
Number of updated asset objects reloaded before import = 0Number of asset objects unloaded after import = 8

========================================================================
Received Import Request.
  Time since last request: 0.000029 seconds.
  path: Assets/Assets/Prefabs/En combate/GSS_Foliage_waterplant (2).prefab
  artifactKey: Guid(e3d95b96d373b5746a67d149a602aefc) Importer(815301076,1909f56bfc062723c751e8b465ee728b)
Start importing Assets/Assets/Prefabs/En combate/GSS_Foliage_waterplant (2).prefab using Guid(e3d95b96d373b5746a67d149a602aefc) Importer(815301076,1909f56bfc062723c751e8b465ee728b) (PreviewImporter) -> (artifact id: 'ee981c0ea9157b01591a77ac685040c3') in 0.0070509 seconds
Number of updated asset objects reloaded before import = 0Number of asset objects unloaded after import = 8

========================================================================
Received Import Request.
  Time since last request: 0.000018 seconds.
  path: Assets/Assets/Prefabs/En combate/GSS_Foliage_Forest_small_grass_01.prefab
  artifactKey: Guid(742dd91f3b07d4a48b0d75215d8fb16b) Importer(815301076,1909f56bfc062723c751e8b465ee728b)
Start importing Assets/Assets/Prefabs/En combate/GSS_Foliage_Forest_small_grass_01.prefab using Guid(742dd91f3b07d4a48b0d75215d8fb16b) Importer(815301076,1909f56bfc062723c751e8b465ee728b) (PreviewImporter) -> (artifact id: 'bd3dc57972bcc5e8fdc568aaf82d41e4') in 0.0077025 seconds
Number of updated asset objects reloaded before import = 0Number of asset objects unloaded after import = 8

========================================================================
Received Import Request.
  Time since last request: 0.000021 seconds.
  path: Assets/Assets/Prefabs/En combate/GSS_Foliage_reed (2).prefab
  artifactKey: Guid(a5ddbb06a9a9f47449fc27395014a184) Importer(815301076,1909f56bfc062723c751e8b465ee728b)
Start importing Assets/Assets/Prefabs/En combate/GSS_Foliage_reed (2).prefab using Guid(a5ddbb06a9a9f47449fc27395014a184) Importer(815301076,1909f56bfc062723c751e8b465ee728b) (PreviewImporter) -> (artifact id: 'f710841ee83f30d7cee2027bf4001c94') in 0.0070521 seconds
Number of updated asset objects reloaded before import = 0Number of asset objects unloaded after import = 8

========================================================================
Received Import Request.
  Time since last request: 0.000033 seconds.
  path: Assets/Assets/Prefabs/En combate/GSS_Foliage_Forest_small_clover_02.prefab
  artifactKey: Guid(fda2c1f33f848434499cfed3e4e9b136) Importer(815301076,1909f56bfc062723c751e8b465ee728b)
Start importing Assets/Assets/Prefabs/En combate/GSS_Foliage_Forest_small_clover_02.prefab using Guid(fda2c1f33f848434499cfed3e4e9b136) Importer(815301076,1909f56bfc062723c751e8b465ee728b) (PreviewImporter) -> (artifact id: 'a648751f62a1deb64f518b68e14b12c6') in 0.0076293 seconds
Number of updated asset objects reloaded before import = 0Number of asset objects unloaded after import = 8

========================================================================
Received Import Request.
  Time since last request: 0.000018 seconds.
  path: Assets/Assets/Prefabs/En combate/GSS_Foliage_reed (1).prefab
  artifactKey: Guid(734fc55e1cbb5ec4eb52707eaea6bed7) Importer(815301076,1909f56bfc062723c751e8b465ee728b)
Start importing Assets/Assets/Prefabs/En combate/GSS_Foliage_reed (1).prefab using Guid(734fc55e1cbb5ec4eb52707eaea6bed7) Importer(815301076,1909f56bfc062723c751e8b465ee728b) (PreviewImporter) -> (artifact id: 'a7f0159687c15d413872b9ed22063537') in 0.0084375 seconds
Number of updated asset objects reloaded before import = 0Number of asset objects unloaded after import = 8

========================================================================
Received Import Request.
  Time since last request: 0.000023 seconds.
  path: Assets/Assets/Prefabs/En combate/GSS_Foliage_waterplant.prefab
  artifactKey: Guid(c3f9e1a7a4b563a469a86b2d2acab00e) Importer(815301076,1909f56bfc062723c751e8b465ee728b)
Start importing Assets/Assets/Prefabs/En combate/GSS_Foliage_waterplant.prefab using Guid(c3f9e1a7a4b563a469a86b2d2acab00e) Importer(815301076,1909f56bfc062723c751e8b465ee728b) (PreviewImporter) -> (artifact id: '317ba38c475d44a7a71367dd52ed8e19') in 0.0073538 seconds
Number of updated asset objects reloaded before import = 0Number of asset objects unloaded after import = 8

========================================================================
Received Import Request.
  Time since last request: 0.000021 seconds.
  path: Assets/Assets/Prefabs/En combate/GSS_Foliage_forest_bush (4).prefab
  artifactKey: Guid(174ae29b42cc5f946a57e7b04ba02842) Importer(815301076,1909f56bfc062723c751e8b465ee728b)
Start importing Assets/Assets/Prefabs/En combate/GSS_Foliage_forest_bush (4).prefab using Guid(174ae29b42cc5f946a57e7b04ba02842) Importer(815301076,1909f56bfc062723c751e8b465ee728b) (PreviewImporter) -> (artifact id: '1e3c428ba51a3af0396085246a299ddb') in 0.0068534 seconds
Number of updated asset objects reloaded before import = 0Number of asset objects unloaded after import = 8

========================================================================
Received Import Request.
  Time since last request: 0.000023 seconds.
  path: Assets/Assets/Prefabs/En combate/GSS_Foliage_Forest_small_mushroom_04.prefab
  artifactKey: Guid(66fb77efc374ce84e878f2013a8c374f) Importer(815301076,1909f56bfc062723c751e8b465ee728b)
Start importing Assets/Assets/Prefabs/En combate/GSS_Foliage_Forest_small_mushroom_04.prefab using Guid(66fb77efc374ce84e878f2013a8c374f) Importer(815301076,1909f56bfc062723c751e8b465ee728b) (PreviewImporter) -> (artifact id: '13efbcac7a8a29826e3aea5bf9c1f7db') in 0.0095751 seconds
Number of updated asset objects reloaded before import = 0Number of asset objects unloaded after import = 8

========================================================================
Received Import Request.
  Time since last request: 0.000020 seconds.
  path: Assets/Assets/Prefabs/En combate/GSS_Foliage_Desert_small_Cactus_09.prefab
  artifactKey: Guid(111925e17ca899a45889a235da1d9165) Importer(815301076,1909f56bfc062723c751e8b465ee728b)
Start importing Assets/Assets/Prefabs/En combate/GSS_Foliage_Desert_small_Cactus_09.prefab using Guid(111925e17ca899a45889a235da1d9165) Importer(815301076,1909f56bfc062723c751e8b465ee728b) (PreviewImporter) -> (artifact id: '9a68b7262a4e6b557938685095f0aebf') in 0.0165879 seconds
Number of updated asset objects reloaded before import = 0Number of asset objects unloaded after import = 8

========================================================================
Received Import Request.
  Time since last request: 0.000021 seconds.
  path: Assets/Assets/Prefabs/En combate/GSS_Foliage_waterbuds.prefab
  artifactKey: Guid(59dc67aad5b90fa4990d202bcac5c24d) Importer(815301076,1909f56bfc062723c751e8b465ee728b)
Start importing Assets/Assets/Prefabs/En combate/GSS_Foliage_waterbuds.prefab using Guid(59dc67aad5b90fa4990d202bcac5c24d) Importer(815301076,1909f56bfc062723c751e8b465ee728b) (PreviewImporter) -> (artifact id: '8c345b01783aedfea49fa77f531d4ee1') in 0.0079648 seconds
Number of updated asset objects reloaded before import = 0Number of asset objects unloaded after import = 8

========================================================================
Received Import Request.
  Time since last request: 0.000026 seconds.
  path: Assets/Assets/Prefabs/En combate/GSS_Foliage_Forest_small_mushroom_01.prefab
  artifactKey: Guid(008c71910d4ff62418ca2f4b48f53427) Importer(815301076,1909f56bfc062723c751e8b465ee728b)
Start importing Assets/Assets/Prefabs/En combate/GSS_Foliage_Forest_small_mushroom_01.prefab using Guid(008c71910d4ff62418ca2f4b48f53427) Importer(815301076,1909f56bfc062723c751e8b465ee728b) (PreviewImporter) -> (artifact id: 'c39186928b8dc2c39199846a818f07d9') in 0.006953 seconds
Number of updated asset objects reloaded before import = 0Number of asset objects unloaded after import = 8

========================================================================
Received Import Request.
  Time since last request: 0.000027 seconds.
  path: Assets/Assets/Prefabs/En combate/GSS_Foliage_Desert_small_Cactus_05.prefab
  artifactKey: Guid(f9108e95e42493e48b4f31fb3cbed0c3) Importer(815301076,1909f56bfc062723c751e8b465ee728b)
Start importing Assets/Assets/Prefabs/En combate/GSS_Foliage_Desert_small_Cactus_05.prefab using Guid(f9108e95e42493e48b4f31fb3cbed0c3) Importer(815301076,1909f56bfc062723c751e8b465ee728b) (PreviewImporter) -> (artifact id: '25d292d45b833d7401a9f6169cb5a9d9') in 0.0075914 seconds
Number of updated asset objects reloaded before import = 0Number of asset objects unloaded after import = 8

========================================================================
Received Import Request.
  Time since last request: 0.000019 seconds.
  path: Assets/Assets/Prefabs/En combate/GSS_Foliage_bamboo (3).prefab
  artifactKey: Guid(2f812547cd42e58438a9b89a5a6fa8f7) Importer(815301076,1909f56bfc062723c751e8b465ee728b)
Start importing Assets/Assets/Prefabs/En combate/GSS_Foliage_bamboo (3).prefab using Guid(2f812547cd42e58438a9b89a5a6fa8f7) Importer(815301076,1909f56bfc062723c751e8b465ee728b) (PreviewImporter) -> (artifact id: '463ffd1898988671171f6397817ac83b') in 0.0073426 seconds
Number of updated asset objects reloaded before import = 0Number of asset objects unloaded after import = 8

========================================================================
Received Import Request.
  Time since last request: 0.000019 seconds.
  path: Assets/Assets/Prefabs/En combate/GSS_Foliage_Desert_small_Cactus_03.prefab
  artifactKey: Guid(edecf4434e80caa40ab3c83b89556039) Importer(815301076,1909f56bfc062723c751e8b465ee728b)
Start importing Assets/Assets/Prefabs/En combate/GSS_Foliage_Desert_small_Cactus_03.prefab using Guid(edecf4434e80caa40ab3c83b89556039) Importer(815301076,1909f56bfc062723c751e8b465ee728b) (PreviewImporter) -> (artifact id: '37730bcd964cc9b021db17d4073bec75') in 0.0065248 seconds
Number of updated asset objects reloaded before import = 0Number of asset objects unloaded after import = 8

========================================================================
Received Import Request.
  Time since last request: 0.000017 seconds.
  path: Assets/Assets/Prefabs/En combate/GSS_Foliage_Forest_small_grass_05.prefab
  artifactKey: Guid(3a904cc7fafbc9a46a2fc266b63e536a) Importer(815301076,1909f56bfc062723c751e8b465ee728b)
Start importing Assets/Assets/Prefabs/En combate/GSS_Foliage_Forest_small_grass_05.prefab using Guid(3a904cc7fafbc9a46a2fc266b63e536a) Importer(815301076,1909f56bfc062723c751e8b465ee728b) (PreviewImporter) -> (artifact id: '6203cbc859f6a75e1c1eee7fea3cb741') in 0.0075904 seconds
Number of updated asset objects reloaded before import = 0Number of asset objects unloaded after import = 8

========================================================================
Received Import Request.
  Time since last request: 0.000023 seconds.
  path: Assets/Assets/Prefabs/En combate/GSS_Foliage_Forest_small_grass_08.prefab
  artifactKey: Guid(8c1dc9e09c72b1c408990d852d2fc132) Importer(815301076,1909f56bfc062723c751e8b465ee728b)
Start importing Assets/Assets/Prefabs/En combate/GSS_Foliage_Forest_small_grass_08.prefab using Guid(8c1dc9e09c72b1c408990d852d2fc132) Importer(815301076,1909f56bfc062723c751e8b465ee728b) (PreviewImporter) -> (artifact id: 'e3466e41e020a73fe0ce7ef2f2cd4a92') in 0.0069417 seconds
Number of updated asset objects reloaded before import = 0Number of asset objects unloaded after import = 8

========================================================================
Received Import Request.
  Time since last request: 0.000031 seconds.
  path: Assets/Assets/Prefabs/En combate/GSS_Foliage_reed (6).prefab
  artifactKey: Guid(a9c1f9698fcdc6040a57e5dba72eee90) Importer(815301076,1909f56bfc062723c751e8b465ee728b)
Start importing Assets/Assets/Prefabs/En combate/GSS_Foliage_reed (6).prefab using Guid(a9c1f9698fcdc6040a57e5dba72eee90) Importer(815301076,1909f56bfc062723c751e8b465ee728b) (PreviewImporter) -> (artifact id: '36de816a4d54fa7335ee0b76a2b538fc') in 0.006364 seconds
Number of updated asset objects reloaded before import = 0Number of asset objects unloaded after import = 8

========================================================================
Received Import Request.
  Time since last request: 0.000020 seconds.
  path: Assets/Assets/Prefabs/En combate/GSS_Foliage_desert_skull_02.prefab
  artifactKey: Guid(1ebace382ac61ec4891f1c4eba39d860) Importer(815301076,1909f56bfc062723c751e8b465ee728b)
Start importing Assets/Assets/Prefabs/En combate/GSS_Foliage_desert_skull_02.prefab using Guid(1ebace382ac61ec4891f1c4eba39d860) Importer(815301076,1909f56bfc062723c751e8b465ee728b) (PreviewImporter) -> (artifact id: '34a376c34a7b560bb893cc17491b24a3') in 0.0070804 seconds
Number of updated asset objects reloaded before import = 0Number of asset objects unloaded after import = 8

========================================================================
Received Import Request.
  Time since last request: 0.000028 seconds.
  path: Assets/Assets/Prefabs/En combate/GSS_Foliage_waterplant 2.prefab
  artifactKey: Guid(ee6aeb93114d21f4a9a5cff821bdb664) Importer(815301076,1909f56bfc062723c751e8b465ee728b)
Start importing Assets/Assets/Prefabs/En combate/GSS_Foliage_waterplant 2.prefab using Guid(ee6aeb93114d21f4a9a5cff821bdb664) Importer(815301076,1909f56bfc062723c751e8b465ee728b) (PreviewImporter) -> (artifact id: '79e862ce9b97122e1429d7a97f7abd6e') in 0.0075535 seconds
Number of updated asset objects reloaded before import = 0Number of asset objects unloaded after import = 8

========================================================================
Received Import Request.
  Time since last request: 0.000029 seconds.
  path: Assets/Assets/Prefabs/En combate/GSS_Foliage_Desert_small_Flower_03.prefab
  artifactKey: Guid(5a611d2ac9041ac4f907a5c50514f141) Importer(815301076,1909f56bfc062723c751e8b465ee728b)
Start importing Assets/Assets/Prefabs/En combate/GSS_Foliage_Desert_small_Flower_03.prefab using Guid(5a611d2ac9041ac4f907a5c50514f141) Importer(815301076,1909f56bfc062723c751e8b465ee728b) (PreviewImporter) -> (artifact id: 'd757df5dca9c448230f0f40be78bddfe') in 0.0181574 seconds
Number of updated asset objects reloaded before import = 0Number of asset objects unloaded after import = 8

========================================================================
Received Import Request.
  Time since last request: 0.000024 seconds.
  path: Assets/Assets/Prefabs/En combate/GSS_Foliage_forest_berrybush.prefab
  artifactKey: Guid(f96c34a9c0fa542418c8234fd5eea442) Importer(815301076,1909f56bfc062723c751e8b465ee728b)
Start importing Assets/Assets/Prefabs/En combate/GSS_Foliage_forest_berrybush.prefab using Guid(f96c34a9c0fa542418c8234fd5eea442) Importer(815301076,1909f56bfc062723c751e8b465ee728b) (PreviewImporter) -> (artifact id: '4255183b0ec85b2ba14640f13a7a6650') in 0.0204178 seconds
Number of updated asset objects reloaded before import = 0Number of asset objects unloaded after import = 8

========================================================================
Received Import Request.
  Time since last request: 0.000022 seconds.
  path: Assets/Assets/Prefabs/En combate/GSS_Foliage_waterplant 3.prefab
  artifactKey: Guid(1aa3802bef31bfc478accf81aa5c7abf) Importer(815301076,1909f56bfc062723c751e8b465ee728b)
Start importing Assets/Assets/Prefabs/En combate/GSS_Foliage_waterplant 3.prefab using Guid(1aa3802bef31bfc478accf81aa5c7abf) Importer(815301076,1909f56bfc062723c751e8b465ee728b) (PreviewImporter) -> (artifact id: 'e4f2b5c4e8ddcc8815b5ccb1c728ab5f') in 0.0072203 seconds
Number of updated asset objects reloaded before import = 0Number of asset objects unloaded after import = 8

Editor requested this worker to shutdown with reason: Scaling down because of idle timeout
AssetImportWorker is now disconnected from the server
Process exiting
Exiting without the bug reporter. Application will terminate with return code 0