Using pre-set license
Built from '6000.0/staging' branch; Version is '6000.0.47f1 (2ad1ed33fd3b) revision 2806253'; Using compiler version '193933523'; Build Type 'Release'
OS: 'Windows 11  (10.0.26100) 64bit Professional' Language: 'en' Physical Memory: 65162 MB
BatchMode: 1, IsHumanControllingUs: 0, StartBugReporterOnCrash: 0, Is64bit: 1, IsPro: 1

COMMAND LINE ARGUMENTS:
D:\Program Files(x86)\6000.0.47f1\Editor\Unity.exe
-adb2
-batchMode
-noUpm
-name
AssetImportWorker4
-projectPath
D:/Proyectos/Unity/TechProofRPG Juan/TechProofRPG Juan
-logFile
Logs/AssetImportWorker4.log
-srvPort
55181
-job-worker-count
7
-background-job-worker-count
8
-gc-helper-count
1
Successfully changed project path to: D:/Proyectos/Unity/TechProofRPG Juan/TechProofRPG Juan
D:/Proyectos/Unity/TechProofRPG Juan/TechProofRPG Juan
[UnityMemory] Configuration Parameters - Can be set up in boot.config
    "memorysetup-bucket-allocator-granularity=16"
    "memorysetup-bucket-allocator-bucket-count=8"
    "memorysetup-bucket-allocator-block-size=33554432"
    "memorysetup-bucket-allocator-block-count=8"
    "memorysetup-main-allocator-block-size=16777216"
    "memorysetup-thread-allocator-block-size=16777216"
    "memorysetup-gfx-main-allocator-block-size=16777216"
    "memorysetup-gfx-thread-allocator-block-size=16777216"
    "memorysetup-cache-allocator-block-size=4194304"
    "memorysetup-typetree-allocator-block-size=2097152"
    "memorysetup-profiler-bucket-allocator-granularity=16"
    "memorysetup-profiler-bucket-allocator-bucket-count=8"
    "memorysetup-profiler-bucket-allocator-block-size=33554432"
    "memorysetup-profiler-bucket-allocator-block-count=8"
    "memorysetup-profiler-allocator-block-size=16777216"
    "memorysetup-profiler-editor-allocator-block-size=1048576"
    "memorysetup-temp-allocator-size-main=16777216"
    "memorysetup-job-temp-allocator-block-size=2097152"
    "memorysetup-job-temp-allocator-block-size-background=1048576"
    "memorysetup-job-temp-allocator-reduction-small-platforms=262144"
    "memorysetup-allocator-temp-initial-block-size-main=262144"
    "memorysetup-allocator-temp-initial-block-size-worker=262144"
    "memorysetup-temp-allocator-size-background-worker=32768"
    "memorysetup-temp-allocator-size-job-worker=262144"
    "memorysetup-temp-allocator-size-preload-manager=33554432"
    "memorysetup-temp-allocator-size-nav-mesh-worker=65536"
    "memorysetup-temp-allocator-size-audio-worker=65536"
    "memorysetup-temp-allocator-size-cloud-worker=32768"
    "memorysetup-temp-allocator-size-gi-baking-worker=262144"
    "memorysetup-temp-allocator-size-gi-baking-worker=262144"
    "memorysetup-temp-allocator-size-gi-baking-worker=262144"
    "memorysetup-temp-allocator-size-gi-baking-worker=262144"
    "memorysetup-temp-allocator-size-gi-baking-worker=262144"
    "memorysetup-temp-allocator-size-gfx=262144"
Player connection [10640]  Target information:

Player connection [10640]  * "[IP] 192.168.100.158 [Port] 0 [Flags] 2 [Guid] 2969139586 [EditorId] 2969139586 [Version] 1048832 [Id] WindowsEditor(7,Matias) [Debug] 1 [PackageName] WindowsEditor [ProjectName] Editor" 

Player connection [10640]  * "[IP] 192.168.100.156 [Port] 0 [Flags] 2 [Guid] 2969139586 [EditorId] 2969139586 [Version] 1048832 [Id] WindowsEditor(7,Matias) [Debug] 1 [PackageName] WindowsEditor [ProjectName] Editor" 

Player connection [10640] Host joined multi-casting on [225.0.0.222:54997]...
Player connection [10640] Host joined alternative multi-casting on [225.0.0.222:34997]...
JobSystem: Creating JobQueue using job-worker-count value 7
Input System module state changed to: Initialized.
[Physics::Module] Initialized fallback backend.
[Physics::Module] Id: 0xdecafbad
Library Redirect Path: Library/
[Physics::Module] Selected backend.
[Physics::Module] Name: PhysX
[Physics::Module] Id: 0xf2b8ea05
[Physics::Module] SDK Version: 4.1.2
[Physics::Module] Integration Version: 1.0.0
[Physics::Module] Threading Mode: Multi-Threaded
Refreshing native plugins compatible for Editor in 3.49 ms, found 4 plugins.
Preloading 0 native plugins for Editor in 0.00 ms.
Initialize engine version: 6000.0.47f1 (2ad1ed33fd3b)
[Subsystems] Discovering subsystems at path D:/Program Files(x86)/6000.0.47f1/Editor/Data/Resources/UnitySubsystems
[Subsystems] Discovering subsystems at path D:/Proyectos/Unity/TechProofRPG Juan/TechProofRPG Juan/Assets
GfxDevice: creating device client; kGfxThreadingModeNonThreaded
Direct3D:
    Version:  Direct3D 11.0 [level 11.1]
    Renderer: NVIDIA GeForce RTX 4070 Laptop GPU (ID=0x2860)
    Vendor:   NVIDIA
    VRAM:     7948 MB
    Driver:   32.0.15.8129
Initialize mono
Mono path[0] = 'D:/Program Files(x86)/6000.0.47f1/Editor/Data/Managed'
Mono path[1] = 'D:/Program Files(x86)/6000.0.47f1/Editor/Data/MonoBleedingEdge/lib/mono/unityjit-win32'
Mono config path = 'D:/Program Files(x86)/6000.0.47f1/Editor/Data/MonoBleedingEdge/etc'
Using monoOptions --debugger-agent=transport=dt_socket,embedding=1,server=y,suspend=n,address=127.0.0.1:56000
Begin MonoManager ReloadAssembly
Registering precompiled unity dll's ...
Register platform support module: D:/Program Files(x86)/6000.0.47f1/Editor/Data/PlaybackEngines/WindowsStandaloneSupport/UnityEditor.WindowsStandalone.Extensions.dll
Registered in 0.001492 seconds.
- Loaded All Assemblies, in  0.315 seconds
Native extension for WindowsStandalone target not found
Mono: successfully reloaded assembly
- Finished resetting the current domain, in  0.256 seconds
Domain Reload Profiling: 570ms
	BeginReloadAssembly (124ms)
		ExecutionOrderSort (0ms)
		DisableScriptedObjects (0ms)
		BackupInstance (0ms)
		ReleaseScriptingObjects (0ms)
		CreateAndSetChildDomain (1ms)
	RebuildCommonClasses (32ms)
	RebuildNativeTypeToScriptingClass (9ms)
	initialDomainReloadingComplete (33ms)
	LoadAllAssembliesAndSetupDomain (117ms)
		LoadAssemblies (123ms)
		RebuildTransferFunctionScriptingTraits (0ms)
		AnalyzeDomain (115ms)
			TypeCache.Refresh (114ms)
				TypeCache.ScanAssembly (103ms)
			BuildScriptInfoCaches (0ms)
			ResolveRequiredComponents (0ms)
	FinalizeReload (256ms)
		ReleaseScriptCaches (0ms)
		RebuildScriptCaches (0ms)
		SetupLoadedEditorAssemblies (220ms)
			LogAssemblyErrors (0ms)
			InitializePlatformSupportModulesInManaged (20ms)
			SetLoadedEditorAssemblies (4ms)
			BeforeProcessingInitializeOnLoad (44ms)
			ProcessInitializeOnLoadAttributes (115ms)
			ProcessInitializeOnLoadMethodAttributes (37ms)
			AfterProcessingInitializeOnLoad (0ms)
			EditorAssembliesLoaded (0ms)
		ExecutionOrderSort2 (0ms)
		AwakeInstancesAfterBackupRestoration (0ms)
========================================================================
Worker process is ready to serve import requests
Import Worker Mode flag is 0x00
Begin MonoManager ReloadAssembly
- Loaded All Assemblies, in  0.612 seconds
Refreshing native plugins compatible for Editor in 1.41 ms, found 4 plugins.
Native extension for WindowsStandalone target not found
Mono: successfully reloaded assembly
- Finished resetting the current domain, in  0.770 seconds
Domain Reload Profiling: 1381ms
	BeginReloadAssembly (135ms)
		ExecutionOrderSort (0ms)
		DisableScriptedObjects (5ms)
		BackupInstance (0ms)
		ReleaseScriptingObjects (0ms)
		CreateAndSetChildDomain (20ms)
	RebuildCommonClasses (27ms)
	RebuildNativeTypeToScriptingClass (8ms)
	initialDomainReloadingComplete (27ms)
	LoadAllAssembliesAndSetupDomain (414ms)
		LoadAssemblies (299ms)
		RebuildTransferFunctionScriptingTraits (0ms)
		AnalyzeDomain (199ms)
			TypeCache.Refresh (142ms)
				TypeCache.ScanAssembly (130ms)
			BuildScriptInfoCaches (46ms)
			ResolveRequiredComponents (8ms)
	FinalizeReload (770ms)
		ReleaseScriptCaches (0ms)
		RebuildScriptCaches (0ms)
		SetupLoadedEditorAssemblies (662ms)
			LogAssemblyErrors (0ms)
			InitializePlatformSupportModulesInManaged (2ms)
			SetLoadedEditorAssemblies (5ms)
			BeforeProcessingInitializeOnLoad (135ms)
			ProcessInitializeOnLoadAttributes (433ms)
			ProcessInitializeOnLoadMethodAttributes (85ms)
			AfterProcessingInitializeOnLoad (1ms)
			EditorAssembliesLoaded (0ms)
		ExecutionOrderSort2 (0ms)
		AwakeInstancesAfterBackupRestoration (4ms)
Launched and connected shader compiler UnityShaderCompiler.exe after 0.01 seconds
Refreshing native plugins compatible for Editor in 1.43 ms, found 4 plugins.
Preloading 0 native plugins for Editor in 0.00 ms.
Unloading 220 Unused Serialized files (Serialized files now loaded: 0)
Unloading 6709 unused Assets / (3.9 MB). Loaded Objects now: 7422.
Memory consumption went from 181.3 MB to 177.4 MB.
Total: 5.669500 ms (FindLiveObjects: 0.384900 ms CreateObjectMapping: 0.289700 ms MarkObjects: 3.610800 ms  DeleteObjects: 1.382500 ms)

========================================================================
Received Import Request.
  Time since last request: 311883.624216 seconds.
  path: Assets/Assets/Sprites/Decoraciones
  artifactKey: Guid(5cd32ff04e1303640ae8ec398dcc525d) Importer(815301076,1909f56bfc062723c751e8b465ee728b)
Start importing Assets/Assets/Sprites/Decoraciones using Guid(5cd32ff04e1303640ae8ec398dcc525d) Importer(815301076,1909f56bfc062723c751e8b465ee728b) (PreviewImporter) -> (artifact id: 'c08221904371449a9ff5d8913f8132aa') in 0.0037266 seconds
Number of updated asset objects reloaded before import = 0Number of asset objects unloaded after import = 0

========================================================================
Received Import Request.
  Time since last request: 0.616646 seconds.
  path: Assets/Assets/Sprites/Decoraciones/Sprites
  artifactKey: Guid(4b07336f97f953449a036c42cd26b836) Importer(815301076,1909f56bfc062723c751e8b465ee728b)
Start importing Assets/Assets/Sprites/Decoraciones/Sprites using Guid(4b07336f97f953449a036c42cd26b836) Importer(815301076,1909f56bfc062723c751e8b465ee728b) (PreviewImporter) -> (artifact id: 'd93fe046d6746b2d2469e58ac4f4068b') in 0.0003947 seconds
Number of updated asset objects reloaded before import = 0Number of asset objects unloaded after import = 0

========================================================================
Received Import Request.
  Time since last request: 0.062556 seconds.
  path: Assets/Assets/Sprites/Decoraciones/Sprites/GSS_Foliage_bamboo (1).png
  artifactKey: Guid(c9ca6577dbe2a194c88a82b609463b20) Importer(815301076,1909f56bfc062723c751e8b465ee728b)
Start importing Assets/Assets/Sprites/Decoraciones/Sprites/GSS_Foliage_bamboo (1).png using Guid(c9ca6577dbe2a194c88a82b609463b20) Importer(815301076,1909f56bfc062723c751e8b465ee728b) (PreviewImporter) -> (artifact id: '05c8e450ff61ffe772c5ab3035e003e6') in 0.0891323 seconds
Number of updated asset objects reloaded before import = 0Number of asset objects unloaded after import = 3

========================================================================
Received Import Request.
  Time since last request: 0.000032 seconds.
  path: Assets/Assets/Sprites/Decoraciones/Sprites/GSS_Foliage_bamboo (5).png
  artifactKey: Guid(369b9a29ba70367498376ca7317260da) Importer(815301076,1909f56bfc062723c751e8b465ee728b)
Start importing Assets/Assets/Sprites/Decoraciones/Sprites/GSS_Foliage_bamboo (5).png using Guid(369b9a29ba70367498376ca7317260da) Importer(815301076,1909f56bfc062723c751e8b465ee728b) (PreviewImporter) -> (artifact id: '30974efc7ed0a429fa8289e1496950e0') in 0.0202902 seconds
Number of updated asset objects reloaded before import = 0Number of asset objects unloaded after import = 3

========================================================================
Received Import Request.
  Time since last request: 0.000020 seconds.
  path: Assets/Assets/Sprites/Decoraciones/Sprites/GSS_Foliage_bamboo (6).png
  artifactKey: Guid(8e1d4573644c78d4a9a329504d94c694) Importer(815301076,1909f56bfc062723c751e8b465ee728b)
Start importing Assets/Assets/Sprites/Decoraciones/Sprites/GSS_Foliage_bamboo (6).png using Guid(8e1d4573644c78d4a9a329504d94c694) Importer(815301076,1909f56bfc062723c751e8b465ee728b) (PreviewImporter) -> (artifact id: 'f75029fa569b39883dded2b77b8e31d1') in 0.0197685 seconds
Number of updated asset objects reloaded before import = 0Number of asset objects unloaded after import = 3

========================================================================
Received Import Request.
  Time since last request: 0.000018 seconds.
  path: Assets/Assets/Sprites/Decoraciones/Sprites/GSS_Foliage_Desert_small_Cactus_05.png
  artifactKey: Guid(75a08f3f14e18e44e8c363d3b4e488cc) Importer(815301076,1909f56bfc062723c751e8b465ee728b)
Start importing Assets/Assets/Sprites/Decoraciones/Sprites/GSS_Foliage_Desert_small_Cactus_05.png using Guid(75a08f3f14e18e44e8c363d3b4e488cc) Importer(815301076,1909f56bfc062723c751e8b465ee728b) (PreviewImporter) -> (artifact id: 'a4547357c29d8dab41b259c8a88de331') in 0.0200068 seconds
Number of updated asset objects reloaded before import = 0Number of asset objects unloaded after import = 3

========================================================================
Received Import Request.
  Time since last request: 0.000015 seconds.
  path: Assets/Assets/Sprites/Decoraciones/Sprites/GSS_Foliage_Desert_small_Cactus_09.png
  artifactKey: Guid(c63e22202db93984bb4476650f720c36) Importer(815301076,1909f56bfc062723c751e8b465ee728b)
Start importing Assets/Assets/Sprites/Decoraciones/Sprites/GSS_Foliage_Desert_small_Cactus_09.png using Guid(c63e22202db93984bb4476650f720c36) Importer(815301076,1909f56bfc062723c751e8b465ee728b) (PreviewImporter) -> (artifact id: 'bde8961a57f8ccdb9fb89e1254833802') in 0.0226977 seconds
Number of updated asset objects reloaded before import = 0Number of asset objects unloaded after import = 3

========================================================================
Received Import Request.
  Time since last request: 0.000012 seconds.
  path: Assets/Assets/Sprites/Decoraciones/Sprites/GSS_Foliage_Desert_small_Cactus_11.png
  artifactKey: Guid(cd93e0b2359bf2a40a0a5b8641083d7f) Importer(815301076,1909f56bfc062723c751e8b465ee728b)
Start importing Assets/Assets/Sprites/Decoraciones/Sprites/GSS_Foliage_Desert_small_Cactus_11.png using Guid(cd93e0b2359bf2a40a0a5b8641083d7f) Importer(815301076,1909f56bfc062723c751e8b465ee728b) (PreviewImporter) -> (artifact id: '30d1ad9557e0a18ed732f838132fe692') in 0.0203196 seconds
Number of updated asset objects reloaded before import = 0Number of asset objects unloaded after import = 3

========================================================================
Received Import Request.
  Time since last request: 0.000012 seconds.
  path: Assets/Assets/Sprites/Decoraciones/Sprites/GSS_Foliage_Forest_small_clover_02.png
  artifactKey: Guid(767fd27ca94772c43b999e9c1a521886) Importer(815301076,1909f56bfc062723c751e8b465ee728b)
Start importing Assets/Assets/Sprites/Decoraciones/Sprites/GSS_Foliage_Forest_small_clover_02.png using Guid(767fd27ca94772c43b999e9c1a521886) Importer(815301076,1909f56bfc062723c751e8b465ee728b) (PreviewImporter) -> (artifact id: '5bdb381873c04eea2f7306aea53b8a3d') in 0.0176911 seconds
Number of updated asset objects reloaded before import = 0Number of asset objects unloaded after import = 3

========================================================================
Received Import Request.
  Time since last request: 0.000015 seconds.
  path: Assets/Assets/Sprites/Decoraciones/Sprites/GSS_Foliage_Desert_small_Bush_02.png
  artifactKey: Guid(af7eef10114235547b73a0f40e7ad71b) Importer(815301076,1909f56bfc062723c751e8b465ee728b)
Start importing Assets/Assets/Sprites/Decoraciones/Sprites/GSS_Foliage_Desert_small_Bush_02.png using Guid(af7eef10114235547b73a0f40e7ad71b) Importer(815301076,1909f56bfc062723c751e8b465ee728b) (PreviewImporter) -> (artifact id: 'e36fa6ec74aa88d960047aaf1eb120b4') in 0.0203405 seconds
Number of updated asset objects reloaded before import = 0Number of asset objects unloaded after import = 3

========================================================================
Received Import Request.
  Time since last request: 0.000021 seconds.
  path: Assets/Assets/Sprites/Decoraciones/Sprites/GSS_Foliage_bamboo (8).png
  artifactKey: Guid(2291509db6cea954cb37434202877539) Importer(815301076,1909f56bfc062723c751e8b465ee728b)
Start importing Assets/Assets/Sprites/Decoraciones/Sprites/GSS_Foliage_bamboo (8).png using Guid(2291509db6cea954cb37434202877539) Importer(815301076,1909f56bfc062723c751e8b465ee728b) (PreviewImporter) -> (artifact id: 'da279f43e71fc5ea2dbe1415443ea98b') in 0.0199938 seconds
Number of updated asset objects reloaded before import = 0Number of asset objects unloaded after import = 3

========================================================================
Received Import Request.
  Time since last request: 0.000012 seconds.
  path: Assets/Assets/Sprites/Decoraciones/Sprites/GSS_Foliage_Desert_small_Flower_03.png
  artifactKey: Guid(f6884287e17e71d40808e44d89b03c2e) Importer(815301076,1909f56bfc062723c751e8b465ee728b)
Start importing Assets/Assets/Sprites/Decoraciones/Sprites/GSS_Foliage_Desert_small_Flower_03.png using Guid(f6884287e17e71d40808e44d89b03c2e) Importer(815301076,1909f56bfc062723c751e8b465ee728b) (PreviewImporter) -> (artifact id: '95aef0508656b27a64e464a74f600d3c') in 0.0196124 seconds
Number of updated asset objects reloaded before import = 0Number of asset objects unloaded after import = 3

========================================================================
Received Import Request.
  Time since last request: 0.000015 seconds.
  path: Assets/Assets/Sprites/Decoraciones/Sprites/GSS_Foliage_Forest_deadbush(5).png
  artifactKey: Guid(4bad7eeacf846be4a830adf213873518) Importer(815301076,1909f56bfc062723c751e8b465ee728b)
Start importing Assets/Assets/Sprites/Decoraciones/Sprites/GSS_Foliage_Forest_deadbush(5).png using Guid(4bad7eeacf846be4a830adf213873518) Importer(815301076,1909f56bfc062723c751e8b465ee728b) (PreviewImporter) -> (artifact id: '599b63922be700ddd6f7e3b9014642a6') in 0.0348616 seconds
Number of updated asset objects reloaded before import = 0Number of asset objects unloaded after import = 3

========================================================================
Received Import Request.
  Time since last request: 0.381254 seconds.
  path: Assets/Assets/Sprites/Decoraciones/Sprites/GSS_Foliage_Forest_small_clover_03.png
  artifactKey: Guid(dd990676fd2fc9c45ac41ea4d8d8965e) Importer(815301076,1909f56bfc062723c751e8b465ee728b)
Start importing Assets/Assets/Sprites/Decoraciones/Sprites/GSS_Foliage_Forest_small_clover_03.png using Guid(dd990676fd2fc9c45ac41ea4d8d8965e) Importer(815301076,1909f56bfc062723c751e8b465ee728b) (PreviewImporter) -> (artifact id: 'b9ed93293c4b486a6927b4f7df8d7eea') in 0.0225274 seconds
Number of updated asset objects reloaded before import = 0Number of asset objects unloaded after import = 3

========================================================================
Received Import Request.
  Time since last request: 0.000010 seconds.
  path: Assets/Assets/Sprites/Decoraciones/Sprites/GSS_Foliage_Forest_small_grass_01.png
  artifactKey: Guid(024b885bf0452b740989c99194b6e389) Importer(815301076,1909f56bfc062723c751e8b465ee728b)
Start importing Assets/Assets/Sprites/Decoraciones/Sprites/GSS_Foliage_Forest_small_grass_01.png using Guid(024b885bf0452b740989c99194b6e389) Importer(815301076,1909f56bfc062723c751e8b465ee728b) (PreviewImporter) -> (artifact id: 'd92d3b363197cb825a64e957f35962c0') in 0.0149295 seconds
Number of updated asset objects reloaded before import = 0Number of asset objects unloaded after import = 3

========================================================================
Received Import Request.
  Time since last request: 0.000011 seconds.
  path: Assets/Assets/Sprites/Decoraciones/Sprites/GSS_Foliage_Forest_small_mushroom_03.png
  artifactKey: Guid(6124eff29a451e641b21bd850122dc11) Importer(815301076,1909f56bfc062723c751e8b465ee728b)
Start importing Assets/Assets/Sprites/Decoraciones/Sprites/GSS_Foliage_Forest_small_mushroom_03.png using Guid(6124eff29a451e641b21bd850122dc11) Importer(815301076,1909f56bfc062723c751e8b465ee728b) (PreviewImporter) -> (artifact id: '9287e2ba8afbcef39c2e3a5b4101b66a') in 0.012111 seconds
Number of updated asset objects reloaded before import = 0Number of asset objects unloaded after import = 3

========================================================================
Received Import Request.
  Time since last request: 0.000013 seconds.
  path: Assets/Assets/Sprites/Decoraciones/Sprites/GSS_Foliage_waterplant 4.png
  artifactKey: Guid(fcd9ef70ab6797743844814190402365) Importer(815301076,1909f56bfc062723c751e8b465ee728b)
Start importing Assets/Assets/Sprites/Decoraciones/Sprites/GSS_Foliage_waterplant 4.png using Guid(fcd9ef70ab6797743844814190402365) Importer(815301076,1909f56bfc062723c751e8b465ee728b) (PreviewImporter) -> (artifact id: '73bdd1b8851d71252e7cc31053e1e85d') in 0.0238311 seconds
Number of updated asset objects reloaded before import = 0Number of asset objects unloaded after import = 3

========================================================================
Received Import Request.
  Time since last request: 0.000025 seconds.
  path: Assets/Assets/Sprites/Decoraciones/Sprites/ISO_Fence_01_Fence01 4.png
  artifactKey: Guid(cc187fa08148ed64d9dace137f7a680e) Importer(815301076,1909f56bfc062723c751e8b465ee728b)
Start importing Assets/Assets/Sprites/Decoraciones/Sprites/ISO_Fence_01_Fence01 4.png using Guid(cc187fa08148ed64d9dace137f7a680e) Importer(815301076,1909f56bfc062723c751e8b465ee728b) (PreviewImporter) -> (artifact id: 'fe573b0f08f504cbf59524dc5f09f287') in 0.0150233 seconds
Number of updated asset objects reloaded before import = 0Number of asset objects unloaded after import = 3

========================================================================
Received Import Request.
  Time since last request: 0.000012 seconds.
  path: Assets/Assets/Sprites/Decoraciones/Sprites/GSS_Foliage_waterplant (2).png
  artifactKey: Guid(0e4846dcadfce41498ccf4d110d3b62a) Importer(815301076,1909f56bfc062723c751e8b465ee728b)
Start importing Assets/Assets/Sprites/Decoraciones/Sprites/GSS_Foliage_waterplant (2).png using Guid(0e4846dcadfce41498ccf4d110d3b62a) Importer(815301076,1909f56bfc062723c751e8b465ee728b) (PreviewImporter) -> (artifact id: 'a4ed23fa6a5b6788167534d85d5ad639') in 0.0136216 seconds
Number of updated asset objects reloaded before import = 0Number of asset objects unloaded after import = 3

========================================================================
Received Import Request.
  Time since last request: 0.000012 seconds.
  path: Assets/Assets/Sprites/Decoraciones/Sprites/ISO_Fence_01_C3-NE.png
  artifactKey: Guid(b46aa4ef0dfa7b64fbad90bcbb4ad2f2) Importer(815301076,1909f56bfc062723c751e8b465ee728b)
Start importing Assets/Assets/Sprites/Decoraciones/Sprites/ISO_Fence_01_C3-NE.png using Guid(b46aa4ef0dfa7b64fbad90bcbb4ad2f2) Importer(815301076,1909f56bfc062723c751e8b465ee728b) (PreviewImporter) -> (artifact id: '36e608820544d2daa0775c7b1de9f8b5') in 0.0125249 seconds
Number of updated asset objects reloaded before import = 0Number of asset objects unloaded after import = 3

========================================================================
Received Import Request.
  Time since last request: 0.000015 seconds.
  path: Assets/Assets/Sprites/Decoraciones/Sprites/ISO_Fence_01_S1L_SE.png
  artifactKey: Guid(fd92f3ae3f5f567429760db127d1a012) Importer(815301076,1909f56bfc062723c751e8b465ee728b)
Start importing Assets/Assets/Sprites/Decoraciones/Sprites/ISO_Fence_01_S1L_SE.png using Guid(fd92f3ae3f5f567429760db127d1a012) Importer(815301076,1909f56bfc062723c751e8b465ee728b) (PreviewImporter) -> (artifact id: 'd7c0661eeeb1966be622f6a9874ec7fa') in 0.0140036 seconds
Number of updated asset objects reloaded before import = 0Number of asset objects unloaded after import = 3

========================================================================
Received Import Request.
  Time since last request: 0.000012 seconds.
  path: Assets/Assets/Sprites/Decoraciones/Sprites/ISO_Fence_01_S1L-SW.png
  artifactKey: Guid(4910d64761c4e054dbe80545c8d2f0bb) Importer(815301076,1909f56bfc062723c751e8b465ee728b)
Start importing Assets/Assets/Sprites/Decoraciones/Sprites/ISO_Fence_01_S1L-SW.png using Guid(4910d64761c4e054dbe80545c8d2f0bb) Importer(815301076,1909f56bfc062723c751e8b465ee728b) (PreviewImporter) -> (artifact id: 'e64d166209926f64ee5be6a24803dfc4') in 0.0122886 seconds
Number of updated asset objects reloaded before import = 0Number of asset objects unloaded after import = 3

========================================================================
Received Import Request.
  Time since last request: 0.000012 seconds.
  path: Assets/Assets/Sprites/Decoraciones/Sprites/GSS_Foliage_Forest_small_grass_05.png
  artifactKey: Guid(0ecff4957504fd648ba15a8be6056d77) Importer(815301076,1909f56bfc062723c751e8b465ee728b)
Start importing Assets/Assets/Sprites/Decoraciones/Sprites/GSS_Foliage_Forest_small_grass_05.png using Guid(0ecff4957504fd648ba15a8be6056d77) Importer(815301076,1909f56bfc062723c751e8b465ee728b) (PreviewImporter) -> (artifact id: '8524492903ff1a6bc9fa88b5e31ba767') in 0.0207875 seconds
Number of updated asset objects reloaded before import = 0Number of asset objects unloaded after import = 3

========================================================================
Received Import Request.
  Time since last request: 0.000016 seconds.
  path: Assets/Assets/Sprites/Decoraciones/Sprites/GSS_Foliage_Forest_small_grass_04.png
  artifactKey: Guid(eb1ef8731fb342740a07ee2dddd96bdd) Importer(815301076,1909f56bfc062723c751e8b465ee728b)
Start importing Assets/Assets/Sprites/Decoraciones/Sprites/GSS_Foliage_Forest_small_grass_04.png using Guid(eb1ef8731fb342740a07ee2dddd96bdd) Importer(815301076,1909f56bfc062723c751e8b465ee728b) (PreviewImporter) -> (artifact id: '70ac858aa9c68d5d66f483613b154455') in 0.0134663 seconds
Number of updated asset objects reloaded before import = 0Number of asset objects unloaded after import = 3

========================================================================
Received Import Request.
  Time since last request: 0.000027 seconds.
  path: Assets/Assets/Sprites/Decoraciones/Sprites/GSS_Foliage_Forest_small_mushroom_01.png
  artifactKey: Guid(9a1b343140b0c28458a82e4204a6998f) Importer(815301076,1909f56bfc062723c751e8b465ee728b)
Start importing Assets/Assets/Sprites/Decoraciones/Sprites/GSS_Foliage_Forest_small_mushroom_01.png using Guid(9a1b343140b0c28458a82e4204a6998f) Importer(815301076,1909f56bfc062723c751e8b465ee728b) (PreviewImporter) -> (artifact id: 'f14ab36705ef79266b0f11ecab93999d') in 0.0121055 seconds
Number of updated asset objects reloaded before import = 0Number of asset objects unloaded after import = 3

========================================================================
Received Import Request.
  Time since last request: 0.000011 seconds.
  path: Assets/Assets/Sprites/Decoraciones/Sprites/GSS_Foliage_reed (2).png
  artifactKey: Guid(2950064c17519374ab475be5f57a7ec8) Importer(815301076,1909f56bfc062723c751e8b465ee728b)
Start importing Assets/Assets/Sprites/Decoraciones/Sprites/GSS_Foliage_reed (2).png using Guid(2950064c17519374ab475be5f57a7ec8) Importer(815301076,1909f56bfc062723c751e8b465ee728b) (PreviewImporter) -> (artifact id: 'df4fd158ae7a24c989c7a7dd408e6ed0') in 0.0227383 seconds
Number of updated asset objects reloaded before import = 0Number of asset objects unloaded after import = 3

========================================================================
Received Import Request.
  Time since last request: 0.000013 seconds.
  path: Assets/Assets/Sprites/Decoraciones/Sprites/GSS_Foliage_reed (6).png
  artifactKey: Guid(97c470b60c40b4741bd67f72a273d1d9) Importer(815301076,1909f56bfc062723c751e8b465ee728b)
Start importing Assets/Assets/Sprites/Decoraciones/Sprites/GSS_Foliage_reed (6).png using Guid(97c470b60c40b4741bd67f72a273d1d9) Importer(815301076,1909f56bfc062723c751e8b465ee728b) (PreviewImporter) -> (artifact id: '3b7528218ea253f9a33512de88c88107') in 0.0135206 seconds
Number of updated asset objects reloaded before import = 0Number of asset objects unloaded after import = 3

========================================================================
Received Import Request.
  Time since last request: 0.000013 seconds.
  path: Assets/Assets/Sprites/Decoraciones/Sprites/GSS_Foliage_waterplant 5.png
  artifactKey: Guid(90f4d613e156ce143a667aaa4911e50a) Importer(815301076,1909f56bfc062723c751e8b465ee728b)
Start importing Assets/Assets/Sprites/Decoraciones/Sprites/GSS_Foliage_waterplant 5.png using Guid(90f4d613e156ce143a667aaa4911e50a) Importer(815301076,1909f56bfc062723c751e8b465ee728b) (PreviewImporter) -> (artifact id: 'b9dca116356201dbd06695f1793157f5') in 0.0130659 seconds
Number of updated asset objects reloaded before import = 0Number of asset objects unloaded after import = 3

========================================================================
Received Import Request.
  Time since last request: 0.000011 seconds.
  path: Assets/Assets/Sprites/Decoraciones/Sprites/GSS_Foliage_reed (3).png
  artifactKey: Guid(12fcfb62befdf5642947cf893d77d3d7) Importer(815301076,1909f56bfc062723c751e8b465ee728b)
Start importing Assets/Assets/Sprites/Decoraciones/Sprites/GSS_Foliage_reed (3).png using Guid(12fcfb62befdf5642947cf893d77d3d7) Importer(815301076,1909f56bfc062723c751e8b465ee728b) (PreviewImporter) -> (artifact id: '2951bc96155e32359d1fd8b3fd67ef24') in 0.0132595 seconds
Number of updated asset objects reloaded before import = 0Number of asset objects unloaded after import = 3

========================================================================
Received Import Request.
  Time since last request: 252.423354 seconds.
  path: Assets/Assets/Prefabs/En combate/GSS_Foliage_stone (3).prefab
  artifactKey: Guid(4a241ad4bd5e4e04fb6fcdfe7b96c444) Importer(815301076,1909f56bfc062723c751e8b465ee728b)
Start importing Assets/Assets/Prefabs/En combate/GSS_Foliage_stone (3).prefab using Guid(4a241ad4bd5e4e04fb6fcdfe7b96c444) Importer(815301076,1909f56bfc062723c751e8b465ee728b) (PreviewImporter) -> (artifact id: 'ae99a7a79311e1d83d3c72c5c1f3c4cb') in 0.4085796 seconds
Number of updated asset objects reloaded before import = 0Number of asset objects unloaded after import = 7

========================================================================
Received Import Request.
  Time since last request: 0.000023 seconds.
  path: Assets/Assets/Prefabs/En combate/ISO_Fence_01_S1-NE.prefab
  artifactKey: Guid(2b01fd4f57e1be64ab94f7a6eed9bf41) Importer(815301076,1909f56bfc062723c751e8b465ee728b)
Start importing Assets/Assets/Prefabs/En combate/ISO_Fence_01_S1-NE.prefab using Guid(2b01fd4f57e1be64ab94f7a6eed9bf41) Importer(815301076,1909f56bfc062723c751e8b465ee728b) (PreviewImporter) -> (artifact id: 'c03646c0fb74c1b1612b82181be1b3fa') in 0.0233142 seconds
Number of updated asset objects reloaded before import = 0Number of asset objects unloaded after import = 7

========================================================================
Received Import Request.
  Time since last request: 0.000026 seconds.
  path: Assets/Assets/Prefabs/En combate/GSS_Foliage_reed (5).prefab
  artifactKey: Guid(dbeac8426bda42f4698382f59d3f322f) Importer(815301076,1909f56bfc062723c751e8b465ee728b)
Start importing Assets/Assets/Prefabs/En combate/GSS_Foliage_reed (5).prefab using Guid(dbeac8426bda42f4698382f59d3f322f) Importer(815301076,1909f56bfc062723c751e8b465ee728b) (PreviewImporter) -> (artifact id: '2ca005bf69296717f2a1d44708a1fd20') in 0.0242731 seconds
Number of updated asset objects reloaded before import = 0Number of asset objects unloaded after import = 7

========================================================================
Received Import Request.
  Time since last request: 0.000020 seconds.
  path: Assets/Assets/Prefabs/En combate/GSS_Foliage_Forest_small_tree_stump_02.prefab
  artifactKey: Guid(69357f3922d8fe04781d05b917384fa4) Importer(815301076,1909f56bfc062723c751e8b465ee728b)
Start importing Assets/Assets/Prefabs/En combate/GSS_Foliage_Forest_small_tree_stump_02.prefab using Guid(69357f3922d8fe04781d05b917384fa4) Importer(815301076,1909f56bfc062723c751e8b465ee728b) (PreviewImporter) -> (artifact id: '9da10a1aaebd0707f6a30128adf47ff9') in 0.0226126 seconds
Number of updated asset objects reloaded before import = 0Number of asset objects unloaded after import = 7

========================================================================
Received Import Request.
  Time since last request: 0.000020 seconds.
  path: Assets/Assets/Prefabs/En combate/ISO_Fence_01_C2S.prefab
  artifactKey: Guid(4858aafece7594a4eb6a7a89392e914b) Importer(815301076,1909f56bfc062723c751e8b465ee728b)
Start importing Assets/Assets/Prefabs/En combate/ISO_Fence_01_C2S.prefab using Guid(4858aafece7594a4eb6a7a89392e914b) Importer(815301076,1909f56bfc062723c751e8b465ee728b) (PreviewImporter) -> (artifact id: '98cbc6a29100e025d0c2477f723fbf92') in 0.0221839 seconds
Number of updated asset objects reloaded before import = 0Number of asset objects unloaded after import = 7

========================================================================
Received Import Request.
  Time since last request: 0.000023 seconds.
  path: Assets/Assets/Prefabs/En combate/GSS_Foliage_Forest_small_tree_stump_03.prefab
  artifactKey: Guid(465ab457027544d499831f9bb1225ca0) Importer(815301076,1909f56bfc062723c751e8b465ee728b)
Start importing Assets/Assets/Prefabs/En combate/GSS_Foliage_Forest_small_tree_stump_03.prefab using Guid(465ab457027544d499831f9bb1225ca0) Importer(815301076,1909f56bfc062723c751e8b465ee728b) (PreviewImporter) -> (artifact id: 'b9f5394dec12106dcabb60193e13d580') in 0.0166004 seconds
Number of updated asset objects reloaded before import = 0Number of asset objects unloaded after import = 7

========================================================================
Received Import Request.
  Time since last request: 0.000019 seconds.
  path: Assets/Assets/Prefabs/En combate/GSS_Foliage_reed (2).prefab
  artifactKey: Guid(a5ddbb06a9a9f47449fc27395014a184) Importer(815301076,1909f56bfc062723c751e8b465ee728b)
Start importing Assets/Assets/Prefabs/En combate/GSS_Foliage_reed (2).prefab using Guid(a5ddbb06a9a9f47449fc27395014a184) Importer(815301076,1909f56bfc062723c751e8b465ee728b) (PreviewImporter) -> (artifact id: 'dc6ea1eeab1a35b12b7b76d3147e400c') in 0.0160571 seconds
Number of updated asset objects reloaded before import = 0Number of asset objects unloaded after import = 7

========================================================================
Received Import Request.
  Time since last request: 0.000019 seconds.
  path: Assets/Assets/Prefabs/En combate/GSS_Foliage_reed (1).prefab
  artifactKey: Guid(734fc55e1cbb5ec4eb52707eaea6bed7) Importer(815301076,1909f56bfc062723c751e8b465ee728b)
Start importing Assets/Assets/Prefabs/En combate/GSS_Foliage_reed (1).prefab using Guid(734fc55e1cbb5ec4eb52707eaea6bed7) Importer(815301076,1909f56bfc062723c751e8b465ee728b) (PreviewImporter) -> (artifact id: '496e59e7a94eeed50df343a24e6e477a') in 0.0223064 seconds
Number of updated asset objects reloaded before import = 0Number of asset objects unloaded after import = 7

========================================================================
Received Import Request.
  Time since last request: 0.000037 seconds.
  path: Assets/Assets/Prefabs/En combate/GSS_Foliage_waterplant.prefab
  artifactKey: Guid(c3f9e1a7a4b563a469a86b2d2acab00e) Importer(815301076,1909f56bfc062723c751e8b465ee728b)
Start importing Assets/Assets/Prefabs/En combate/GSS_Foliage_waterplant.prefab using Guid(c3f9e1a7a4b563a469a86b2d2acab00e) Importer(815301076,1909f56bfc062723c751e8b465ee728b) (PreviewImporter) -> (artifact id: '0d7868d5593e99fad74cc477d7a746fd') in 0.0180179 seconds
Number of updated asset objects reloaded before import = 0Number of asset objects unloaded after import = 7

========================================================================
Received Import Request.
  Time since last request: 0.000030 seconds.
  path: Assets/Assets/Prefabs/En combate/GSS_Foliage_Forest_small_mushroom_04.prefab
  artifactKey: Guid(66fb77efc374ce84e878f2013a8c374f) Importer(815301076,1909f56bfc062723c751e8b465ee728b)
Start importing Assets/Assets/Prefabs/En combate/GSS_Foliage_Forest_small_mushroom_04.prefab using Guid(66fb77efc374ce84e878f2013a8c374f) Importer(815301076,1909f56bfc062723c751e8b465ee728b) (PreviewImporter) -> (artifact id: 'ac3ea93e9c28604da33b24362ba1075f') in 0.0176593 seconds
Number of updated asset objects reloaded before import = 0Number of asset objects unloaded after import = 7

========================================================================
Received Import Request.
  Time since last request: 0.000018 seconds.
  path: Assets/Assets/Prefabs/En combate/GSS_Foliage_waterbuds.prefab
  artifactKey: Guid(59dc67aad5b90fa4990d202bcac5c24d) Importer(815301076,1909f56bfc062723c751e8b465ee728b)
Start importing Assets/Assets/Prefabs/En combate/GSS_Foliage_waterbuds.prefab using Guid(59dc67aad5b90fa4990d202bcac5c24d) Importer(815301076,1909f56bfc062723c751e8b465ee728b) (PreviewImporter) -> (artifact id: 'b505d70543bf7920f051724e94768333') in 0.0172891 seconds
Number of updated asset objects reloaded before import = 0Number of asset objects unloaded after import = 7

========================================================================
Received Import Request.
  Time since last request: 0.000018 seconds.
  path: Assets/Assets/Prefabs/En combate/ISO_Fence_01_S1L-SW.prefab
  artifactKey: Guid(96d8030d435482341ba2ee5ddff41796) Importer(815301076,1909f56bfc062723c751e8b465ee728b)
Start importing Assets/Assets/Prefabs/En combate/ISO_Fence_01_S1L-SW.prefab using Guid(96d8030d435482341ba2ee5ddff41796) Importer(815301076,1909f56bfc062723c751e8b465ee728b) (PreviewImporter) -> (artifact id: 'ba35272cb76b4ac84d379b0a102fe37a') in 0.0185341 seconds
Number of updated asset objects reloaded before import = 0Number of asset objects unloaded after import = 7

========================================================================
Received Import Request.
  Time since last request: 0.000022 seconds.
  path: Assets/Assets/Prefabs/En combate/ISO_Fence_01_C3-NW.prefab
  artifactKey: Guid(d1bf63301a4932147bb738bdca20fff1) Importer(815301076,1909f56bfc062723c751e8b465ee728b)
Start importing Assets/Assets/Prefabs/En combate/ISO_Fence_01_C3-NW.prefab using Guid(d1bf63301a4932147bb738bdca20fff1) Importer(815301076,1909f56bfc062723c751e8b465ee728b) (PreviewImporter) -> (artifact id: 'a5c99ec7551c7d079cb2edc0e3407080') in 0.0175536 seconds
Number of updated asset objects reloaded before import = 0Number of asset objects unloaded after import = 7

========================================================================
Received Import Request.
  Time since last request: 0.000022 seconds.
  path: Assets/Assets/Prefabs/En combate/ISO_Fence_01_C2W.prefab
  artifactKey: Guid(1ffc5b24bf80c3d4e8496dce12fbb182) Importer(815301076,1909f56bfc062723c751e8b465ee728b)
Start importing Assets/Assets/Prefabs/En combate/ISO_Fence_01_C2W.prefab using Guid(1ffc5b24bf80c3d4e8496dce12fbb182) Importer(815301076,1909f56bfc062723c751e8b465ee728b) (PreviewImporter) -> (artifact id: '3e43af3d26635d45329490e348aa50d4') in 0.0172183 seconds
Number of updated asset objects reloaded before import = 0Number of asset objects unloaded after import = 7

========================================================================
Received Import Request.
  Time since last request: 0.000019 seconds.
  path: Assets/Assets/Prefabs/En combate/ISO_Fence_01_M1.prefab
  artifactKey: Guid(e8f00f5ce9228bc4c8ab6ba4424b7efc) Importer(815301076,1909f56bfc062723c751e8b465ee728b)
Start importing Assets/Assets/Prefabs/En combate/ISO_Fence_01_M1.prefab using Guid(e8f00f5ce9228bc4c8ab6ba4424b7efc) Importer(815301076,1909f56bfc062723c751e8b465ee728b) (PreviewImporter) -> (artifact id: '4537596e22696436e646d36d748cadf0') in 0.0164452 seconds
Number of updated asset objects reloaded before import = 0Number of asset objects unloaded after import = 7

========================================================================
Received Import Request.
  Time since last request: 0.000036 seconds.
  path: Assets/Assets/Prefabs/En combate/GSS_Foliage_Forest_small_mushroom_03.prefab
  artifactKey: Guid(5d4771fa100af82429c4358b13ebd728) Importer(815301076,1909f56bfc062723c751e8b465ee728b)
Start importing Assets/Assets/Prefabs/En combate/GSS_Foliage_Forest_small_mushroom_03.prefab using Guid(5d4771fa100af82429c4358b13ebd728) Importer(815301076,1909f56bfc062723c751e8b465ee728b) (PreviewImporter) -> (artifact id: '2fb2bfffc139b1ccae7eb9df758d1aa7') in 0.0245463 seconds
Number of updated asset objects reloaded before import = 0Number of asset objects unloaded after import = 7

========================================================================
Received Import Request.
  Time since last request: 0.000022 seconds.
  path: Assets/Assets/Prefabs/En combate/GSS_Foliage_Forest_small_grass_08.prefab
  artifactKey: Guid(8c1dc9e09c72b1c408990d852d2fc132) Importer(815301076,1909f56bfc062723c751e8b465ee728b)
Start importing Assets/Assets/Prefabs/En combate/GSS_Foliage_Forest_small_grass_08.prefab using Guid(8c1dc9e09c72b1c408990d852d2fc132) Importer(815301076,1909f56bfc062723c751e8b465ee728b) (PreviewImporter) -> (artifact id: '7b0083742099163f912f82a693021910') in 0.0174439 seconds
Number of updated asset objects reloaded before import = 0Number of asset objects unloaded after import = 7

========================================================================
Received Import Request.
  Time since last request: 0.000022 seconds.
  path: Assets/Assets/Prefabs/En combate/GSS_Foliage_reed (7).prefab
  artifactKey: Guid(81198557afaafb94eb47683c5a7d215c) Importer(815301076,1909f56bfc062723c751e8b465ee728b)
Start importing Assets/Assets/Prefabs/En combate/GSS_Foliage_reed (7).prefab using Guid(81198557afaafb94eb47683c5a7d215c) Importer(815301076,1909f56bfc062723c751e8b465ee728b) (PreviewImporter) -> (artifact id: '280f7d1a0e70df042443a76d78822820') in 0.0179832 seconds
Number of updated asset objects reloaded before import = 0Number of asset objects unloaded after import = 7

========================================================================
Received Import Request.
  Time since last request: 0.000017 seconds.
  path: Assets/Assets/Prefabs/En combate/GSS_Foliage_waterplant 6.prefab
  artifactKey: Guid(bc5a13ae4207fe94bae2369333c5febc) Importer(815301076,1909f56bfc062723c751e8b465ee728b)
Start importing Assets/Assets/Prefabs/En combate/GSS_Foliage_waterplant 6.prefab using Guid(bc5a13ae4207fe94bae2369333c5febc) Importer(815301076,1909f56bfc062723c751e8b465ee728b) (PreviewImporter) -> (artifact id: 'b709a21eeb4fb070bf72663269b2a1ec') in 0.0170278 seconds
Number of updated asset objects reloaded before import = 0Number of asset objects unloaded after import = 7

========================================================================
Received Import Request.
  Time since last request: 0.000027 seconds.
  path: Assets/Assets/Prefabs/En combate/GSS_Foliage_Forest_small_tree_stump_01.prefab
  artifactKey: Guid(e389266f3aad9a642adf29814b4dd22e) Importer(815301076,1909f56bfc062723c751e8b465ee728b)
Start importing Assets/Assets/Prefabs/En combate/GSS_Foliage_Forest_small_tree_stump_01.prefab using Guid(e389266f3aad9a642adf29814b4dd22e) Importer(815301076,1909f56bfc062723c751e8b465ee728b) (PreviewImporter) -> (artifact id: 'e2db03981408feb75ef779d3fc6e42ed') in 0.0171729 seconds
Number of updated asset objects reloaded before import = 0Number of asset objects unloaded after import = 7

========================================================================
Received Import Request.
  Time since last request: 0.000019 seconds.
  path: Assets/Assets/Prefabs/En combate/GSS_Foliage_reed (8).prefab
  artifactKey: Guid(041a6e4637a4912408218c319b13dcf5) Importer(815301076,1909f56bfc062723c751e8b465ee728b)
Start importing Assets/Assets/Prefabs/En combate/GSS_Foliage_reed (8).prefab using Guid(041a6e4637a4912408218c319b13dcf5) Importer(815301076,1909f56bfc062723c751e8b465ee728b) (PreviewImporter) -> (artifact id: 'cd1fa4ad338206e54a29af3276097252') in 0.0176747 seconds
Number of updated asset objects reloaded before import = 0Number of asset objects unloaded after import = 7

========================================================================
Received Import Request.
  Time since last request: 0.000019 seconds.
  path: Assets/Assets/Prefabs/En combate/ISO_Fence_01_C2E.prefab
  artifactKey: Guid(5037fe4a9faa59a40be14d268a5a4ad8) Importer(815301076,1909f56bfc062723c751e8b465ee728b)
Start importing Assets/Assets/Prefabs/En combate/ISO_Fence_01_C2E.prefab using Guid(5037fe4a9faa59a40be14d268a5a4ad8) Importer(815301076,1909f56bfc062723c751e8b465ee728b) (PreviewImporter) -> (artifact id: '15e2aab0d1a1be9cca0ee830f10d67f1') in 0.0177233 seconds
Number of updated asset objects reloaded before import = 0Number of asset objects unloaded after import = 7

========================================================================
Received Import Request.
  Time since last request: 0.000036 seconds.
  path: Assets/Assets/Prefabs/En combate/ISO_Fence_01_S1L_SE.prefab
  artifactKey: Guid(eccaca0879a33594a9e27c537c9701c1) Importer(815301076,1909f56bfc062723c751e8b465ee728b)
Start importing Assets/Assets/Prefabs/En combate/ISO_Fence_01_S1L_SE.prefab using Guid(eccaca0879a33594a9e27c537c9701c1) Importer(815301076,1909f56bfc062723c751e8b465ee728b) (PreviewImporter) -> (artifact id: 'f72f184577acf8f111864c9e89c1dcd1') in 0.0159521 seconds
Number of updated asset objects reloaded before import = 0Number of asset objects unloaded after import = 7

========================================================================
Received Import Request.
  Time since last request: 0.000018 seconds.
  path: Assets/Assets/Prefabs/En combate/GSS_Foliage_Forest_small_mushroom_02.prefab
  artifactKey: Guid(57d745682b8c2f74fa41cba3b3f62edc) Importer(815301076,1909f56bfc062723c751e8b465ee728b)
Start importing Assets/Assets/Prefabs/En combate/GSS_Foliage_Forest_small_mushroom_02.prefab using Guid(57d745682b8c2f74fa41cba3b3f62edc) Importer(815301076,1909f56bfc062723c751e8b465ee728b) (PreviewImporter) -> (artifact id: 'f265bff434af5b86dc947dc5b7fa93ac') in 0.0173328 seconds
Number of updated asset objects reloaded before import = 0Number of asset objects unloaded after import = 7

Editor requested this worker to shutdown with reason: Scaling down because of idle timeout
AssetImportWorker is now disconnected from the server
Process exiting
Exiting without the bug reporter. Application will terminate with return code 0