Using pre-set license
Built from '6000.0/staging' branch; Version is '6000.0.47f1 (2ad1ed33fd3b) revision 2806253'; Using compiler version '193933523'; Build Type 'Release'
OS: 'Windows 11  (10.0.26100) 64bit Professional' Language: 'en' Physical Memory: 65162 MB
BatchMode: 1, IsHumanControllingUs: 0, StartBugReporterOnCrash: 0, Is64bit: 1, IsPro: 1

COMMAND LINE ARGUMENTS:
D:\Program Files(x86)\6000.0.47f1\Editor\Unity.exe
-adb2
-batchMode
-noUpm
-name
AssetImportWorker2
-projectPath
D:/Proyectos/Unity/TechProofRPG-Rubia/TechProofRPG-Rubia
-logFile
Logs/AssetImportWorker2.log
-srvPort
59258
-job-worker-count
7
-background-job-worker-count
8
-gc-helper-count
1
Successfully changed project path to: D:/Proyectos/Unity/TechProofRPG-Rubia/TechProofRPG-Rubia
D:/Proyectos/Unity/TechProofRPG-Rubia/TechProofRPG-Rubia
[UnityMemory] Configuration Parameters - Can be set up in boot.config
    "memorysetup-bucket-allocator-granularity=16"
    "memorysetup-bucket-allocator-bucket-count=8"
    "memorysetup-bucket-allocator-block-size=33554432"
    "memorysetup-bucket-allocator-block-count=8"
    "memorysetup-main-allocator-block-size=16777216"
    "memorysetup-thread-allocator-block-size=16777216"
    "memorysetup-gfx-main-allocator-block-size=16777216"
    "memorysetup-gfx-thread-allocator-block-size=16777216"
    "memorysetup-cache-allocator-block-size=4194304"
    "memorysetup-typetree-allocator-block-size=2097152"
    "memorysetup-profiler-bucket-allocator-granularity=16"
    "memorysetup-profiler-bucket-allocator-bucket-count=8"
    "memorysetup-profiler-bucket-allocator-block-size=33554432"
    "memorysetup-profiler-bucket-allocator-block-count=8"
    "memorysetup-profiler-allocator-block-size=16777216"
    "memorysetup-profiler-editor-allocator-block-size=1048576"
    "memorysetup-temp-allocator-size-main=16777216"
    "memorysetup-job-temp-allocator-block-size=2097152"
    "memorysetup-job-temp-allocator-block-size-background=1048576"
    "memorysetup-job-temp-allocator-reduction-small-platforms=262144"
    "memorysetup-allocator-temp-initial-block-size-main=262144"
    "memorysetup-allocator-temp-initial-block-size-worker=262144"
    "memorysetup-temp-allocator-size-background-worker=32768"
    "memorysetup-temp-allocator-size-job-worker=262144"
    "memorysetup-temp-allocator-size-preload-manager=33554432"
    "memorysetup-temp-allocator-size-nav-mesh-worker=65536"
    "memorysetup-temp-allocator-size-audio-worker=65536"
    "memorysetup-temp-allocator-size-cloud-worker=32768"
    "memorysetup-temp-allocator-size-gi-baking-worker=262144"
    "memorysetup-temp-allocator-size-gi-baking-worker=262144"
    "memorysetup-temp-allocator-size-gi-baking-worker=262144"
    "memorysetup-temp-allocator-size-gi-baking-worker=262144"
    "memorysetup-temp-allocator-size-gi-baking-worker=262144"
    "memorysetup-temp-allocator-size-gfx=262144"
Player connection [43664]  Target information:

Player connection [43664]  * "[IP] 192.168.100.158 [Port] 0 [Flags] 2 [Guid] 213502118 [EditorId] 213502118 [Version] 1048832 [Id] WindowsEditor(7,Matias) [Debug] 1 [PackageName] WindowsEditor [ProjectName] Editor" 

Player connection [43664] Host joined multi-casting on [225.0.0.222:54997]...
Player connection [43664] Host joined alternative multi-casting on [225.0.0.222:34997]...
JobSystem: Creating JobQueue using job-worker-count value 7
Input System module state changed to: Initialized.
[Physics::Module] Initialized fallback backend.
[Physics::Module] Id: 0xdecafbad
Library Redirect Path: Library/
[Physics::Module] Selected backend.
[Physics::Module] Name: PhysX
[Physics::Module] Id: 0xf2b8ea05
[Physics::Module] SDK Version: 4.1.2
[Physics::Module] Integration Version: 1.0.0
[Physics::Module] Threading Mode: Multi-Threaded
Refreshing native plugins compatible for Editor in 1.80 ms, found 4 plugins.
Preloading 0 native plugins for Editor in 0.00 ms.
Initialize engine version: 6000.0.47f1 (2ad1ed33fd3b)
[Subsystems] Discovering subsystems at path D:/Program Files(x86)/6000.0.47f1/Editor/Data/Resources/UnitySubsystems
[Subsystems] Discovering subsystems at path D:/Proyectos/Unity/TechProofRPG-Rubia/TechProofRPG-Rubia/Assets
GfxDevice: creating device client; kGfxThreadingModeNonThreaded
Direct3D:
    Version:  Direct3D 11.0 [level 11.1]
    Renderer: NVIDIA GeForce RTX 4070 Laptop GPU (ID=0x2860)
    Vendor:   NVIDIA
    VRAM:     7948 MB
    Driver:   32.0.15.8129
Initialize mono
Mono path[0] = 'D:/Program Files(x86)/6000.0.47f1/Editor/Data/Managed'
Mono path[1] = 'D:/Program Files(x86)/6000.0.47f1/Editor/Data/MonoBleedingEdge/lib/mono/unityjit-win32'
Mono config path = 'D:/Program Files(x86)/6000.0.47f1/Editor/Data/MonoBleedingEdge/etc'
Using monoOptions --debugger-agent=transport=dt_socket,embedding=1,server=y,suspend=n,address=127.0.0.1:56136
Begin MonoManager ReloadAssembly
Registering precompiled unity dll's ...
Register platform support module: D:/Program Files(x86)/6000.0.47f1/Editor/Data/PlaybackEngines/WindowsStandaloneSupport/UnityEditor.WindowsStandalone.Extensions.dll
Registered in 0.001563 seconds.
- Loaded All Assemblies, in  0.373 seconds
Native extension for WindowsStandalone target not found
Mono: successfully reloaded assembly
- Finished resetting the current domain, in  0.306 seconds
Domain Reload Profiling: 678ms
	BeginReloadAssembly (141ms)
		ExecutionOrderSort (0ms)
		DisableScriptedObjects (0ms)
		BackupInstance (0ms)
		ReleaseScriptingObjects (0ms)
		CreateAndSetChildDomain (1ms)
	RebuildCommonClasses (35ms)
	RebuildNativeTypeToScriptingClass (15ms)
	initialDomainReloadingComplete (41ms)
	LoadAllAssembliesAndSetupDomain (139ms)
		LoadAssemblies (141ms)
		RebuildTransferFunctionScriptingTraits (0ms)
		AnalyzeDomain (136ms)
			TypeCache.Refresh (134ms)
				TypeCache.ScanAssembly (123ms)
			BuildScriptInfoCaches (0ms)
			ResolveRequiredComponents (0ms)
	FinalizeReload (306ms)
		ReleaseScriptCaches (0ms)
		RebuildScriptCaches (0ms)
		SetupLoadedEditorAssemblies (264ms)
			LogAssemblyErrors (0ms)
			InitializePlatformSupportModulesInManaged (20ms)
			SetLoadedEditorAssemblies (5ms)
			BeforeProcessingInitializeOnLoad (50ms)
			ProcessInitializeOnLoadAttributes (147ms)
			ProcessInitializeOnLoadMethodAttributes (41ms)
			AfterProcessingInitializeOnLoad (0ms)
			EditorAssembliesLoaded (0ms)
		ExecutionOrderSort2 (0ms)
		AwakeInstancesAfterBackupRestoration (0ms)
========================================================================
Worker process is ready to serve import requests
Import Worker Mode flag is 0x00
Begin MonoManager ReloadAssembly
- Loaded All Assemblies, in  0.787 seconds
Refreshing native plugins compatible for Editor in 1.21 ms, found 4 plugins.
Native extension for WindowsStandalone target not found
Mono: successfully reloaded assembly
- Finished resetting the current domain, in  0.973 seconds
Domain Reload Profiling: 1759ms
	BeginReloadAssembly (167ms)
		ExecutionOrderSort (0ms)
		DisableScriptedObjects (5ms)
		BackupInstance (0ms)
		ReleaseScriptingObjects (0ms)
		CreateAndSetChildDomain (25ms)
	RebuildCommonClasses (35ms)
	RebuildNativeTypeToScriptingClass (10ms)
	initialDomainReloadingComplete (35ms)
	LoadAllAssembliesAndSetupDomain (538ms)
		LoadAssemblies (387ms)
		RebuildTransferFunctionScriptingTraits (0ms)
		AnalyzeDomain (262ms)
			TypeCache.Refresh (183ms)
				TypeCache.ScanAssembly (170ms)
			BuildScriptInfoCaches (64ms)
			ResolveRequiredComponents (13ms)
	FinalizeReload (973ms)
		ReleaseScriptCaches (0ms)
		RebuildScriptCaches (0ms)
		SetupLoadedEditorAssemblies (845ms)
			LogAssemblyErrors (0ms)
			InitializePlatformSupportModulesInManaged (3ms)
			SetLoadedEditorAssemblies (6ms)
			BeforeProcessingInitializeOnLoad (200ms)
			ProcessInitializeOnLoadAttributes (544ms)
			ProcessInitializeOnLoadMethodAttributes (91ms)
			AfterProcessingInitializeOnLoad (2ms)
			EditorAssembliesLoaded (0ms)
		ExecutionOrderSort2 (0ms)
		AwakeInstancesAfterBackupRestoration (4ms)
Launched and connected shader compiler UnityShaderCompiler.exe after 0.01 seconds
Refreshing native plugins compatible for Editor in 1.32 ms, found 4 plugins.
Preloading 0 native plugins for Editor in 0.00 ms.
Unloading 220 Unused Serialized files (Serialized files now loaded: 0)
Unloading 6705 unused Assets / (4.6 MB). Loaded Objects now: 7418.
Memory consumption went from 178.9 MB to 174.3 MB.
Total: 6.517300 ms (FindLiveObjects: 0.406500 ms CreateObjectMapping: 0.289700 ms MarkObjects: 3.975600 ms  DeleteObjects: 1.843200 ms)

========================================================================
Received Import Request.
  Time since last request: 276093.832681 seconds.
  path: Assets/GoldenSkullStudios/2D/2D_Iso_Tile_Pack_Starter/Atlas/2D_Iso_Starter_Atlas.spriteatlas
  artifactKey: Guid(56d9446267c095048b35f04a22590c7d) Importer(815301076,1909f56bfc062723c751e8b465ee728b)
Start importing Assets/GoldenSkullStudios/2D/2D_Iso_Tile_Pack_Starter/Atlas/2D_Iso_Starter_Atlas.spriteatlas using Guid(56d9446267c095048b35f04a22590c7d) Importer(815301076,1909f56bfc062723c751e8b465ee728b) (PreviewImporter) -> (artifact id: '97bb65f5acd4594a2946c75f1aad01fc') in 0.0171756 seconds
Number of updated asset objects reloaded before import = 0Number of asset objects unloaded after import = 1

========================================================================
Received Import Request.
  Time since last request: 4.639172 seconds.
  path: Assets/GoldenSkullStudios/2D/2D_Iso_Tile_Pack_Starter
  artifactKey: Guid(277c771d8c4ba684bba47406302f441d) Importer(815301076,1909f56bfc062723c751e8b465ee728b)
Start importing Assets/GoldenSkullStudios/2D/2D_Iso_Tile_Pack_Starter using Guid(277c771d8c4ba684bba47406302f441d) Importer(815301076,1909f56bfc062723c751e8b465ee728b) (PreviewImporter) -> (artifact id: '58f1269738144d563feff5b166dc6d16') in 0.0003885 seconds
Number of updated asset objects reloaded before import = 0Number of asset objects unloaded after import = 0

========================================================================
Received Import Request.
  Time since last request: 9.313195 seconds.
  path: Assets/GoldenSkullStudios/2D/2D_Iso_Tile_Pack_Starter/0_Example_Scenes/Maps
  artifactKey: Guid(a74da93236000df44a4797bafa234fd1) Importer(815301076,1909f56bfc062723c751e8b465ee728b)
Start importing Assets/GoldenSkullStudios/2D/2D_Iso_Tile_Pack_Starter/0_Example_Scenes/Maps using Guid(a74da93236000df44a4797bafa234fd1) Importer(815301076,1909f56bfc062723c751e8b465ee728b) (PreviewImporter) -> (artifact id: '410aca7071723e06348d2b0eb990a3a6') in 0.0004143 seconds
Number of updated asset objects reloaded before import = 0Number of asset objects unloaded after import = 0

========================================================================
Received Import Request.
  Time since last request: 0.067224 seconds.
  path: Assets/GoldenSkullStudios/2D/2D_Iso_Tile_Pack_Starter/0_Example_Scenes/Maps/Island_AnimatedWater.prefab
  artifactKey: Guid(5d0b142347dc24c45b20384c3aedde9c) Importer(815301076,1909f56bfc062723c751e8b465ee728b)
Start importing Assets/GoldenSkullStudios/2D/2D_Iso_Tile_Pack_Starter/0_Example_Scenes/Maps/Island_AnimatedWater.prefab using Guid(5d0b142347dc24c45b20384c3aedde9c) Importer(815301076,1909f56bfc062723c751e8b465ee728b) (PreviewImporter) -> (artifact id: '48c38be2c06b8e103ae5ebec97fe3c84') in 0.6254635 seconds
Number of updated asset objects reloaded before import = 0Number of asset objects unloaded after import = 636

========================================================================
Received Import Request.
  Time since last request: 8.783757 seconds.
  path: Assets/GoldenSkullStudios/2D/2D_Iso_Tile_Pack_Starter/Autotiles/Fence
  artifactKey: Guid(729ac97b3c977ea4eb621fab1e309124) Importer(815301076,1909f56bfc062723c751e8b465ee728b)
Start importing Assets/GoldenSkullStudios/2D/2D_Iso_Tile_Pack_Starter/Autotiles/Fence using Guid(729ac97b3c977ea4eb621fab1e309124) Importer(815301076,1909f56bfc062723c751e8b465ee728b) (PreviewImporter) -> (artifact id: '9c4a916bdbc7e0378ddb73f0465825dc') in 0.0007556 seconds
Number of updated asset objects reloaded before import = 0Number of asset objects unloaded after import = 0

========================================================================
Received Import Request.
  Time since last request: 1.375902 seconds.
  path: Assets/GoldenSkullStudios/2D/2D_Iso_Tile_Pack_Starter/Autotiles/Fence/Rule Tile
  artifactKey: Guid(d558bb1729b39ea478e6ff104a7df586) Importer(815301076,1909f56bfc062723c751e8b465ee728b)
Start importing Assets/GoldenSkullStudios/2D/2D_Iso_Tile_Pack_Starter/Autotiles/Fence/Rule Tile using Guid(d558bb1729b39ea478e6ff104a7df586) Importer(815301076,1909f56bfc062723c751e8b465ee728b) (PreviewImporter) -> (artifact id: '25ac5fe2b2acb620472d3e6525fe2f30') in 0.0005804 seconds
Number of updated asset objects reloaded before import = 0Number of asset objects unloaded after import = 0

========================================================================
Received Import Request.
  Time since last request: 0.029344 seconds.
  path: Assets/GoldenSkullStudios/2D/2D_Iso_Tile_Pack_Starter/Autotiles/Fence/Rule Tile/ISO_Autotile_Fence_01_Short.asset
  artifactKey: Guid(08f828111bc54e9479463d3991eb58b6) Importer(815301076,1909f56bfc062723c751e8b465ee728b)
Start importing Assets/GoldenSkullStudios/2D/2D_Iso_Tile_Pack_Starter/Autotiles/Fence/Rule Tile/ISO_Autotile_Fence_01_Short.asset using Guid(08f828111bc54e9479463d3991eb58b6) Importer(815301076,1909f56bfc062723c751e8b465ee728b) (PreviewImporter) -> (artifact id: '7cfcce49c0ce1a8a53890cb7eb66afc4') in 0.1219637 seconds
Number of updated asset objects reloaded before import = 0Number of asset objects unloaded after import = 609

========================================================================
Received Import Request.
  Time since last request: 1.071423 seconds.
  path: Assets/GoldenSkullStudios/2D/2D_Iso_Tile_Pack_Starter/Autotiles/Fence/Sprites/ISO_Fence_01_M1.png
  artifactKey: Guid(92183ffa846379749a67155799808a97) Importer(815301076,1909f56bfc062723c751e8b465ee728b)
Start importing Assets/GoldenSkullStudios/2D/2D_Iso_Tile_Pack_Starter/Autotiles/Fence/Sprites/ISO_Fence_01_M1.png using Guid(92183ffa846379749a67155799808a97) Importer(815301076,1909f56bfc062723c751e8b465ee728b) (PreviewImporter) -> (artifact id: '34d73a02b466126cc037896ddcee7fe9') in 0.1502461 seconds
Number of updated asset objects reloaded before import = 0Number of asset objects unloaded after import = 609

========================================================================
Received Import Request.
  Time since last request: 0.000186 seconds.
  path: Assets/GoldenSkullStudios/2D/2D_Iso_Tile_Pack_Starter/Autotiles/Fence/Sprites/ISO_Fence_01_S1L_SE.png
  artifactKey: Guid(88ddd5d20781c7f4eb3e40b20b1ae64d) Importer(815301076,1909f56bfc062723c751e8b465ee728b)
Start importing Assets/GoldenSkullStudios/2D/2D_Iso_Tile_Pack_Starter/Autotiles/Fence/Sprites/ISO_Fence_01_S1L_SE.png using Guid(88ddd5d20781c7f4eb3e40b20b1ae64d) Importer(815301076,1909f56bfc062723c751e8b465ee728b) (PreviewImporter) -> (artifact id: 'ddaa44ed5ea546a26eecdfd45eebf485') in 0.1207401 seconds
Number of updated asset objects reloaded before import = 0Number of asset objects unloaded after import = 609

========================================================================
Received Import Request.
  Time since last request: 0.000037 seconds.
  path: Assets/GoldenSkullStudios/2D/2D_Iso_Tile_Pack_Starter/Autotiles/Fence/Sprites/ISO_Fence_01_C3-NW.png
  artifactKey: Guid(fc740c4a99d353f4d90d8f8255b50301) Importer(815301076,1909f56bfc062723c751e8b465ee728b)
Start importing Assets/GoldenSkullStudios/2D/2D_Iso_Tile_Pack_Starter/Autotiles/Fence/Sprites/ISO_Fence_01_C3-NW.png using Guid(fc740c4a99d353f4d90d8f8255b50301) Importer(815301076,1909f56bfc062723c751e8b465ee728b) (PreviewImporter) -> (artifact id: '513c8235b13c2988e17efb33328085a4') in 0.1156516 seconds
Number of updated asset objects reloaded before import = 0Number of asset objects unloaded after import = 609

========================================================================
Received Import Request.
  Time since last request: 0.000028 seconds.
  path: Assets/GoldenSkullStudios/2D/2D_Iso_Tile_Pack_Starter/Autotiles/Fence/Sprites/ISO_Fence_01_S1L-SW.png
  artifactKey: Guid(58674859ce78fa0468a29f4246da796d) Importer(815301076,1909f56bfc062723c751e8b465ee728b)
Start importing Assets/GoldenSkullStudios/2D/2D_Iso_Tile_Pack_Starter/Autotiles/Fence/Sprites/ISO_Fence_01_S1L-SW.png using Guid(58674859ce78fa0468a29f4246da796d) Importer(815301076,1909f56bfc062723c751e8b465ee728b) (PreviewImporter) -> (artifact id: '82432affd0b92e694352bf9cf3f750f6') in 0.1137828 seconds
Number of updated asset objects reloaded before import = 0Number of asset objects unloaded after import = 609

========================================================================
Received Import Request.
  Time since last request: 17.531085 seconds.
  path: Assets/GoldenSkullStudios/2D/2D_Iso_Tile_Pack_Starter/Autotiles/Fence/Sprites/ISO_Fence_01_S1-SW.png
  artifactKey: Guid(27805b57bfb6b5245b7a91e1c04d14ec) Importer(815301076,1909f56bfc062723c751e8b465ee728b)
Start importing Assets/GoldenSkullStudios/2D/2D_Iso_Tile_Pack_Starter/Autotiles/Fence/Sprites/ISO_Fence_01_S1-SW.png using Guid(27805b57bfb6b5245b7a91e1c04d14ec) Importer(815301076,1909f56bfc062723c751e8b465ee728b) (PreviewImporter) -> (artifact id: 'ec351a23a2fe764de08229539b209494') in 0.13019 seconds
Number of updated asset objects reloaded before import = 0Number of asset objects unloaded after import = 609

========================================================================
Received Import Request.
  Time since last request: 3.707900 seconds.
  path: Assets/GoldenSkullStudios/2D/2D_Iso_Tile_Pack_Starter/Autotiles/WaterBlock_Shores_Complex
  artifactKey: Guid(52e8f247a539c7e408f6f2d1150ae4ce) Importer(815301076,1909f56bfc062723c751e8b465ee728b)
Start importing Assets/GoldenSkullStudios/2D/2D_Iso_Tile_Pack_Starter/Autotiles/WaterBlock_Shores_Complex using Guid(52e8f247a539c7e408f6f2d1150ae4ce) Importer(815301076,1909f56bfc062723c751e8b465ee728b) (PreviewImporter) -> (artifact id: 'c6081dd67b6905baf73a15e516549582') in 0.0007222 seconds
Number of updated asset objects reloaded before import = 0Number of asset objects unloaded after import = 0

========================================================================
Received Import Request.
  Time since last request: 0.843444 seconds.
  path: Assets/GoldenSkullStudios/2D/2D_Iso_Tile_Pack_Starter/Autotiles/WaterBlock_Shores_Complex/RuleTile
  artifactKey: Guid(637b7e09c32c594468edafb0ef6cbfb1) Importer(815301076,1909f56bfc062723c751e8b465ee728b)
Start importing Assets/GoldenSkullStudios/2D/2D_Iso_Tile_Pack_Starter/Autotiles/WaterBlock_Shores_Complex/RuleTile using Guid(637b7e09c32c594468edafb0ef6cbfb1) Importer(815301076,1909f56bfc062723c751e8b465ee728b) (PreviewImporter) -> (artifact id: '0d232dc3c3cdf878ef9ff4a7d5295ed2') in 0.0004208 seconds
Number of updated asset objects reloaded before import = 0Number of asset objects unloaded after import = 0

========================================================================
Received Import Request.
  Time since last request: 0.074981 seconds.
  path: Assets/GoldenSkullStudios/2D/2D_Iso_Tile_Pack_Starter/Autotiles/WaterBlock_Shores_Complex/RuleTile/ISO_Autotile_Water_Shores_01_Complex.asset
  artifactKey: Guid(753c40826fadd234691818342dce9c63) Importer(815301076,1909f56bfc062723c751e8b465ee728b)
Start importing Assets/GoldenSkullStudios/2D/2D_Iso_Tile_Pack_Starter/Autotiles/WaterBlock_Shores_Complex/RuleTile/ISO_Autotile_Water_Shores_01_Complex.asset using Guid(753c40826fadd234691818342dce9c63) Importer(815301076,1909f56bfc062723c751e8b465ee728b) (PreviewImporter) -> (artifact id: 'a53412d3791f537264d8eec75020e8f9') in 0.1141551 seconds
Number of updated asset objects reloaded before import = 0Number of asset objects unloaded after import = 609

========================================================================
Received Import Request.
  Time since last request: 0.433479 seconds.
  path: Assets/GoldenSkullStudios/2D/2D_Iso_Tile_Pack_Starter/Autotiles/WaterBlock_Shores_Complex/Sprites/ISO_Tile_Water_Shore_4S_04.png
  artifactKey: Guid(df98375cf28175442a62efc212bb6c30) Importer(815301076,1909f56bfc062723c751e8b465ee728b)
Start importing Assets/GoldenSkullStudios/2D/2D_Iso_Tile_Pack_Starter/Autotiles/WaterBlock_Shores_Complex/Sprites/ISO_Tile_Water_Shore_4S_04.png using Guid(df98375cf28175442a62efc212bb6c30) Importer(815301076,1909f56bfc062723c751e8b465ee728b) (PreviewImporter) -> (artifact id: '53584cd562da6a7eca5983b8335aac0e') in 0.123378 seconds
Number of updated asset objects reloaded before import = 0Number of asset objects unloaded after import = 609

========================================================================
Received Import Request.
  Time since last request: 0.000023 seconds.
  path: Assets/GoldenSkullStudios/2D/2D_Iso_Tile_Pack_Starter/Autotiles/WaterBlock_Shores_Complex/Sprites/ISO_Tile_Water_Shore_1S2C_03.png
  artifactKey: Guid(dfb1e4351f8056744b7098006a566c1b) Importer(815301076,1909f56bfc062723c751e8b465ee728b)
Start importing Assets/GoldenSkullStudios/2D/2D_Iso_Tile_Pack_Starter/Autotiles/WaterBlock_Shores_Complex/Sprites/ISO_Tile_Water_Shore_1S2C_03.png using Guid(dfb1e4351f8056744b7098006a566c1b) Importer(815301076,1909f56bfc062723c751e8b465ee728b) (PreviewImporter) -> (artifact id: 'c9beb54564702b90bb1ec722b0911729') in 0.1119598 seconds
Number of updated asset objects reloaded before import = 0Number of asset objects unloaded after import = 609

========================================================================
Received Import Request.
  Time since last request: 0.000029 seconds.
  path: Assets/GoldenSkullStudios/2D/2D_Iso_Tile_Pack_Starter/Autotiles/WaterBlock_Shores_Complex/Sprites/ISO_Tile_Water_Shore_1S1C_04.png
  artifactKey: Guid(97c886086a0ed8242b80fa7972da3dcf) Importer(815301076,1909f56bfc062723c751e8b465ee728b)
Start importing Assets/GoldenSkullStudios/2D/2D_Iso_Tile_Pack_Starter/Autotiles/WaterBlock_Shores_Complex/Sprites/ISO_Tile_Water_Shore_1S1C_04.png using Guid(97c886086a0ed8242b80fa7972da3dcf) Importer(815301076,1909f56bfc062723c751e8b465ee728b) (PreviewImporter) -> (artifact id: '01ed85c621a517655b145ae637a71068') in 0.1136443 seconds
Number of updated asset objects reloaded before import = 0Number of asset objects unloaded after import = 609

========================================================================
Received Import Request.
  Time since last request: 0.000035 seconds.
  path: Assets/GoldenSkullStudios/2D/2D_Iso_Tile_Pack_Starter/Autotiles/WaterBlock_Shores_Complex/Sprites/ISO_Tile_Water_Shore_1S1C_06.png
  artifactKey: Guid(bd6de204c4ae3f0488ee0bb85b11f912) Importer(815301076,1909f56bfc062723c751e8b465ee728b)
Start importing Assets/GoldenSkullStudios/2D/2D_Iso_Tile_Pack_Starter/Autotiles/WaterBlock_Shores_Complex/Sprites/ISO_Tile_Water_Shore_1S1C_06.png using Guid(bd6de204c4ae3f0488ee0bb85b11f912) Importer(815301076,1909f56bfc062723c751e8b465ee728b) (PreviewImporter) -> (artifact id: '0d0b7c8eb7e053bac0d6181894ed64b6') in 0.113055 seconds
Number of updated asset objects reloaded before import = 0Number of asset objects unloaded after import = 609

========================================================================
Received Import Request.
  Time since last request: 0.000025 seconds.
  path: Assets/GoldenSkullStudios/2D/2D_Iso_Tile_Pack_Starter/Autotiles/WaterBlock_Shores_Complex/Sprites/ISO_Tile_Water_Shore_1S1C_02.png
  artifactKey: Guid(7de66a47d8bcc884a82b6d182079c79b) Importer(815301076,1909f56bfc062723c751e8b465ee728b)
Start importing Assets/GoldenSkullStudios/2D/2D_Iso_Tile_Pack_Starter/Autotiles/WaterBlock_Shores_Complex/Sprites/ISO_Tile_Water_Shore_1S1C_02.png using Guid(7de66a47d8bcc884a82b6d182079c79b) Importer(815301076,1909f56bfc062723c751e8b465ee728b) (PreviewImporter) -> (artifact id: 'c882413f280ffe98c0aee8974f86f9ff') in 0.106445 seconds
Number of updated asset objects reloaded before import = 0Number of asset objects unloaded after import = 609

========================================================================
Received Import Request.
  Time since last request: 0.000039 seconds.
  path: Assets/GoldenSkullStudios/2D/2D_Iso_Tile_Pack_Starter/Autotiles/WaterBlock_Shores_Complex/Sprites/ISO_Tile_Water_Shore_2S1C_01.png
  artifactKey: Guid(855224f8adc381349afce48def47264a) Importer(815301076,1909f56bfc062723c751e8b465ee728b)
Start importing Assets/GoldenSkullStudios/2D/2D_Iso_Tile_Pack_Starter/Autotiles/WaterBlock_Shores_Complex/Sprites/ISO_Tile_Water_Shore_2S1C_01.png using Guid(855224f8adc381349afce48def47264a) Importer(815301076,1909f56bfc062723c751e8b465ee728b) (PreviewImporter) -> (artifact id: '3baab74df91f263bbde28c85956c25ca') in 0.114585 seconds
Number of updated asset objects reloaded before import = 0Number of asset objects unloaded after import = 609

========================================================================
Received Import Request.
  Time since last request: 0.000035 seconds.
  path: Assets/GoldenSkullStudios/2D/2D_Iso_Tile_Pack_Starter/Autotiles/WaterBlock_Shores_Complex/Sprites/ISO_Tile_Water_Shore_3C_02.png
  artifactKey: Guid(99d815be86dbfa44ca14090e4f45536f) Importer(815301076,1909f56bfc062723c751e8b465ee728b)
Start importing Assets/GoldenSkullStudios/2D/2D_Iso_Tile_Pack_Starter/Autotiles/WaterBlock_Shores_Complex/Sprites/ISO_Tile_Water_Shore_3C_02.png using Guid(99d815be86dbfa44ca14090e4f45536f) Importer(815301076,1909f56bfc062723c751e8b465ee728b) (PreviewImporter) -> (artifact id: '00906796cf6675e4d356538eb7b3cfcb') in 0.106543 seconds
Number of updated asset objects reloaded before import = 0Number of asset objects unloaded after import = 609

========================================================================
Received Import Request.
  Time since last request: 0.000160 seconds.
  path: Assets/GoldenSkullStudios/2D/2D_Iso_Tile_Pack_Starter/Autotiles/WaterBlock_Shores_Complex/Sprites/ISO_Tile_Water_Shore_1S1C_03.png
  artifactKey: Guid(79963d9c08bf0974e92fdee43781f843) Importer(815301076,1909f56bfc062723c751e8b465ee728b)
Start importing Assets/GoldenSkullStudios/2D/2D_Iso_Tile_Pack_Starter/Autotiles/WaterBlock_Shores_Complex/Sprites/ISO_Tile_Water_Shore_1S1C_03.png using Guid(79963d9c08bf0974e92fdee43781f843) Importer(815301076,1909f56bfc062723c751e8b465ee728b) (PreviewImporter) -> (artifact id: '50872a92df1bd86cc1b9607977cde9a2') in 0.1204688 seconds
Number of updated asset objects reloaded before import = 0Number of asset objects unloaded after import = 609

========================================================================
Received Import Request.
  Time since last request: 0.000030 seconds.
  path: Assets/GoldenSkullStudios/2D/2D_Iso_Tile_Pack_Starter/Autotiles/WaterBlock_Shores_Complex/Sprites/ISO_Tile_Water_01.png
  artifactKey: Guid(514f128270f718a42aadddbf91c44ba6) Importer(815301076,1909f56bfc062723c751e8b465ee728b)
Start importing Assets/GoldenSkullStudios/2D/2D_Iso_Tile_Pack_Starter/Autotiles/WaterBlock_Shores_Complex/Sprites/ISO_Tile_Water_01.png using Guid(514f128270f718a42aadddbf91c44ba6) Importer(815301076,1909f56bfc062723c751e8b465ee728b) (PreviewImporter) -> (artifact id: '3385021a9815b2e833ae67cc88b1e811') in 0.1081623 seconds
Number of updated asset objects reloaded before import = 0Number of asset objects unloaded after import = 609

========================================================================
Received Import Request.
  Time since last request: 0.000037 seconds.
  path: Assets/GoldenSkullStudios/2D/2D_Iso_Tile_Pack_Starter/Autotiles/WaterBlock_Shores_Complex/Sprites/ISO_Tile_Water_Shore_2C_04.png
  artifactKey: Guid(a543832c93423e34ea1187e15a6cd62d) Importer(815301076,1909f56bfc062723c751e8b465ee728b)
Start importing Assets/GoldenSkullStudios/2D/2D_Iso_Tile_Pack_Starter/Autotiles/WaterBlock_Shores_Complex/Sprites/ISO_Tile_Water_Shore_2C_04.png using Guid(a543832c93423e34ea1187e15a6cd62d) Importer(815301076,1909f56bfc062723c751e8b465ee728b) (PreviewImporter) -> (artifact id: '9e7a5607498031760fad0dcda791d760') in 0.1142646 seconds
Number of updated asset objects reloaded before import = 0Number of asset objects unloaded after import = 609

========================================================================
Received Import Request.
  Time since last request: 0.000023 seconds.
  path: Assets/GoldenSkullStudios/2D/2D_Iso_Tile_Pack_Starter/Autotiles/WaterBlock_Shores_Complex/Sprites/ISO_Tile_Water_Shore_4C_01.png
  artifactKey: Guid(3b3b6aa420662d846b9522b3b8c58d60) Importer(815301076,1909f56bfc062723c751e8b465ee728b)
Start importing Assets/GoldenSkullStudios/2D/2D_Iso_Tile_Pack_Starter/Autotiles/WaterBlock_Shores_Complex/Sprites/ISO_Tile_Water_Shore_4C_01.png using Guid(3b3b6aa420662d846b9522b3b8c58d60) Importer(815301076,1909f56bfc062723c751e8b465ee728b) (PreviewImporter) -> (artifact id: '9313bf1c7f11197cb49722c2cc70a7a6') in 0.1042265 seconds
Number of updated asset objects reloaded before import = 0Number of asset objects unloaded after import = 609

========================================================================
Received Import Request.
  Time since last request: 14.020384 seconds.
  path: Assets/GoldenSkullStudios/2D/2D_Iso_Tile_Pack_Starter/Autotiles/WaterBlock_Shores_Simple
  artifactKey: Guid(536a7e2d78428a344bb49a67e7aab61b) Importer(815301076,1909f56bfc062723c751e8b465ee728b)
Start importing Assets/GoldenSkullStudios/2D/2D_Iso_Tile_Pack_Starter/Autotiles/WaterBlock_Shores_Simple using Guid(536a7e2d78428a344bb49a67e7aab61b) Importer(815301076,1909f56bfc062723c751e8b465ee728b) (PreviewImporter) -> (artifact id: 'bb54e9120719dbdd529e02c9da0a75b8') in 0.0007156 seconds
Number of updated asset objects reloaded before import = 0Number of asset objects unloaded after import = 0

========================================================================
Received Import Request.
  Time since last request: 1.084720 seconds.
  path: Assets/GoldenSkullStudios/2D/2D_Iso_Tile_Pack_Starter/Autotiles/WaterBlock_Shores_Simple/Sprites
  artifactKey: Guid(29f56bd489457434780b22dd16ba28c0) Importer(815301076,1909f56bfc062723c751e8b465ee728b)
Start importing Assets/GoldenSkullStudios/2D/2D_Iso_Tile_Pack_Starter/Autotiles/WaterBlock_Shores_Simple/Sprites using Guid(29f56bd489457434780b22dd16ba28c0) Importer(815301076,1909f56bfc062723c751e8b465ee728b) (PreviewImporter) -> (artifact id: '52e454a2fc1f9793baac0c64d6e72dc1') in 0.0004227 seconds
Number of updated asset objects reloaded before import = 0Number of asset objects unloaded after import = 0

========================================================================
Received Import Request.
  Time since last request: 0.063852 seconds.
  path: Assets/GoldenSkullStudios/2D/2D_Iso_Tile_Pack_Starter/Autotiles/WaterBlock_Shores_Simple/Sprites/ISO_Tile_Water_01.png
  artifactKey: Guid(9ec9745b7c0d583438238366d740427c) Importer(815301076,1909f56bfc062723c751e8b465ee728b)
Start importing Assets/GoldenSkullStudios/2D/2D_Iso_Tile_Pack_Starter/Autotiles/WaterBlock_Shores_Simple/Sprites/ISO_Tile_Water_01.png using Guid(9ec9745b7c0d583438238366d740427c) Importer(815301076,1909f56bfc062723c751e8b465ee728b) (PreviewImporter) -> (artifact id: '0eed653b6fbc3f879166bdb5d485d459') in 0.1229831 seconds
Number of updated asset objects reloaded before import = 0Number of asset objects unloaded after import = 609

========================================================================
Received Import Request.
  Time since last request: 0.000032 seconds.
  path: Assets/GoldenSkullStudios/2D/2D_Iso_Tile_Pack_Starter/Autotiles/WaterBlock_Shores_Simple/Sprites/ISO_Tile_Water_Shore_2S_02.png
  artifactKey: Guid(e37a01976df8ed344b14148af1dec545) Importer(815301076,1909f56bfc062723c751e8b465ee728b)
Start importing Assets/GoldenSkullStudios/2D/2D_Iso_Tile_Pack_Starter/Autotiles/WaterBlock_Shores_Simple/Sprites/ISO_Tile_Water_Shore_2S_02.png using Guid(e37a01976df8ed344b14148af1dec545) Importer(815301076,1909f56bfc062723c751e8b465ee728b) (PreviewImporter) -> (artifact id: '609b693d1d9291d9739c3f820879d2b3') in 0.1256251 seconds
Number of updated asset objects reloaded before import = 0Number of asset objects unloaded after import = 609

========================================================================
Received Import Request.
  Time since last request: 0.000079 seconds.
  path: Assets/GoldenSkullStudios/2D/2D_Iso_Tile_Pack_Starter/Autotiles/WaterBlock_Shores_Simple/Sprites/ISO_Tile_Water_Shore_2S_03.png
  artifactKey: Guid(f523ff05c4f70354086e177fec66e244) Importer(815301076,1909f56bfc062723c751e8b465ee728b)
Start importing Assets/GoldenSkullStudios/2D/2D_Iso_Tile_Pack_Starter/Autotiles/WaterBlock_Shores_Simple/Sprites/ISO_Tile_Water_Shore_2S_03.png using Guid(f523ff05c4f70354086e177fec66e244) Importer(815301076,1909f56bfc062723c751e8b465ee728b) (PreviewImporter) -> (artifact id: '47d402f6187760267a587b2b6d84cef5') in 0.109602 seconds
Number of updated asset objects reloaded before import = 0Number of asset objects unloaded after import = 609

========================================================================
Received Import Request.
  Time since last request: 2.318706 seconds.
  path: Assets/GoldenSkullStudios/2D/2D_Iso_Tile_Pack_Starter/Autotiles/WaterBlock_Shores_Complex/Sprites
  artifactKey: Guid(e45c92378645faf4599a3a6c0e7a5225) Importer(815301076,1909f56bfc062723c751e8b465ee728b)
Start importing Assets/GoldenSkullStudios/2D/2D_Iso_Tile_Pack_Starter/Autotiles/WaterBlock_Shores_Complex/Sprites using Guid(e45c92378645faf4599a3a6c0e7a5225) Importer(815301076,1909f56bfc062723c751e8b465ee728b) (PreviewImporter) -> (artifact id: '455b952b883086c13c2f9689c5be11f7') in 0.0007694 seconds
Number of updated asset objects reloaded before import = 0Number of asset objects unloaded after import = 0

========================================================================
Received Prepare
Begin MonoManager ReloadAssembly
- Loaded All Assemblies, in  0.759 seconds
Refreshing native plugins compatible for Editor in 1.40 ms, found 4 plugins.
Native extension for WindowsStandalone target not found
Mono: successfully reloaded assembly
- Finished resetting the current domain, in  0.947 seconds
Domain Reload Profiling: 1709ms
	BeginReloadAssembly (231ms)
		ExecutionOrderSort (0ms)
		DisableScriptedObjects (30ms)
		BackupInstance (0ms)
		ReleaseScriptingObjects (0ms)
		CreateAndSetChildDomain (55ms)
	RebuildCommonClasses (27ms)
	RebuildNativeTypeToScriptingClass (12ms)
	initialDomainReloadingComplete (22ms)
	LoadAllAssembliesAndSetupDomain (469ms)
		LoadAssemblies (374ms)
		RebuildTransferFunctionScriptingTraits (0ms)
		AnalyzeDomain (200ms)
			TypeCache.Refresh (7ms)
				TypeCache.ScanAssembly (0ms)
			BuildScriptInfoCaches (180ms)
			ResolveRequiredComponents (9ms)
	FinalizeReload (948ms)
		ReleaseScriptCaches (0ms)
		RebuildScriptCaches (0ms)
		SetupLoadedEditorAssemblies (747ms)
			LogAssemblyErrors (0ms)
			InitializePlatformSupportModulesInManaged (2ms)
			SetLoadedEditorAssemblies (7ms)
			BeforeProcessingInitializeOnLoad (184ms)
			ProcessInitializeOnLoadAttributes (486ms)
			ProcessInitializeOnLoadMethodAttributes (66ms)
			AfterProcessingInitializeOnLoad (2ms)
			EditorAssembliesLoaded (0ms)
		ExecutionOrderSort2 (0ms)
		AwakeInstancesAfterBackupRestoration (12ms)
Refreshing native plugins compatible for Editor in 1.29 ms, found 4 plugins.
Preloading 0 native plugins for Editor in 0.00 ms.
Unloading 13 Unused Serialized files (Serialized files now loaded: 0)
Unloading 6705 unused Assets / (4.2 MB). Loaded Objects now: 7459.
Memory consumption went from 164.3 MB to 160.2 MB.
Total: 5.699500 ms (FindLiveObjects: 0.457500 ms CreateObjectMapping: 0.310400 ms MarkObjects: 3.510400 ms  DeleteObjects: 1.420100 ms)

Prepare: number of updated asset objects reloaded= 0
========================================================================
Received Prepare
Begin MonoManager ReloadAssembly
- Loaded All Assemblies, in  0.833 seconds
Refreshing native plugins compatible for Editor in 1.20 ms, found 4 plugins.
Native extension for WindowsStandalone target not found
Mono: successfully reloaded assembly
- Finished resetting the current domain, in  0.945 seconds
Domain Reload Profiling: 1779ms
	BeginReloadAssembly (234ms)
		ExecutionOrderSort (0ms)
		DisableScriptedObjects (19ms)
		BackupInstance (0ms)
		ReleaseScriptingObjects (0ms)
		CreateAndSetChildDomain (52ms)
	RebuildCommonClasses (41ms)
	RebuildNativeTypeToScriptingClass (17ms)
	initialDomainReloadingComplete (33ms)
	LoadAllAssembliesAndSetupDomain (509ms)
		LoadAssemblies (425ms)
		RebuildTransferFunctionScriptingTraits (0ms)
		AnalyzeDomain (201ms)
			TypeCache.Refresh (6ms)
				TypeCache.ScanAssembly (0ms)
			BuildScriptInfoCaches (183ms)
			ResolveRequiredComponents (9ms)
	FinalizeReload (945ms)
		ReleaseScriptCaches (0ms)
		RebuildScriptCaches (0ms)
		SetupLoadedEditorAssemblies (772ms)
			LogAssemblyErrors (0ms)
			InitializePlatformSupportModulesInManaged (2ms)
			SetLoadedEditorAssemblies (6ms)
			BeforeProcessingInitializeOnLoad (170ms)
			ProcessInitializeOnLoadAttributes (532ms)
			ProcessInitializeOnLoadMethodAttributes (59ms)
			AfterProcessingInitializeOnLoad (2ms)
			EditorAssembliesLoaded (0ms)
		ExecutionOrderSort2 (0ms)
		AwakeInstancesAfterBackupRestoration (16ms)
Refreshing native plugins compatible for Editor in 2.24 ms, found 4 plugins.
Preloading 0 native plugins for Editor in 0.00 ms.
Unloading 13 Unused Serialized files (Serialized files now loaded: 0)
Unloading 6703 unused Assets / (3.9 MB). Loaded Objects now: 7461.
Memory consumption went from 166.1 MB to 162.1 MB.
Total: 6.616900 ms (FindLiveObjects: 0.428300 ms CreateObjectMapping: 0.281200 ms MarkObjects: 4.455100 ms  DeleteObjects: 1.451100 ms)

Prepare: number of updated asset objects reloaded= 0
========================================================================
Received Import Request.
  Time since last request: 927.500692 seconds.
  path: ProjectSettings/TagManager.asset
  artifactKey: Guid(00000000000000003000000000000000) Importer(815301076,1909f56bfc062723c751e8b465ee728b)
Start importing ProjectSettings/TagManager.asset using Guid(00000000000000003000000000000000) Importer(815301076,1909f56bfc062723c751e8b465ee728b) (PreviewImporter) -> (artifact id: '49c596a1d277edb8f34976a211aec620') in 0.0281972 seconds
Number of updated asset objects reloaded before import = 0Number of asset objects unloaded after import = 0

========================================================================
Received Import Request.
  Time since last request: 15.745266 seconds.
  path: Assets/Assets/Prefabs/VaporeonPj.prefab
  artifactKey: Guid(8deff32ba989f9341b553a8b31b3bb10) Importer(815301076,1909f56bfc062723c751e8b465ee728b)
Start importing Assets/Assets/Prefabs/VaporeonPj.prefab using Guid(8deff32ba989f9341b553a8b31b3bb10) Importer(815301076,1909f56bfc062723c751e8b465ee728b) (PreviewImporter) -> (artifact id: '3745b4f6cff7b62e122ffd1f4079f326') in 0.3749925 seconds
Number of updated asset objects reloaded before import = 0Number of asset objects unloaded after import = 8

========================================================================
Received Import Request.
  Time since last request: 11.103468 seconds.
  path: Assets/Assets/Prefab HUD/AttackButton.prefab
  artifactKey: Guid(4764d06942a283e45a456b077b24b038) Importer(815301076,1909f56bfc062723c751e8b465ee728b)
Start importing Assets/Assets/Prefab HUD/AttackButton.prefab using Guid(4764d06942a283e45a456b077b24b038) Importer(815301076,1909f56bfc062723c751e8b465ee728b) (PreviewImporter) -> (artifact id: '616423a3f57bd4219c52b0bd7215fe1d') in 0.0106311 seconds
Number of updated asset objects reloaded before import = 0Number of asset objects unloaded after import = 12

========================================================================
Received Import Request.
  Time since last request: 0.000021 seconds.
  path: Assets/Assets/Prefab HUD/BtnVaporeon5.prefab
  artifactKey: Guid(c4607300d3698a745a3bcd57393c1d67) Importer(815301076,1909f56bfc062723c751e8b465ee728b)
Start importing Assets/Assets/Prefab HUD/BtnVaporeon5.prefab using Guid(c4607300d3698a745a3bcd57393c1d67) Importer(815301076,1909f56bfc062723c751e8b465ee728b) (PreviewImporter) -> (artifact id: '17487faba160d77b04ca55772cc5a8b8') in 0.0285536 seconds
Number of updated asset objects reloaded before import = 0Number of asset objects unloaded after import = 26

========================================================================
Received Import Request.
  Time since last request: 0.000020 seconds.
  path: Assets/Assets/Prefab HUD/Leafeon(Logic).prefab
  artifactKey: Guid(9df41214e1bc5384fb64c04be13486f9) Importer(815301076,1909f56bfc062723c751e8b465ee728b)
Start importing Assets/Assets/Prefab HUD/Leafeon(Logic).prefab using Guid(9df41214e1bc5384fb64c04be13486f9) Importer(815301076,1909f56bfc062723c751e8b465ee728b) (PreviewImporter) -> (artifact id: 'd07a83888ff5c7bb04dce79c4040ed7a') in 0.0430699 seconds
Number of updated asset objects reloaded before import = 0Number of asset objects unloaded after import = 81

========================================================================
Received Import Request.
  Time since last request: 0.000034 seconds.
  path: Assets/Assets/Prefab HUD/BtnVaporeon4.prefab
  artifactKey: Guid(a8c3cb91566a43541a6e11ab4d8f69da) Importer(815301076,1909f56bfc062723c751e8b465ee728b)
Start importing Assets/Assets/Prefab HUD/BtnVaporeon4.prefab using Guid(a8c3cb91566a43541a6e11ab4d8f69da) Importer(815301076,1909f56bfc062723c751e8b465ee728b) (PreviewImporter) -> (artifact id: '267fa064a2d1dd47b5790031bd51ad42') in 0.0141737 seconds
Number of updated asset objects reloaded before import = 0Number of asset objects unloaded after import = 24

========================================================================
Received Import Request.
  Time since last request: 0.000033 seconds.
  path: Assets/Assets/Prefab HUD/PanelAcciones.prefab
  artifactKey: Guid(0c0597421a7efba44aaf4d96ce2f6d69) Importer(815301076,1909f56bfc062723c751e8b465ee728b)
Start importing Assets/Assets/Prefab HUD/PanelAcciones.prefab using Guid(0c0597421a7efba44aaf4d96ce2f6d69) Importer(815301076,1909f56bfc062723c751e8b465ee728b) (PreviewImporter) -> (artifact id: '5a56cca2d96167982eabfe286715d673') in 0.0145316 seconds
Number of updated asset objects reloaded before import = 0Number of asset objects unloaded after import = 50

========================================================================
Received Import Request.
  Time since last request: 0.000021 seconds.
  path: Assets/Assets/Prefab HUD/BtnVaporeon3.prefab
  artifactKey: Guid(09869f941265275418709f694304ef5b) Importer(815301076,1909f56bfc062723c751e8b465ee728b)
Start importing Assets/Assets/Prefab HUD/BtnVaporeon3.prefab using Guid(09869f941265275418709f694304ef5b) Importer(815301076,1909f56bfc062723c751e8b465ee728b) (PreviewImporter) -> (artifact id: '2dd83547181b043b52a1d8b721f0f55f') in 0.0123617 seconds
Number of updated asset objects reloaded before import = 0Number of asset objects unloaded after import = 24

========================================================================
Received Import Request.
  Time since last request: 0.000029 seconds.
  path: Assets/Assets/Prefab HUD/Gabite(Logic).prefab
  artifactKey: Guid(43408e56d1d7f1c49a6eeb9e37ebbd34) Importer(815301076,1909f56bfc062723c751e8b465ee728b)
Start importing Assets/Assets/Prefab HUD/Gabite(Logic).prefab using Guid(43408e56d1d7f1c49a6eeb9e37ebbd34) Importer(815301076,1909f56bfc062723c751e8b465ee728b) (PreviewImporter) -> (artifact id: 'd138c9ccb2899de6093d83130cb498e4') in 0.0195634 seconds
Number of updated asset objects reloaded before import = 0Number of asset objects unloaded after import = 81

========================================================================
Received Import Request.
  Time since last request: 0.000020 seconds.
  path: Assets/Assets/Prefab HUD/Umbreon(Logic).prefab
  artifactKey: Guid(73caab547570228458098bcb448b2132) Importer(815301076,1909f56bfc062723c751e8b465ee728b)
Start importing Assets/Assets/Prefab HUD/Umbreon(Logic).prefab using Guid(73caab547570228458098bcb448b2132) Importer(815301076,1909f56bfc062723c751e8b465ee728b) (PreviewImporter) -> (artifact id: '9a4b208c8789c8cc3cd0e37a4a14c936') in 0.0266604 seconds
Number of updated asset objects reloaded before import = 0Number of asset objects unloaded after import = 81

========================================================================
Received Import Request.
  Time since last request: 0.000019 seconds.
  path: Assets/Assets/Prefab HUD/HUDSecundaria (1).prefab
  artifactKey: Guid(1d92465f4b2402a4e9a74477d677ba05) Importer(815301076,1909f56bfc062723c751e8b465ee728b)
Start importing Assets/Assets/Prefab HUD/HUDSecundaria (1).prefab using Guid(1d92465f4b2402a4e9a74477d677ba05) Importer(815301076,1909f56bfc062723c751e8b465ee728b) (PreviewImporter) -> (artifact id: '5e61471a5f3937d2e3b56956328a7a6b') in 0.0023326 seconds
Number of updated asset objects reloaded before import = 0Number of asset objects unloaded after import = 70

========================================================================
Received Import Request.
  Time since last request: 0.000023 seconds.
  path: Assets/Assets/Prefab HUD/Panel Batalla.prefab
  artifactKey: Guid(ba7f4ff0dbdc0a24ab8d93abc4662e12) Importer(815301076,1909f56bfc062723c751e8b465ee728b)
Start importing Assets/Assets/Prefab HUD/Panel Batalla.prefab using Guid(ba7f4ff0dbdc0a24ab8d93abc4662e12) Importer(815301076,1909f56bfc062723c751e8b465ee728b) (PreviewImporter) -> (artifact id: '6e39b6c14b1d758c39784e8b086ed810') in 0.0024366 seconds
Number of updated asset objects reloaded before import = 0Number of asset objects unloaded after import = 15

Editor requested this worker to shutdown with reason: Scaling down because of idle timeout
AssetImportWorker is now disconnected from the server
Process exiting
Exiting without the bug reporter. Application will terminate with return code 0